[0;32mInfo: Loading facts[0m
[0;32mInfo: Loading facts[0m
[0;32mInfo: Loading facts[0m
[0;32mInfo: Loading facts[0m
[0;32mInfo: Loading facts[0m
[0;32mInfo: Loading facts[0m
[0;32mInfo: Loading facts[0m
[0;32mInfo: Loading facts[0m
[0;32mInfo: Loading facts[0m
[0;32mInfo: Loading facts[0m
[0;32mInfo: Loading facts[0m
[0;32mInfo: Loading facts[0m
[0;32mInfo: Loading facts[0m
[0;32mInfo: Loading facts[0m
[0;32mInfo: Loading facts[0m
[0;32mInfo: Loading facts[0m
[0;32mInfo: Loading facts[0m
[0;32mInfo: Loading facts[0m
[0;32mInfo: Loading facts[0m
[0;32mInfo: Loading facts[0m
[0;32mInfo: Loading facts[0m
[0;32mInfo: Loading facts[0m
[0;32mInfo: Loading facts[0m
[0;32mInfo: Loading facts[0m
[0;32mInfo: Loading facts[0m
[0;32mInfo: Loading facts[0m
[0;32mInfo: Loading facts[0m
[0;32mInfo: Loading facts[0m
[0;32mInfo: Loading facts[0m
[0;32mInfo: Loading facts[0m
[0;32mInfo: Loading facts[0m
[0;32mInfo: Loading facts[0m
[0;32mInfo: Loading facts[0m
[0;32mInfo: Loading facts[0m
[0;32mInfo: Loading facts[0m
[0;32mInfo: Loading facts[0m
[0;32mInfo: Loading facts[0m
[0;32mInfo: Loading facts[0m
[0;32mInfo: Loading facts[0m
[0;32mInfo: Loading facts[0m
[0;32mInfo: Loading facts[0m
[0;32mInfo: Loading facts[0m
[0;32mInfo: Loading facts[0m
[0;32mInfo: Loading facts[0m
[0;32mInfo: Loading facts[0m
[0;32mInfo: Loading facts[0m
[0;32mInfo: Loading facts[0m
[0;32mInfo: Loading facts[0m
[1;33mWarning: /etc/puppet/hiera.yaml: Use of 'hiera.yaml' version 3 is deprecated. It should be converted to version 5
   (file: /etc/puppet/hiera.yaml)[0m
[1;33mWarning: Undefined variable '::deploy_config_name'; \n   (file & line not available)[0m
[1;33mWarning: ModuleLoader: module 'neutron' has unresolved dependencies - it will only see those that are resolved. Use 'puppet module list --tree' to see information about modules\n   (file & line not available)[0m
[1;33mWarning: ModuleLoader: module 'openstacklib' has unresolved dependencies - it will only see those that are resolved. Use 'puppet module list --tree' to see information about modules\n   (file & line not available)[0m
[mNotice: Compiled catalog for undercloud-0.redhat.local in environment production in 0.63 seconds[0m
[0;32mInfo: Applying configuration version '1583291677'[0m
[0;32mInfo: Creating state file /var/lib/puppet/state/state.yaml[0m
[mNotice: Applied catalog in 0.15 seconds[0m
