Created symlink /etc/systemd/system/systemd-logind.service -> /dev/null.
Created symlink /etc/systemd/system/getty.target -> /dev/null.
Created symlink /etc/systemd/system/console-getty.service -> /dev/null.
Created symlink /etc/systemd/system/sys-fs-fuse-connections.mount -> /dev/null.
Created symlink /etc/systemd/system/systemd-remount-fs.service -> /dev/null.
Created symlink /etc/systemd/system/dev-hugepages.mount -> /dev/null.
removed '/var/lib/dnf/history.sqlite-wal'
removed '/var/lib/dnf/history.sqlite-shm'
removed '/var/lib/dnf/history.sqlite'
removed directory '/var/lib/dnf/modulefailsafe'
removed directory '/var/lib/dnf'
removed directory '/var/cache/dnf'
removed '/var/cache/ldconfig/aux-cache'
removed directory '/var/cache/ldconfig'
removed directory '/var/cache/private'
removed '/var/log/README'
removed '/var/log/btmp'
removed '/var/log/lastlog'
removed directory '/var/log/private'
removed directory '/var/log/rhsm'
removed '/var/log/wtmp'
removed '/tmp/ks-script-83rvc1os'
removed '/tmp/ks-script-8vzpj1o9'
