+ podman top swift_copy_rings user pid ppid pcpu vsz tty state time etime args
Error: top can only be used on running containers
+ podman exec --user root swift_copy_rings top -bwn1
Error: cannot exec into container that is not running: container state improper
+ podman inspect swift_copy_rings
[
    {
        "Id": "601a3cd5ba7446249fe4bd27a66f3656c505674b0812cd1eed13b0f5105cdb25",
        "Created": "2020-03-04T03:14:48.299668728Z",
        "Path": "dumb-init",
        "Args": [
            "--single-child",
            "--",
            "/bin/bash",
            "-c",
            "cp -v -dR --preserve -t /etc/swift /swift_ringbuilder/etc/swift/*.gz /swift_ringbuilder/etc/swift/*.builder /swift_ringbuilder/etc/swift/backups"
        ],
        "State": {
            "OciVersion": "1.0.1-dev",
            "Status": "exited",
            "Running": false,
            "Paused": false,
            "Restarting": false,
            "OOMKilled": false,
            "Dead": false,
            "Pid": 0,
            "ExitCode": 0,
            "Error": "",
            "StartedAt": "2020-03-04T03:14:48.647217576Z",
            "FinishedAt": "2020-03-04T03:14:48.668744771Z",
            "Healthcheck": {
                "Status": "",
                "FailingStreak": 0,
                "Log": null
            }
        },
        "Image": "70fa70339d02a96f92aab153b3ef88e9be20b6013e0af1798f73c40a6e134e0b",
        "ImageName": "undercloud-0.ctlplane.redhat.local:8787/rh-osbs/rhosp16-openstack-swift-proxy-server:20200226.1",
        "Rootfs": "",
        "Pod": "",
        "ResolvConfPath": "",
        "HostnamePath": "/var/run/containers/storage/overlay-containers/601a3cd5ba7446249fe4bd27a66f3656c505674b0812cd1eed13b0f5105cdb25/userdata/hostname",
        "HostsPath": "",
        "StaticDir": "/var/lib/containers/storage/overlay-containers/601a3cd5ba7446249fe4bd27a66f3656c505674b0812cd1eed13b0f5105cdb25/userdata",
        "OCIConfigPath": "/var/lib/containers/storage/overlay-containers/601a3cd5ba7446249fe4bd27a66f3656c505674b0812cd1eed13b0f5105cdb25/userdata/config.json",
        "OCIRuntime": "runc",
        "LogPath": "/var/log/containers/stdouts/swift_copy_rings.log",
        "ConmonPidFile": "/var/run/swift_copy_rings.pid",
        "Name": "swift_copy_rings",
        "RestartCount": 0,
        "Driver": "overlay",
        "MountLabel": "system_u:object_r:container_file_t:s0:c331,c784",
        "ProcessLabel": "system_u:system_r:container_t:s0:c331,c784",
        "AppArmorProfile": "",
        "EffectiveCaps": [
            "CAP_CHOWN",
            "CAP_DAC_OVERRIDE",
            "CAP_FSETID",
            "CAP_FOWNER",
            "CAP_MKNOD",
            "CAP_NET_RAW",
            "CAP_SETGID",
            "CAP_SETUID",
            "CAP_SETFCAP",
            "CAP_SETPCAP",
            "CAP_NET_BIND_SERVICE",
            "CAP_SYS_CHROOT",
            "CAP_KILL",
            "CAP_AUDIT_WRITE"
        ],
        "BoundingCaps": [
            "CAP_CHOWN",
            "CAP_DAC_OVERRIDE",
            "CAP_FSETID",
            "CAP_FOWNER",
            "CAP_MKNOD",
            "CAP_NET_RAW",
            "CAP_SETGID",
            "CAP_SETUID",
            "CAP_SETFCAP",
            "CAP_SETPCAP",
            "CAP_NET_BIND_SERVICE",
            "CAP_SYS_CHROOT",
            "CAP_KILL",
            "CAP_AUDIT_WRITE"
        ],
        "ExecIDs": [],
        "GraphDriver": {
            "Name": "overlay",
            "Data": {
                "LowerDir": "/var/lib/containers/storage/overlay/5eaba11619c22410d13ed0e98686e152732e0e5f6df9c9f51c8b50c329792fa0/diff:/var/lib/containers/storage/overlay/f303adafbd91cbd440389588cb2a9b35de8fb7b195299fec3e0026aa22a38df0/diff:/var/lib/containers/storage/overlay/39231f0c35ac6b5018875a08df285edbceeeb29ab1a6185f125c5bd1d90be658/diff:/var/lib/containers/storage/overlay/9ffebe361fec105693dc398ba724d0faa201282b8a1e9a3e6383cac48256e775/diff:/var/lib/containers/storage/overlay/f659bfaf2e3b922dcc39bb7e9011ea80508c21349fabb8d1ce2ea20525be349b/diff:/var/lib/containers/storage/overlay/1295eae54c9d95bd8e2c7f83df2a90ac3923d89ec44231fd49f31e7a934f9656/diff",
                "UpperDir": "/var/lib/containers/storage/overlay/7f8706a9c24102745e31bb3eb845faf5c00b5c59e4bf5e3ca79f42a0387ce0f0/diff",
                "WorkDir": "/var/lib/containers/storage/overlay/7f8706a9c24102745e31bb3eb845faf5c00b5c59e4bf5e3ca79f42a0387ce0f0/work"
            }
        },
        "Mounts": [
            {
                "Type": "bind",
                "Name": "",
                "Source": "/var/lib/config-data/swift_ringbuilder",
                "Destination": "/swift_ringbuilder",
                "Driver": "",
                "Mode": "",
                "Options": [
                    "rbind"
                ],
                "RW": false,
                "Propagation": "rprivate"
            },
            {
                "Type": "bind",
                "Name": "",
                "Source": "/var/lib/config-data/puppet-generated/swift/etc/swift",
                "Destination": "/etc/swift",
                "Driver": "",
                "Mode": "",
                "Options": [
                    "rbind"
                ],
                "RW": true,
                "Propagation": "rprivate"
            }
        ],
        "Dependencies": [],
        "NetworkSettings": {
            "Bridge": "",
            "SandboxID": "",
            "HairpinMode": false,
            "LinkLocalIPv6Address": "",
            "LinkLocalIPv6PrefixLen": 0,
            "Ports": [],
            "SandboxKey": "",
            "SecondaryIPAddresses": null,
            "SecondaryIPv6Addresses": null,
            "EndpointID": "",
            "Gateway": "",
            "GlobalIPv6Address": "",
            "GlobalIPv6PrefixLen": 0,
            "IPAddress": "",
            "IPPrefixLen": 0,
            "IPv6Gateway": "",
            "MacAddress": ""
        },
        "ExitCommand": [
            "/usr/bin/podman",
            "--root",
            "/var/lib/containers/storage",
            "--runroot",
            "/var/run/containers/storage",
            "--log-level",
            "error",
            "--cgroup-manager",
            "systemd",
            "--tmpdir",
            "/var/run/libpod",
            "--runtime",
            "runc",
            "--storage-driver",
            "overlay",
            "--events-backend",
            "journald",
            "container",
            "cleanup",
            "601a3cd5ba7446249fe4bd27a66f3656c505674b0812cd1eed13b0f5105cdb25"
        ],
        "Namespace": "",
        "IsInfra": false,
        "Config": {
            "Hostname": "601a3cd5ba74",
            "Domainname": "",
            "User": "root",
            "AttachStdin": false,
            "AttachStdout": false,
            "AttachStderr": false,
            "Tty": false,
            "OpenStdin": false,
            "StdinOnce": false,
            "Env": [
                "PATH=/usr/local/sbin:/usr/local/bin:/usr/sbin:/usr/bin:/sbin:/bin",
                "TERM=xterm",
                "HOSTNAME=601a3cd5ba74",
                "container=oci",
                "KOLLA_BASE_DISTRO=rhel",
                "KOLLA_BASE_ARCH=x86_64",
                "PS1=$(tput bold)($(printenv KOLLA_SERVICE_NAME))$(tput sgr0)[$(id -un)@$(hostname -s) $(pwd)]$ ",
                "KOLLA_DISTRO_PYTHON_VERSION=3.6",
                "TRIPLEO_CONFIG_HASH=daa4db188b481106b74c8b1adccfe494-0108993e8f7085ad69b152ac9d8dee56",
                "LANG=en_US.UTF-8",
                "KOLLA_INSTALL_TYPE=binary",
                "KOLLA_INSTALL_METATYPE=rhos",
                "HOME=/root"
            ],
            "Cmd": [
                "/bin/bash",
                "-c",
                "cp -v -dR --preserve -t /etc/swift /swift_ringbuilder/etc/swift/*.gz /swift_ringbuilder/etc/swift/*.builder /swift_ringbuilder/etc/swift/backups"
            ],
            "Image": "undercloud-0.ctlplane.redhat.local:8787/rh-osbs/rhosp16-openstack-swift-proxy-server:20200226.1",
            "Volumes": null,
            "WorkingDir": "/",
            "Entrypoint": "dumb-init --single-child --",
            "OnBuild": null,
            "Labels": {
                "architecture": "x86_64",
                "authoritative-source-url": "registry.access.redhat.com",
                "batch": "20200226.1",
                "build-date": "2020-02-26T18:36:46.434901",
                "com.redhat.build-host": "cpt-1003.osbs.prod.upshift.rdu2.redhat.com",
                "com.redhat.component": "openstack-swift-proxy-server-container",
                "com.redhat.license_terms": "https://www.redhat.com/en/about/red-hat-end-user-license-agreements",
                "config_data": "{\"command\": [\"/bin/bash\", \"-c\", \"cp -v -dR --preserve -t /etc/swift /swift_ringbuilder/etc/swift/*.gz /swift_ringbuilder/etc/swift/*.builder /swift_ringbuilder/etc/swift/backups\"], \"detach\": false, \"image\": \"undercloud-0.ctlplane.redhat.local:8787/rh-osbs/rhosp16-openstack-swift-proxy-server:20200226.1\", \"net\": \"none\", \"user\": \"root\", \"volumes\": [\"/var/lib/config-data/puppet-generated/swift/etc/swift:/etc/swift:rw,z\", \"/var/lib/config-data/swift_ringbuilder:/swift_ringbuilder:ro\"], \"environment\": {\"TRIPLEO_CONFIG_HASH\": \"daa4db188b481106b74c8b1adccfe494-0108993e8f7085ad69b152ac9d8dee56\"}}",
                "config_id": "tripleo_step3",
                "container_name": "swift_copy_rings",
                "description": "Red Hat OpenStack Platform 16.0 swift-proxy-server",
                "distribution-scope": "public",
                "io.k8s.description": "Red Hat OpenStack Platform 16.0 swift-proxy-server",
                "io.k8s.display-name": "Red Hat OpenStack Platform 16.0 swift-proxy-server",
                "io.openshift.expose-services": "",
                "io.openshift.tags": "rhosp osp openstack osp-16.0",
                "maintainer": "Red Hat, Inc.",
                "managed_by": "tripleo-Undercloud",
                "name": "rhosp16/openstack-swift-proxy-server",
                "release": "78",
                "summary": "Red Hat OpenStack Platform 16.0 swift-proxy-server",
                "url": "https://access.redhat.com/containers/#/registry.access.redhat.com/rhosp16/openstack-swift-proxy-server/images/16.0-78",
                "vcs-ref": "041d52efa6b54cdcd1fdd4c2d6f02281d318bd68",
                "vcs-type": "git",
                "vendor": "Red Hat, Inc.",
                "version": "16.0"
            },
            "Annotations": {
                "io.container.manager": "libpod",
                "io.kubernetes.cri-o.ContainerType": "sandbox",
                "io.kubernetes.cri-o.Created": "2020-03-04T03:14:48.299668728Z",
                "io.kubernetes.cri-o.TTY": "false",
                "io.podman.annotations.autoremove": "FALSE",
                "io.podman.annotations.init": "FALSE",
                "io.podman.annotations.privileged": "FALSE",
                "io.podman.annotations.publish-all": "FALSE",
                "org.opencontainers.image.stopSignal": "15"
            },
            "StopSignal": 15
        },
        "HostConfig": {
            "Binds": [
                "/var/lib/config-data/swift_ringbuilder:/swift_ringbuilder:ro,rprivate,rbind",
                "/var/lib/config-data/puppet-generated/swift/etc/swift:/etc/swift:rw,rprivate,rbind"
            ],
            "ContainerIDFile": "",
            "LogConfig": {
                "Type": "k8s-file",
                "Config": null
            },
            "NetworkMode": "none",
            "PortBindings": {},
            "RestartPolicy": {
                "Name": "",
                "MaximumRetryCount": 0
            },
            "AutoRemove": false,
            "VolumeDriver": "",
            "VolumesFrom": null,
            "CapAdd": [],
            "CapDrop": [],
            "Dns": [],
            "DnsOptions": [],
            "DnsSearch": [],
            "ExtraHosts": [],
            "GroupAdd": [],
            "IpcMode": "",
            "Cgroup": "",
            "Cgroups": "default",
            "Links": null,
            "OomScoreAdj": 0,
            "PidMode": "",
            "Privileged": false,
            "PublishAllPorts": false,
            "ReadonlyRootfs": false,
            "SecurityOpt": [],
            "Tmpfs": {},
            "UTSMode": "",
            "UsernsMode": "",
            "ShmSize": 65536000,
            "Runtime": "oci",
            "ConsoleSize": [
                0,
                0
            ],
            "Isolation": "",
            "CpuShares": 0,
            "Memory": 0,
            "NanoCpus": 0,
            "CgroupParent": "",
            "BlkioWeight": 0,
            "BlkioWeightDevice": null,
            "BlkioDeviceReadBps": null,
            "BlkioDeviceWriteBps": null,
            "BlkioDeviceReadIOps": null,
            "BlkioDeviceWriteIOps": null,
            "CpuPeriod": 0,
            "CpuQuota": 0,
            "CpuRealtimePeriod": 0,
            "CpuRealtimeRuntime": 0,
            "CpusetCpus": "0,1,2,3,4,5,6,7",
            "CpusetMems": "",
            "Devices": [],
            "DiskQuota": 0,
            "KernelMemory": 0,
            "MemoryReservation": 0,
            "MemorySwap": 0,
            "MemorySwappiness": -1,
            "OomKillDisable": false,
            "PidsLimit": 4096,
            "Ulimits": [
                {
                    "Name": "RLIMIT_NOFILE",
                    "Soft": 1048576,
                    "Hard": 1048576
                },
                {
                    "Name": "RLIMIT_NPROC",
                    "Soft": 1048576,
                    "Hard": 1048576
                }
            ],
            "CpuCount": 0,
            "CpuPercent": 0,
            "IOMaximumIOps": 0,
            "IOMaximumBandwidth": 0
        }
    }
]
+ podman exec -it --user root swift_copy_rings /usr/bin/rpm -qa
Error: cannot exec into container that is not running: container state improper
