+ sudo -E kolla_set_configs
INFO:__main__:Loading config file at /var/lib/kolla/config_files/config.json
INFO:__main__:Validating config file
INFO:__main__:Kolla config strategy set to: COPY_ALWAYS
INFO:__main__:Copying service configuration files
INFO:__main__:Deleting /etc/heat/heat.conf
INFO:__main__:Copying /var/lib/kolla/config_files/src/etc/heat/heat.conf to /etc/heat/heat.conf
INFO:__main__:Creating directory /etc/my.cnf.d
INFO:__main__:Copying /var/lib/kolla/config_files/src/etc/my.cnf.d/tripleo.cnf to /etc/my.cnf.d/tripleo.cnf
INFO:__main__:Copying /var/lib/kolla/config_files/src/var/spool/cron/heat to /var/spool/cron/heat
INFO:__main__:Writing out command to execute
INFO:__main__:Setting permission for /var/log/heat
++ cat /run_command
+ CMD='/usr/bin/heat-engine --config-file /usr/share/heat/heat-dist.conf --config-file /etc/heat/heat.conf '
+ ARGS=
+ sudo kolla_copy_cacerts
+ [[ ! -n '' ]]
+ . kolla_extend_start
++ [[ ! -d /var/log/kolla/heat ]]
++ mkdir -p /var/log/kolla/heat
+++ stat -c %a /var/log/kolla/heat
++ [[ 2755 != \7\5\5 ]]
++ chmod 755 /var/log/kolla/heat
+++ whoami
++ [[ heat == \r\o\o\t ]]
++ . /usr/local/bin/kolla_heat_extend_start
Running command: '/usr/bin/heat-engine --config-file /usr/share/heat/heat-dist.conf --config-file /etc/heat/heat.conf '
+ echo 'Running command: '\''/usr/bin/heat-engine --config-file /usr/share/heat/heat-dist.conf --config-file /etc/heat/heat.conf '\'''
+ exec /usr/bin/heat-engine --config-file /usr/share/heat/heat-dist.conf --config-file /etc/heat/heat.conf
