+ STEP=4
+ TAGS=file
+ CONFIG='include ::tripleo::profile::base::neutron::l3_agent_wrappers'
+ EXTRA_ARGS=
+ '[' -d /tmp/puppet-etc ']'
+ cp -a /tmp/puppet-etc/auth.conf /tmp/puppet-etc/hieradata /tmp/puppet-etc/hiera.yaml /tmp/puppet-etc/modules /tmp/puppet-etc/puppet.conf /tmp/puppet-etc/ssl /etc/puppet
+ echo '{"step": 4}'
+ export FACTER_deployment_type=containers
+ FACTER_deployment_type=containers
+ set +e
+ puppet apply --verbose --detailed-exitcodes --summarize --color=false --modulepath /etc/puppet/modules:/opt/stack/puppet-modules:/usr/share/openstack-puppet/modules --tags file -e 'noop_resource('\''package'\''); include ::tripleo::profile::base::neutron::l3_agent_wrappers'
Info: Loading facts
Info: Loading facts
Info: Loading facts
Info: Loading facts
Info: Loading facts
Info: Loading facts
Info: Loading facts
Info: Loading facts
Info: Loading facts
Info: Loading facts
Info: Loading facts
Info: Loading facts
Info: Loading facts
Info: Loading facts
Info: Loading facts
Info: Loading facts
Info: Loading facts
Info: Loading facts
Info: Loading facts
Info: Loading facts
Info: Loading facts
Info: Loading facts
Info: Loading facts
Info: Loading facts
Info: Loading facts
Info: Loading facts
Info: Loading facts
Info: Loading facts
Info: Loading facts
Info: Loading facts
Info: Loading facts
Info: Loading facts
Info: Loading facts
Info: Loading facts
Info: Loading facts
Info: Loading facts
Info: Loading facts
Info: Loading facts
Info: Loading facts
Info: Loading facts
Info: Loading facts
Info: Loading facts
Info: Loading facts
Info: Loading facts
Info: Loading facts
Info: Loading facts
Info: Loading facts
Info: Loading facts
Warning: ModuleLoader: module 'tripleo' has unresolved dependencies - it will only see those that are resolved. Use 'puppet module list --tree' to see information about modules\n   (file & line not available)
Warning: /etc/puppet/hiera.yaml: Use of 'hiera.yaml' version 3 is deprecated. It should be converted to version 5
   (file: /etc/puppet/hiera.yaml)
Warning: Undefined variable '::deploy_config_name'; \n   (file & line not available)
Warning: The function 'hiera' is deprecated in favor of using 'lookup'. See https://puppet.com/docs/puppet/5.5/deprecated_language.html\n   (file & line not available)
Notice: Compiled catalog for undercloud-0.redhat.local in environment production in 0.07 seconds
Info: Applying configuration version '1583291562'
Notice: /Stage[main]/Tripleo::Profile::Base::Neutron::L3_agent_wrappers/Tripleo::Profile::Base::Neutron::Wrappers::Haproxy[l3_haproxy_process_wrapper]/File[/var/lib/neutron/l3_haproxy_wrapper]/ensure: defined content as '{md5}6abec6c07c4287a5820ff864d596b727'
Info: Tripleo::Profile::Base::Neutron::Wrappers::Haproxy[l3_haproxy_process_wrapper]: Unscheduling all events on Tripleo::Profile::Base::Neutron::Wrappers::Haproxy[l3_haproxy_process_wrapper]
Notice: /Stage[main]/Tripleo::Profile::Base::Neutron::L3_agent_wrappers/Tripleo::Profile::Base::Neutron::Wrappers::Keepalived[l3_keepalived]/File[/var/lib/neutron/keepalived_wrapper]/ensure: defined content as '{md5}d3230af585c74b9695bdfaf9113b9965'
Info: Tripleo::Profile::Base::Neutron::Wrappers::Keepalived[l3_keepalived]: Unscheduling all events on Tripleo::Profile::Base::Neutron::Wrappers::Keepalived[l3_keepalived]
Notice: /Stage[main]/Tripleo::Profile::Base::Neutron::L3_agent_wrappers/Tripleo::Profile::Base::Neutron::Wrappers::Keepalived_state_change[l3_keepalived_state_change]/File[/var/lib/neutron/keepalived_state_change_wrapper]/ensure: defined content as '{md5}bf4147d918000fb756b1c6146322520e'
Info: Tripleo::Profile::Base::Neutron::Wrappers::Keepalived_state_change[l3_keepalived_state_change]: Unscheduling all events on Tripleo::Profile::Base::Neutron::Wrappers::Keepalived_state_change[l3_keepalived_state_change]
Notice: /Stage[main]/Tripleo::Profile::Base::Neutron::L3_agent_wrappers/Tripleo::Profile::Base::Neutron::Wrappers::Dibbler_client[l3_dibbler_daemon]/File[/var/lib/neutron/dibbler_wrapper]/ensure: defined content as '{md5}8f0ff468cbefe8ff9023a2f0c31bf517'
Info: Tripleo::Profile::Base::Neutron::Wrappers::Dibbler_client[l3_dibbler_daemon]: Unscheduling all events on Tripleo::Profile::Base::Neutron::Wrappers::Dibbler_client[l3_dibbler_daemon]
Info: Creating state file /var/lib/puppet/state/state.yaml
Notice: Applied catalog in 0.02 seconds
Changes:
            Total: 4
Events:
          Success: 4
            Total: 4
Resources:
          Changed: 4
      Out of sync: 4
          Skipped: 7
            Total: 11
Time:
             File: 0.01
   Transaction evaluation: 0.01
   Catalog application: 0.02
   Config retrieval: 0.11
         Last run: 1583291562
            Total: 0.02
Version:
           Config: 1583291562
           Puppet: 5.5.10
+ rc=2
+ set -e
+ set +ux
