+ podman top heat_init_log user pid ppid pcpu vsz tty state time etime args
Error: top can only be used on running containers
+ podman exec --user root heat_init_log top -bwn1
Error: cannot exec into container that is not running: container state improper
+ podman inspect heat_init_log
[
    {
        "Id": "2d66700110ba1fc37ae4f7f08c3ce06dccb2c03885113499a6db565315866bb4",
        "Created": "2020-03-04T03:12:04.719939014Z",
        "Path": "dumb-init",
        "Args": [
            "--single-child",
            "--",
            "/bin/bash",
            "-c",
            "chown -R heat:heat /var/log/heat"
        ],
        "State": {
            "OciVersion": "1.0.1-dev",
            "Status": "exited",
            "Running": false,
            "Paused": false,
            "Restarting": false,
            "OOMKilled": false,
            "Dead": false,
            "Pid": 0,
            "ExitCode": 0,
            "Error": "",
            "StartedAt": "2020-03-04T03:12:05.052876013Z",
            "FinishedAt": "2020-03-04T03:12:05.079592641Z",
            "Healthcheck": {
                "Status": "",
                "FailingStreak": 0,
                "Log": null
            }
        },
        "Image": "b8865a7726e64308d439b730c4b482c1a7737d6dd7dc4f45af51a67ff89a2059",
        "ImageName": "undercloud-0.ctlplane.redhat.local:8787/rh-osbs/rhosp16-openstack-heat-engine:20200226.1",
        "Rootfs": "",
        "Pod": "",
        "ResolvConfPath": "",
        "HostnamePath": "/var/run/containers/storage/overlay-containers/2d66700110ba1fc37ae4f7f08c3ce06dccb2c03885113499a6db565315866bb4/userdata/hostname",
        "HostsPath": "",
        "StaticDir": "/var/lib/containers/storage/overlay-containers/2d66700110ba1fc37ae4f7f08c3ce06dccb2c03885113499a6db565315866bb4/userdata",
        "OCIConfigPath": "/var/lib/containers/storage/overlay-containers/2d66700110ba1fc37ae4f7f08c3ce06dccb2c03885113499a6db565315866bb4/userdata/config.json",
        "OCIRuntime": "runc",
        "LogPath": "/var/log/containers/stdouts/heat_init_log.log",
        "ConmonPidFile": "/var/run/heat_init_log.pid",
        "Name": "heat_init_log",
        "RestartCount": 0,
        "Driver": "overlay",
        "MountLabel": "system_u:object_r:container_file_t:s0:c205,c957",
        "ProcessLabel": "system_u:system_r:container_t:s0:c205,c957",
        "AppArmorProfile": "",
        "EffectiveCaps": [
            "CAP_CHOWN",
            "CAP_DAC_OVERRIDE",
            "CAP_FSETID",
            "CAP_FOWNER",
            "CAP_MKNOD",
            "CAP_NET_RAW",
            "CAP_SETGID",
            "CAP_SETUID",
            "CAP_SETFCAP",
            "CAP_SETPCAP",
            "CAP_NET_BIND_SERVICE",
            "CAP_SYS_CHROOT",
            "CAP_KILL",
            "CAP_AUDIT_WRITE"
        ],
        "BoundingCaps": [
            "CAP_CHOWN",
            "CAP_DAC_OVERRIDE",
            "CAP_FSETID",
            "CAP_FOWNER",
            "CAP_MKNOD",
            "CAP_NET_RAW",
            "CAP_SETGID",
            "CAP_SETUID",
            "CAP_SETFCAP",
            "CAP_SETPCAP",
            "CAP_NET_BIND_SERVICE",
            "CAP_SYS_CHROOT",
            "CAP_KILL",
            "CAP_AUDIT_WRITE"
        ],
        "ExecIDs": [],
        "GraphDriver": {
            "Name": "overlay",
            "Data": {
                "LowerDir": "/var/lib/containers/storage/overlay/d478c6336bd2344c8e2ca10f8ef28997149f63a30847a1f4967b70ba4964806c/diff:/var/lib/containers/storage/overlay/23942b17a3388231a88d6174626a2a69cdb08a717713ad467123d8715b084c27/diff:/var/lib/containers/storage/overlay/39231f0c35ac6b5018875a08df285edbceeeb29ab1a6185f125c5bd1d90be658/diff:/var/lib/containers/storage/overlay/9ffebe361fec105693dc398ba724d0faa201282b8a1e9a3e6383cac48256e775/diff:/var/lib/containers/storage/overlay/f659bfaf2e3b922dcc39bb7e9011ea80508c21349fabb8d1ce2ea20525be349b/diff:/var/lib/containers/storage/overlay/1295eae54c9d95bd8e2c7f83df2a90ac3923d89ec44231fd49f31e7a934f9656/diff",
                "UpperDir": "/var/lib/containers/storage/overlay/6fc265028bcd89d9968c11a9be30f37f620dd2f26add0d3e8ccba088eed82149/diff",
                "WorkDir": "/var/lib/containers/storage/overlay/6fc265028bcd89d9968c11a9be30f37f620dd2f26add0d3e8ccba088eed82149/work"
            }
        },
        "Mounts": [
            {
                "Type": "bind",
                "Name": "",
                "Source": "/var/log/containers/heat",
                "Destination": "/var/log/heat",
                "Driver": "",
                "Mode": "",
                "Options": [
                    "rbind"
                ],
                "RW": true,
                "Propagation": "rprivate"
            }
        ],
        "Dependencies": [],
        "NetworkSettings": {
            "Bridge": "",
            "SandboxID": "",
            "HairpinMode": false,
            "LinkLocalIPv6Address": "",
            "LinkLocalIPv6PrefixLen": 0,
            "Ports": [],
            "SandboxKey": "",
            "SecondaryIPAddresses": null,
            "SecondaryIPv6Addresses": null,
            "EndpointID": "",
            "Gateway": "",
            "GlobalIPv6Address": "",
            "GlobalIPv6PrefixLen": 0,
            "IPAddress": "",
            "IPPrefixLen": 0,
            "IPv6Gateway": "",
            "MacAddress": ""
        },
        "ExitCommand": [
            "/usr/bin/podman",
            "--root",
            "/var/lib/containers/storage",
            "--runroot",
            "/var/run/containers/storage",
            "--log-level",
            "error",
            "--cgroup-manager",
            "systemd",
            "--tmpdir",
            "/var/run/libpod",
            "--runtime",
            "runc",
            "--storage-driver",
            "overlay",
            "--events-backend",
            "journald",
            "container",
            "cleanup",
            "2d66700110ba1fc37ae4f7f08c3ce06dccb2c03885113499a6db565315866bb4"
        ],
        "Namespace": "",
        "IsInfra": false,
        "Config": {
            "Hostname": "2d66700110ba",
            "Domainname": "",
            "User": "root",
            "AttachStdin": false,
            "AttachStdout": false,
            "AttachStderr": false,
            "Tty": false,
            "OpenStdin": false,
            "StdinOnce": false,
            "Env": [
                "PATH=/usr/local/sbin:/usr/local/bin:/usr/sbin:/usr/bin:/sbin:/bin",
                "TERM=xterm",
                "HOSTNAME=2d66700110ba",
                "container=oci",
                "KOLLA_INSTALL_TYPE=binary",
                "KOLLA_BASE_ARCH=x86_64",
                "PS1=$(tput bold)($(printenv KOLLA_SERVICE_NAME))$(tput sgr0)[$(id -un)@$(hostname -s) $(pwd)]$ ",
                "LANG=en_US.UTF-8",
                "KOLLA_BASE_DISTRO=rhel",
                "KOLLA_DISTRO_PYTHON_VERSION=3.6",
                "KOLLA_INSTALL_METATYPE=rhos",
                "HOME=/root"
            ],
            "Cmd": [
                "/bin/bash",
                "-c",
                "chown -R heat:heat /var/log/heat"
            ],
            "Image": "undercloud-0.ctlplane.redhat.local:8787/rh-osbs/rhosp16-openstack-heat-engine:20200226.1",
            "Volumes": null,
            "WorkingDir": "/",
            "Entrypoint": "dumb-init --single-child --",
            "OnBuild": null,
            "Labels": {
                "architecture": "x86_64",
                "authoritative-source-url": "registry.access.redhat.com",
                "batch": "20200226.1",
                "build-date": "2020-02-26T18:23:27.978947",
                "com.redhat.build-host": "cpt-1003.osbs.prod.upshift.rdu2.redhat.com",
                "com.redhat.component": "openstack-heat-engine-container",
                "com.redhat.license_terms": "https://www.redhat.com/en/about/red-hat-end-user-license-agreements",
                "config_data": "{\"command\": [\"/bin/bash\", \"-c\", \"chown -R heat:heat /var/log/heat\"], \"image\": \"undercloud-0.ctlplane.redhat.local:8787/rh-osbs/rhosp16-openstack-heat-engine:20200226.1\", \"net\": \"none\", \"user\": \"root\", \"volumes\": [\"/var/log/containers/heat:/var/log/heat:z\"]}",
                "config_id": "tripleo_step2",
                "container_name": "heat_init_log",
                "description": "Red Hat OpenStack Platform 16.0 heat-engine",
                "distribution-scope": "public",
                "io.k8s.description": "Red Hat OpenStack Platform 16.0 heat-engine",
                "io.k8s.display-name": "Red Hat OpenStack Platform 16.0 heat-engine",
                "io.openshift.expose-services": "",
                "io.openshift.tags": "rhosp osp openstack osp-16.0",
                "maintainer": "Red Hat, Inc.",
                "managed_by": "tripleo-Undercloud",
                "name": "rhosp16/openstack-heat-engine",
                "release": "80",
                "summary": "Red Hat OpenStack Platform 16.0 heat-engine",
                "url": "https://access.redhat.com/containers/#/registry.access.redhat.com/rhosp16/openstack-heat-engine/images/16.0-80",
                "vcs-ref": "e00377d66e59bfb7da1bc97fec7e9e334da67ff1",
                "vcs-type": "git",
                "vendor": "Red Hat, Inc.",
                "version": "16.0"
            },
            "Annotations": {
                "io.container.manager": "libpod",
                "io.kubernetes.cri-o.ContainerType": "sandbox",
                "io.kubernetes.cri-o.Created": "2020-03-04T03:12:04.719939014Z",
                "io.kubernetes.cri-o.TTY": "false",
                "io.podman.annotations.autoremove": "FALSE",
                "io.podman.annotations.init": "FALSE",
                "io.podman.annotations.privileged": "FALSE",
                "io.podman.annotations.publish-all": "FALSE",
                "org.opencontainers.image.stopSignal": "15"
            },
            "StopSignal": 15
        },
        "HostConfig": {
            "Binds": [
                "/var/log/containers/heat:/var/log/heat:rw,rprivate,rbind"
            ],
            "ContainerIDFile": "",
            "LogConfig": {
                "Type": "k8s-file",
                "Config": null
            },
            "NetworkMode": "none",
            "PortBindings": {},
            "RestartPolicy": {
                "Name": "",
                "MaximumRetryCount": 0
            },
            "AutoRemove": false,
            "VolumeDriver": "",
            "VolumesFrom": null,
            "CapAdd": [],
            "CapDrop": [],
            "Dns": [],
            "DnsOptions": [],
            "DnsSearch": [],
            "ExtraHosts": [],
            "GroupAdd": [],
            "IpcMode": "",
            "Cgroup": "",
            "Cgroups": "default",
            "Links": null,
            "OomScoreAdj": 0,
            "PidMode": "",
            "Privileged": false,
            "PublishAllPorts": false,
            "ReadonlyRootfs": false,
            "SecurityOpt": [],
            "Tmpfs": {},
            "UTSMode": "",
            "UsernsMode": "",
            "ShmSize": 65536000,
            "Runtime": "oci",
            "ConsoleSize": [
                0,
                0
            ],
            "Isolation": "",
            "CpuShares": 0,
            "Memory": 0,
            "NanoCpus": 0,
            "CgroupParent": "",
            "BlkioWeight": 0,
            "BlkioWeightDevice": null,
            "BlkioDeviceReadBps": null,
            "BlkioDeviceWriteBps": null,
            "BlkioDeviceReadIOps": null,
            "BlkioDeviceWriteIOps": null,
            "CpuPeriod": 0,
            "CpuQuota": 0,
            "CpuRealtimePeriod": 0,
            "CpuRealtimeRuntime": 0,
            "CpusetCpus": "0,1,2,3,4,5,6,7",
            "CpusetMems": "",
            "Devices": [],
            "DiskQuota": 0,
            "KernelMemory": 0,
            "MemoryReservation": 0,
            "MemorySwap": 0,
            "MemorySwappiness": -1,
            "OomKillDisable": false,
            "PidsLimit": 4096,
            "Ulimits": [
                {
                    "Name": "RLIMIT_NOFILE",
                    "Soft": 1048576,
                    "Hard": 1048576
                },
                {
                    "Name": "RLIMIT_NPROC",
                    "Soft": 1048576,
                    "Hard": 1048576
                }
            ],
            "CpuCount": 0,
            "CpuPercent": 0,
            "IOMaximumIOps": 0,
            "IOMaximumBandwidth": 0
        }
    }
]
+ podman exec -it --user root heat_init_log /usr/bin/rpm -qa
Error: cannot exec into container that is not running: container state improper
