+ sudo -E kolla_set_configs
INFO:__main__:Loading config file at /var/lib/kolla/config_files/config.json
INFO:__main__:Validating config file
INFO:__main__:Kolla config strategy set to: COPY_ALWAYS
INFO:__main__:Copying service configuration files
INFO:__main__:Creating directory /etc/swift/account-server
INFO:__main__:Creating directory /etc/swift/object-server
INFO:__main__:Copying /var/lib/kolla/config_files/src/etc/swift/account-server.conf to /etc/swift/account-server.conf
INFO:__main__:Deleting /etc/swift/container-server.conf
INFO:__main__:Copying /var/lib/kolla/config_files/src/etc/swift/container-server.conf to /etc/swift/container-server.conf
INFO:__main__:Copying /var/lib/kolla/config_files/src/etc/swift/keymaster.conf to /etc/swift/keymaster.conf
INFO:__main__:Copying /var/lib/kolla/config_files/src/etc/swift/object-expirer.conf to /etc/swift/object-expirer.conf
INFO:__main__:Copying /var/lib/kolla/config_files/src/etc/swift/object-server.conf to /etc/swift/object-server.conf
INFO:__main__:Copying /var/lib/kolla/config_files/src/etc/swift/proxy-server.conf to /etc/swift/proxy-server.conf
INFO:__main__:Deleting /etc/swift/swift.conf
INFO:__main__:Copying /var/lib/kolla/config_files/src/etc/swift/swift.conf to /etc/swift/swift.conf
INFO:__main__:Copying /var/lib/kolla/config_files/src/etc/swift/account.ring.gz to /etc/swift/account.ring.gz
INFO:__main__:Copying /var/lib/kolla/config_files/src/etc/swift/container.ring.gz to /etc/swift/container.ring.gz
INFO:__main__:Copying /var/lib/kolla/config_files/src/etc/swift/object.ring.gz to /etc/swift/object.ring.gz
INFO:__main__:Copying /var/lib/kolla/config_files/src/etc/swift/account.builder to /etc/swift/account.builder
INFO:__main__:Copying /var/lib/kolla/config_files/src/etc/swift/container.builder to /etc/swift/container.builder
INFO:__main__:Copying /var/lib/kolla/config_files/src/etc/swift/object.builder to /etc/swift/object.builder
INFO:__main__:Creating directory /etc/swift/backups
INFO:__main__:Copying /var/lib/kolla/config_files/src/etc/swift/backups/1583291459.account.builder to /etc/swift/backups/1583291459.account.builder
INFO:__main__:Copying /var/lib/kolla/config_files/src/etc/swift/backups/1583291459.object.builder to /etc/swift/backups/1583291459.object.builder
INFO:__main__:Copying /var/lib/kolla/config_files/src/etc/swift/backups/1583291460.container.builder to /etc/swift/backups/1583291460.container.builder
INFO:__main__:Copying /var/lib/kolla/config_files/src/etc/swift/backups/1583291463.account.builder to /etc/swift/backups/1583291463.account.builder
INFO:__main__:Copying /var/lib/kolla/config_files/src/etc/swift/backups/1583291463.account.ring.gz to /etc/swift/backups/1583291463.account.ring.gz
INFO:__main__:Copying /var/lib/kolla/config_files/src/etc/swift/backups/1583291463.object.builder to /etc/swift/backups/1583291463.object.builder
INFO:__main__:Copying /var/lib/kolla/config_files/src/etc/swift/backups/1583291463.object.ring.gz to /etc/swift/backups/1583291463.object.ring.gz
INFO:__main__:Copying /var/lib/kolla/config_files/src/etc/swift/backups/1583291464.container.builder to /etc/swift/backups/1583291464.container.builder
INFO:__main__:Copying /var/lib/kolla/config_files/src/etc/swift/backups/1583291464.container.ring.gz to /etc/swift/backups/1583291464.container.ring.gz
INFO:__main__:Copying /var/lib/kolla/config_files/src/etc/rsyncd.conf to /etc/rsyncd.conf
INFO:__main__:Writing out command to execute
++ cat /run_command
+ CMD='/usr/bin/swift-container-server /etc/swift/container-server.conf'
+ ARGS=
+ sudo kolla_copy_cacerts
+ [[ ! -n '' ]]
+ . kolla_extend_start
Running command: '/usr/bin/swift-container-server /etc/swift/container-server.conf'
+ echo 'Running command: '\''/usr/bin/swift-container-server /etc/swift/container-server.conf'\'''
+ exec /usr/bin/swift-container-server /etc/swift/container-server.conf
