+ podman top placement_wait_for_service user pid ppid pcpu vsz tty state time etime args
Error: top can only be used on running containers
+ podman exec --user root placement_wait_for_service top -bwn1
Error: cannot exec into container that is not running: container state improper
+ podman inspect placement_wait_for_service
[
    {
        "Id": "10ec672280927efe70ea607c39ee4b057cc7a502ffc9731d7d25137a4247ad5e",
        "Created": "2020-03-04T03:20:34.505485053Z",
        "Path": "dumb-init",
        "Args": [
            "--single-child",
            "--",
            "/usr/bin/bootstrap_host_exec",
            "placement",
            "su",
            "placement",
            "-s",
            "/bin/bash",
            "-c",
            "'/container-config-scripts/pyshim.sh",
            "/container-config-scripts/placement_wait_for_service.py'"
        ],
        "State": {
            "OciVersion": "1.0.1-dev",
            "Status": "exited",
            "Running": false,
            "Paused": false,
            "Restarting": false,
            "OOMKilled": false,
            "Dead": false,
            "Pid": 0,
            "ExitCode": 0,
            "Error": "",
            "StartedAt": "2020-03-04T03:20:34.899129163Z",
            "FinishedAt": "2020-03-04T03:20:39.504740398Z",
            "Healthcheck": {
                "Status": "",
                "FailingStreak": 0,
                "Log": null
            }
        },
        "Image": "e1cf4edb999656a2411540a508566824c0d7f242ef88e320486c492e15d22d2d",
        "ImageName": "undercloud-0.ctlplane.redhat.local:8787/rh-osbs/rhosp16-openstack-placement-api:20200226.1",
        "Rootfs": "",
        "Pod": "",
        "ResolvConfPath": "/var/run/containers/storage/overlay-containers/10ec672280927efe70ea607c39ee4b057cc7a502ffc9731d7d25137a4247ad5e/userdata/resolv.conf",
        "HostnamePath": "/var/run/containers/storage/overlay-containers/10ec672280927efe70ea607c39ee4b057cc7a502ffc9731d7d25137a4247ad5e/userdata/hostname",
        "HostsPath": "/var/run/containers/storage/overlay-containers/10ec672280927efe70ea607c39ee4b057cc7a502ffc9731d7d25137a4247ad5e/userdata/hosts",
        "StaticDir": "/var/lib/containers/storage/overlay-containers/10ec672280927efe70ea607c39ee4b057cc7a502ffc9731d7d25137a4247ad5e/userdata",
        "OCIConfigPath": "/var/lib/containers/storage/overlay-containers/10ec672280927efe70ea607c39ee4b057cc7a502ffc9731d7d25137a4247ad5e/userdata/config.json",
        "OCIRuntime": "runc",
        "LogPath": "/var/log/containers/stdouts/placement_wait_for_service.log",
        "ConmonPidFile": "/var/run/placement_wait_for_service.pid",
        "Name": "placement_wait_for_service",
        "RestartCount": 0,
        "Driver": "overlay",
        "MountLabel": "system_u:object_r:container_file_t:s0:c205,c833",
        "ProcessLabel": "system_u:system_r:container_t:s0:c205,c833",
        "AppArmorProfile": "",
        "EffectiveCaps": [
            "CAP_CHOWN",
            "CAP_DAC_OVERRIDE",
            "CAP_FSETID",
            "CAP_FOWNER",
            "CAP_MKNOD",
            "CAP_NET_RAW",
            "CAP_SETGID",
            "CAP_SETUID",
            "CAP_SETFCAP",
            "CAP_SETPCAP",
            "CAP_NET_BIND_SERVICE",
            "CAP_SYS_CHROOT",
            "CAP_KILL",
            "CAP_AUDIT_WRITE"
        ],
        "BoundingCaps": [
            "CAP_CHOWN",
            "CAP_DAC_OVERRIDE",
            "CAP_FSETID",
            "CAP_FOWNER",
            "CAP_MKNOD",
            "CAP_NET_RAW",
            "CAP_SETGID",
            "CAP_SETUID",
            "CAP_SETFCAP",
            "CAP_SETPCAP",
            "CAP_NET_BIND_SERVICE",
            "CAP_SYS_CHROOT",
            "CAP_KILL",
            "CAP_AUDIT_WRITE"
        ],
        "ExecIDs": [],
        "GraphDriver": {
            "Name": "overlay",
            "Data": {
                "LowerDir": "/var/lib/containers/storage/overlay/14e0030dd85e9fe02d1be600b2ef1bc58f1ad7009e893adc8abe9c8bc87afc2a/diff:/var/lib/containers/storage/overlay/3d1048cffd16a139f416c33ecc7bfe8a80dd9ee31ffe14a2ee51c1489865944d/diff:/var/lib/containers/storage/overlay/9ffebe361fec105693dc398ba724d0faa201282b8a1e9a3e6383cac48256e775/diff:/var/lib/containers/storage/overlay/f659bfaf2e3b922dcc39bb7e9011ea80508c21349fabb8d1ce2ea20525be349b/diff:/var/lib/containers/storage/overlay/1295eae54c9d95bd8e2c7f83df2a90ac3923d89ec44231fd49f31e7a934f9656/diff",
                "UpperDir": "/var/lib/containers/storage/overlay/78269045431faf66e018622025a80ea5344bc380f4c9bd601143baf076f3e302/diff",
                "WorkDir": "/var/lib/containers/storage/overlay/78269045431faf66e018622025a80ea5344bc380f4c9bd601143baf076f3e302/work"
            }
        },
        "Mounts": [
            {
                "Type": "bind",
                "Name": "",
                "Source": "/var/log/containers/httpd/placement",
                "Destination": "/var/log/httpd",
                "Driver": "",
                "Mode": "",
                "Options": [
                    "rbind"
                ],
                "RW": true,
                "Propagation": "rprivate"
            },
            {
                "Type": "bind",
                "Name": "",
                "Source": "/etc/pki/ca-trust/extracted",
                "Destination": "/etc/pki/ca-trust/extracted",
                "Driver": "",
                "Mode": "",
                "Options": [
                    "rbind"
                ],
                "RW": false,
                "Propagation": "rprivate"
            },
            {
                "Type": "bind",
                "Name": "",
                "Source": "/etc/pki/tls/certs/ca-bundle.crt",
                "Destination": "/etc/pki/tls/certs/ca-bundle.crt",
                "Driver": "",
                "Mode": "",
                "Options": [
                    "rbind"
                ],
                "RW": false,
                "Propagation": "rprivate"
            },
            {
                "Type": "bind",
                "Name": "",
                "Source": "/etc/ssh/ssh_known_hosts",
                "Destination": "/etc/ssh/ssh_known_hosts",
                "Driver": "",
                "Mode": "",
                "Options": [
                    "rbind"
                ],
                "RW": false,
                "Propagation": "rprivate"
            },
            {
                "Type": "bind",
                "Name": "",
                "Source": "/etc/pki/tls/certs/ca-bundle.trust.crt",
                "Destination": "/etc/pki/tls/certs/ca-bundle.trust.crt",
                "Driver": "",
                "Mode": "",
                "Options": [
                    "rbind"
                ],
                "RW": false,
                "Propagation": "rprivate"
            },
            {
                "Type": "bind",
                "Name": "",
                "Source": "/etc/localtime",
                "Destination": "/etc/localtime",
                "Driver": "",
                "Mode": "",
                "Options": [
                    "rbind"
                ],
                "RW": false,
                "Propagation": "rprivate"
            },
            {
                "Type": "bind",
                "Name": "",
                "Source": "/var/lib/container-config-scripts",
                "Destination": "/container-config-scripts",
                "Driver": "",
                "Mode": "",
                "Options": [
                    "rbind"
                ],
                "RW": true,
                "Propagation": "rprivate"
            },
            {
                "Type": "bind",
                "Name": "",
                "Source": "/etc/pki/tls/cert.pem",
                "Destination": "/etc/pki/tls/cert.pem",
                "Driver": "",
                "Mode": "",
                "Options": [
                    "rbind"
                ],
                "RW": false,
                "Propagation": "rprivate"
            },
            {
                "Type": "bind",
                "Name": "",
                "Source": "/var/log/containers/placement",
                "Destination": "/var/log/placement",
                "Driver": "",
                "Mode": "",
                "Options": [
                    "rbind"
                ],
                "RW": true,
                "Propagation": "rprivate"
            },
            {
                "Type": "bind",
                "Name": "",
                "Source": "/dev/log",
                "Destination": "/dev/log",
                "Driver": "",
                "Mode": "",
                "Options": [
                    "nosuid",
                    "rbind"
                ],
                "RW": true,
                "Propagation": "rprivate"
            },
            {
                "Type": "bind",
                "Name": "",
                "Source": "/etc/pki/ca-trust/source/anchors",
                "Destination": "/etc/pki/ca-trust/source/anchors",
                "Driver": "",
                "Mode": "",
                "Options": [
                    "rbind"
                ],
                "RW": false,
                "Propagation": "rprivate"
            },
            {
                "Type": "bind",
                "Name": "",
                "Source": "/etc/hosts",
                "Destination": "/etc/hosts",
                "Driver": "",
                "Mode": "",
                "Options": [
                    "rbind"
                ],
                "RW": false,
                "Propagation": "rprivate"
            },
            {
                "Type": "bind",
                "Name": "",
                "Source": "/var/lib/config-data/placement/etc/my.cnf.d/tripleo.cnf",
                "Destination": "/etc/my.cnf.d/tripleo.cnf",
                "Driver": "",
                "Mode": "",
                "Options": [
                    "rbind"
                ],
                "RW": false,
                "Propagation": "rprivate"
            },
            {
                "Type": "bind",
                "Name": "",
                "Source": "/var/lib/config-data/placement/etc/placement",
                "Destination": "/etc/placement",
                "Driver": "",
                "Mode": "",
                "Options": [
                    "rbind"
                ],
                "RW": false,
                "Propagation": "rprivate"
            },
            {
                "Type": "bind",
                "Name": "",
                "Source": "/etc/puppet",
                "Destination": "/etc/puppet",
                "Driver": "",
                "Mode": "",
                "Options": [
                    "rbind"
                ],
                "RW": false,
                "Propagation": "rprivate"
            }
        ],
        "Dependencies": [],
        "NetworkSettings": {
            "Bridge": "",
            "SandboxID": "",
            "HairpinMode": false,
            "LinkLocalIPv6Address": "",
            "LinkLocalIPv6PrefixLen": 0,
            "Ports": [],
            "SandboxKey": "",
            "SecondaryIPAddresses": null,
            "SecondaryIPv6Addresses": null,
            "EndpointID": "",
            "Gateway": "",
            "GlobalIPv6Address": "",
            "GlobalIPv6PrefixLen": 0,
            "IPAddress": "",
            "IPPrefixLen": 0,
            "IPv6Gateway": "",
            "MacAddress": ""
        },
        "ExitCommand": [
            "/usr/bin/podman",
            "--root",
            "/var/lib/containers/storage",
            "--runroot",
            "/var/run/containers/storage",
            "--log-level",
            "error",
            "--cgroup-manager",
            "systemd",
            "--tmpdir",
            "/var/run/libpod",
            "--runtime",
            "runc",
            "--storage-driver",
            "overlay",
            "--events-backend",
            "journald",
            "container",
            "cleanup",
            "10ec672280927efe70ea607c39ee4b057cc7a502ffc9731d7d25137a4247ad5e"
        ],
        "Namespace": "",
        "IsInfra": false,
        "Config": {
            "Hostname": "undercloud-0.redhat.local",
            "Domainname": "",
            "User": "root",
            "AttachStdin": false,
            "AttachStdout": false,
            "AttachStderr": false,
            "Tty": false,
            "OpenStdin": false,
            "StdinOnce": false,
            "Env": [
                "PATH=/usr/local/sbin:/usr/local/bin:/usr/sbin:/usr/bin:/sbin:/bin",
                "TERM=xterm",
                "HOSTNAME=undercloud-0.redhat.local",
                "container=oci",
                "KOLLA_BASE_DISTRO=rhel",
                "__OS_DEBUG=true",
                "PS1=$(tput bold)($(printenv KOLLA_SERVICE_NAME))$(tput sgr0)[$(id -un)@$(hostname -s) $(pwd)]$ ",
                "TRIPLEO_CONFIG_HASH=052145f13d5aa3a4977b5e6228afff39-052145f13d5aa3a4977b5e6228afff39",
                "LANG=en_US.UTF-8",
                "KOLLA_INSTALL_TYPE=binary",
                "KOLLA_INSTALL_METATYPE=rhos",
                "KOLLA_DISTRO_PYTHON_VERSION=3.6",
                "KOLLA_BASE_ARCH=x86_64",
                "HOME=/root"
            ],
            "Cmd": [
                "/usr/bin/bootstrap_host_exec",
                "placement",
                "su",
                "placement",
                "-s",
                "/bin/bash",
                "-c",
                "'/container-config-scripts/pyshim.sh",
                "/container-config-scripts/placement_wait_for_service.py'"
            ],
            "Image": "undercloud-0.ctlplane.redhat.local:8787/rh-osbs/rhosp16-openstack-placement-api:20200226.1",
            "Volumes": null,
            "WorkingDir": "/",
            "Entrypoint": "dumb-init --single-child --",
            "OnBuild": null,
            "Labels": {
                "architecture": "x86_64",
                "authoritative-source-url": "registry.access.redhat.com",
                "batch": "20200226.1",
                "build-date": "2020-02-26T17:35:54.479303",
                "com.redhat.build-host": "cpt-1005.osbs.prod.upshift.rdu2.redhat.com",
                "com.redhat.component": "openstack-placement-api-container",
                "com.redhat.license_terms": "https://www.redhat.com/en/about/red-hat-end-user-license-agreements",
                "config_data": "{\"command\": \"/usr/bin/bootstrap_host_exec placement su placement -s /bin/bash -c '/container-config-scripts/pyshim.sh /container-config-scripts/placement_wait_for_service.py'\", \"detach\": false, \"environment\": {\"__OS_DEBUG\": \"true\", \"TRIPLEO_CONFIG_HASH\": \"052145f13d5aa3a4977b5e6228afff39-052145f13d5aa3a4977b5e6228afff39\"}, \"image\": \"undercloud-0.ctlplane.redhat.local:8787/rh-osbs/rhosp16-openstack-placement-api:20200226.1\", \"net\": \"host\", \"privileged\": false, \"start_order\": 2, \"user\": \"root\", \"volumes\": [\"/etc/hosts:/etc/hosts:ro\", \"/etc/localtime:/etc/localtime:ro\", \"/etc/pki/ca-trust/extracted:/etc/pki/ca-trust/extracted:ro\", \"/etc/pki/ca-trust/source/anchors:/etc/pki/ca-trust/source/anchors:ro\", \"/etc/pki/tls/certs/ca-bundle.crt:/etc/pki/tls/certs/ca-bundle.crt:ro\", \"/etc/pki/tls/certs/ca-bundle.trust.crt:/etc/pki/tls/certs/ca-bundle.trust.crt:ro\", \"/etc/pki/tls/cert.pem:/etc/pki/tls/cert.pem:ro\", \"/dev/log:/dev/log\", \"/etc/ssh/ssh_known_hosts:/etc/ssh/ssh_known_hosts:ro\", \"/etc/puppet:/etc/puppet:ro\", \"/var/log/containers/placement:/var/log/placement:z\", \"/var/log/containers/httpd/placement:/var/log/httpd:z\", \"/var/lib/config-data/placement/etc/my.cnf.d/tripleo.cnf:/etc/my.cnf.d/tripleo.cnf:ro\", \"/var/lib/config-data/placement/etc/placement/:/etc/placement/:ro\", \"/var/lib/container-config-scripts/:/container-config-scripts/:z\"]}",
                "config_id": "tripleo_step4",
                "container_name": "placement_wait_for_service",
                "description": "Red Hat OpenStack Platform 16.0 placement-api",
                "distribution-scope": "public",
                "io.k8s.description": "Red Hat OpenStack Platform 16.0 placement-api",
                "io.k8s.display-name": "Red Hat OpenStack Platform 16.0 placement-api",
                "io.openshift.expose-services": "",
                "io.openshift.tags": "rhosp osp openstack osp-16.0",
                "maintainer": "Red Hat, Inc.",
                "managed_by": "tripleo-Undercloud",
                "name": "rhosp16/openstack-placement-api",
                "release": "82",
                "summary": "Red Hat OpenStack Platform 16.0 placement-api",
                "url": "https://access.redhat.com/containers/#/registry.access.redhat.com/rhosp16/openstack-placement-api/images/16.0-82",
                "vcs-ref": "3279f640d627f2539db27c8efbf71b236c8b3af6",
                "vcs-type": "git",
                "vendor": "Red Hat, Inc.",
                "version": "16.0"
            },
            "Annotations": {
                "io.container.manager": "libpod",
                "io.kubernetes.cri-o.ContainerType": "sandbox",
                "io.kubernetes.cri-o.Created": "2020-03-04T03:20:34.505485053Z",
                "io.kubernetes.cri-o.TTY": "false",
                "io.podman.annotations.autoremove": "FALSE",
                "io.podman.annotations.init": "FALSE",
                "io.podman.annotations.privileged": "FALSE",
                "io.podman.annotations.publish-all": "FALSE",
                "org.opencontainers.image.stopSignal": "15"
            },
            "StopSignal": 15
        },
        "HostConfig": {
            "Binds": [
                "/var/log/containers/httpd/placement:/var/log/httpd:rw,rprivate,rbind",
                "/etc/pki/ca-trust/extracted:/etc/pki/ca-trust/extracted:ro,rprivate,rbind",
                "/etc/pki/tls/certs/ca-bundle.crt:/etc/pki/tls/certs/ca-bundle.crt:ro,rprivate,rbind",
                "/etc/ssh/ssh_known_hosts:/etc/ssh/ssh_known_hosts:ro,rprivate,rbind",
                "/etc/pki/tls/certs/ca-bundle.trust.crt:/etc/pki/tls/certs/ca-bundle.trust.crt:ro,rprivate,rbind",
                "/etc/localtime:/etc/localtime:ro,rprivate,rbind",
                "/var/lib/container-config-scripts:/container-config-scripts:rw,rprivate,rbind",
                "/etc/pki/tls/cert.pem:/etc/pki/tls/cert.pem:ro,rprivate,rbind",
                "/var/log/containers/placement:/var/log/placement:rw,rprivate,rbind",
                "/dev/log:/dev/log:rw,rprivate,nosuid,rbind",
                "/etc/pki/ca-trust/source/anchors:/etc/pki/ca-trust/source/anchors:ro,rprivate,rbind",
                "/etc/hosts:/etc/hosts:ro,rprivate,rbind",
                "/var/lib/config-data/placement/etc/my.cnf.d/tripleo.cnf:/etc/my.cnf.d/tripleo.cnf:ro,rprivate,rbind",
                "/var/lib/config-data/placement/etc/placement:/etc/placement:ro,rprivate,rbind",
                "/etc/puppet:/etc/puppet:ro,rprivate,rbind"
            ],
            "ContainerIDFile": "",
            "LogConfig": {
                "Type": "k8s-file",
                "Config": null
            },
            "NetworkMode": "host",
            "PortBindings": {},
            "RestartPolicy": {
                "Name": "",
                "MaximumRetryCount": 0
            },
            "AutoRemove": false,
            "VolumeDriver": "",
            "VolumesFrom": null,
            "CapAdd": [],
            "CapDrop": [],
            "Dns": [],
            "DnsOptions": [],
            "DnsSearch": [],
            "ExtraHosts": [],
            "GroupAdd": [],
            "IpcMode": "",
            "Cgroup": "",
            "Cgroups": "default",
            "Links": null,
            "OomScoreAdj": 0,
            "PidMode": "",
            "Privileged": false,
            "PublishAllPorts": false,
            "ReadonlyRootfs": false,
            "SecurityOpt": [],
            "Tmpfs": {},
            "UTSMode": "",
            "UsernsMode": "",
            "ShmSize": 65536000,
            "Runtime": "oci",
            "ConsoleSize": [
                0,
                0
            ],
            "Isolation": "",
            "CpuShares": 0,
            "Memory": 0,
            "NanoCpus": 0,
            "CgroupParent": "",
            "BlkioWeight": 0,
            "BlkioWeightDevice": null,
            "BlkioDeviceReadBps": null,
            "BlkioDeviceWriteBps": null,
            "BlkioDeviceReadIOps": null,
            "BlkioDeviceWriteIOps": null,
            "CpuPeriod": 0,
            "CpuQuota": 0,
            "CpuRealtimePeriod": 0,
            "CpuRealtimeRuntime": 0,
            "CpusetCpus": "0,1,2,3,4,5,6,7",
            "CpusetMems": "",
            "Devices": [],
            "DiskQuota": 0,
            "KernelMemory": 0,
            "MemoryReservation": 0,
            "MemorySwap": 0,
            "MemorySwappiness": -1,
            "OomKillDisable": false,
            "PidsLimit": 4096,
            "Ulimits": [
                {
                    "Name": "RLIMIT_NOFILE",
                    "Soft": 1048576,
                    "Hard": 1048576
                },
                {
                    "Name": "RLIMIT_NPROC",
                    "Soft": 1048576,
                    "Hard": 1048576
                }
            ],
            "CpuCount": 0,
            "CpuPercent": 0,
            "IOMaximumIOps": 0,
            "IOMaximumBandwidth": 0
        }
    }
]
+ podman exec -it --user root placement_wait_for_service /usr/bin/rpm -qa
Error: cannot exec into container that is not running: container state improper
