+ sudo -E kolla_set_configs
INFO:__main__:Loading config file at /var/lib/kolla/config_files/config.json
INFO:__main__:Validating config file
INFO:__main__:Kolla config strategy set to: COPY_ALWAYS
INFO:__main__:Copying service configuration files
INFO:__main__:Creating directory /etc/keystone/fernet-keys
INFO:__main__:Copying /var/lib/kolla/config_files/src/etc/keystone/fernet-keys/0 to /etc/keystone/fernet-keys/0
INFO:__main__:Copying /var/lib/kolla/config_files/src/etc/keystone/fernet-keys/1 to /etc/keystone/fernet-keys/1
INFO:__main__:Deleting /etc/httpd/conf.d
INFO:__main__:Creating directory /etc/httpd/conf.d
INFO:__main__:Copying /var/lib/kolla/config_files/src/etc/httpd/conf.d/10-keystone_wsgi.conf to /etc/httpd/conf.d/10-keystone_wsgi.conf
INFO:__main__:Copying /var/lib/kolla/config_files/src/etc/httpd/conf.d/access_compat.load to /etc/httpd/conf.d/access_compat.load
INFO:__main__:Copying /var/lib/kolla/config_files/src/etc/httpd/conf.d/actions.load to /etc/httpd/conf.d/actions.load
INFO:__main__:Copying /var/lib/kolla/config_files/src/etc/httpd/conf.d/alias.conf to /etc/httpd/conf.d/alias.conf
INFO:__main__:Copying /var/lib/kolla/config_files/src/etc/httpd/conf.d/alias.load to /etc/httpd/conf.d/alias.load
INFO:__main__:Copying /var/lib/kolla/config_files/src/etc/httpd/conf.d/auth_basic.load to /etc/httpd/conf.d/auth_basic.load
INFO:__main__:Copying /var/lib/kolla/config_files/src/etc/httpd/conf.d/auth_digest.load to /etc/httpd/conf.d/auth_digest.load
INFO:__main__:Copying /var/lib/kolla/config_files/src/etc/httpd/conf.d/authn_anon.load to /etc/httpd/conf.d/authn_anon.load
INFO:__main__:Copying /var/lib/kolla/config_files/src/etc/httpd/conf.d/authn_core.load to /etc/httpd/conf.d/authn_core.load
INFO:__main__:Copying /var/lib/kolla/config_files/src/etc/httpd/conf.d/authn_dbm.load to /etc/httpd/conf.d/authn_dbm.load
INFO:__main__:Copying /var/lib/kolla/config_files/src/etc/httpd/conf.d/authn_file.load to /etc/httpd/conf.d/authn_file.load
INFO:__main__:Copying /var/lib/kolla/config_files/src/etc/httpd/conf.d/authz_core.load to /etc/httpd/conf.d/authz_core.load
INFO:__main__:Copying /var/lib/kolla/config_files/src/etc/httpd/conf.d/authz_dbm.load to /etc/httpd/conf.d/authz_dbm.load
INFO:__main__:Copying /var/lib/kolla/config_files/src/etc/httpd/conf.d/authz_groupfile.load to /etc/httpd/conf.d/authz_groupfile.load
INFO:__main__:Copying /var/lib/kolla/config_files/src/etc/httpd/conf.d/authz_host.load to /etc/httpd/conf.d/authz_host.load
INFO:__main__:Copying /var/lib/kolla/config_files/src/etc/httpd/conf.d/authz_owner.load to /etc/httpd/conf.d/authz_owner.load
INFO:__main__:Copying /var/lib/kolla/config_files/src/etc/httpd/conf.d/authz_user.load to /etc/httpd/conf.d/authz_user.load
INFO:__main__:Copying /var/lib/kolla/config_files/src/etc/httpd/conf.d/autoindex.conf to /etc/httpd/conf.d/autoindex.conf
INFO:__main__:Copying /var/lib/kolla/config_files/src/etc/httpd/conf.d/autoindex.load to /etc/httpd/conf.d/autoindex.load
INFO:__main__:Copying /var/lib/kolla/config_files/src/etc/httpd/conf.d/cache.load to /etc/httpd/conf.d/cache.load
INFO:__main__:Copying /var/lib/kolla/config_files/src/etc/httpd/conf.d/cgi.load to /etc/httpd/conf.d/cgi.load
INFO:__main__:Copying /var/lib/kolla/config_files/src/etc/httpd/conf.d/dav.load to /etc/httpd/conf.d/dav.load
INFO:__main__:Copying /var/lib/kolla/config_files/src/etc/httpd/conf.d/dav_fs.conf to /etc/httpd/conf.d/dav_fs.conf
INFO:__main__:Copying /var/lib/kolla/config_files/src/etc/httpd/conf.d/dav_fs.load to /etc/httpd/conf.d/dav_fs.load
INFO:__main__:Copying /var/lib/kolla/config_files/src/etc/httpd/conf.d/deflate.conf to /etc/httpd/conf.d/deflate.conf
INFO:__main__:Copying /var/lib/kolla/config_files/src/etc/httpd/conf.d/deflate.load to /etc/httpd/conf.d/deflate.load
INFO:__main__:Copying /var/lib/kolla/config_files/src/etc/httpd/conf.d/dir.conf to /etc/httpd/conf.d/dir.conf
INFO:__main__:Copying /var/lib/kolla/config_files/src/etc/httpd/conf.d/dir.load to /etc/httpd/conf.d/dir.load
INFO:__main__:Copying /var/lib/kolla/config_files/src/etc/httpd/conf.d/env.load to /etc/httpd/conf.d/env.load
INFO:__main__:Copying /var/lib/kolla/config_files/src/etc/httpd/conf.d/expires.load to /etc/httpd/conf.d/expires.load
INFO:__main__:Copying /var/lib/kolla/config_files/src/etc/httpd/conf.d/ext_filter.load to /etc/httpd/conf.d/ext_filter.load
INFO:__main__:Copying /var/lib/kolla/config_files/src/etc/httpd/conf.d/filter.load to /etc/httpd/conf.d/filter.load
INFO:__main__:Copying /var/lib/kolla/config_files/src/etc/httpd/conf.d/include.load to /etc/httpd/conf.d/include.load
INFO:__main__:Copying /var/lib/kolla/config_files/src/etc/httpd/conf.d/log_config.load to /etc/httpd/conf.d/log_config.load
INFO:__main__:Copying /var/lib/kolla/config_files/src/etc/httpd/conf.d/logio.load to /etc/httpd/conf.d/logio.load
INFO:__main__:Copying /var/lib/kolla/config_files/src/etc/httpd/conf.d/mime.conf to /etc/httpd/conf.d/mime.conf
INFO:__main__:Copying /var/lib/kolla/config_files/src/etc/httpd/conf.d/mime.load to /etc/httpd/conf.d/mime.load
INFO:__main__:Copying /var/lib/kolla/config_files/src/etc/httpd/conf.d/mime_magic.conf to /etc/httpd/conf.d/mime_magic.conf
INFO:__main__:Copying /var/lib/kolla/config_files/src/etc/httpd/conf.d/mime_magic.load to /etc/httpd/conf.d/mime_magic.load
INFO:__main__:Copying /var/lib/kolla/config_files/src/etc/httpd/conf.d/negotiation.conf to /etc/httpd/conf.d/negotiation.conf
INFO:__main__:Copying /var/lib/kolla/config_files/src/etc/httpd/conf.d/negotiation.load to /etc/httpd/conf.d/negotiation.load
INFO:__main__:Copying /var/lib/kolla/config_files/src/etc/httpd/conf.d/prefork.conf to /etc/httpd/conf.d/prefork.conf
INFO:__main__:Copying /var/lib/kolla/config_files/src/etc/httpd/conf.d/prefork.load to /etc/httpd/conf.d/prefork.load
INFO:__main__:Copying /var/lib/kolla/config_files/src/etc/httpd/conf.d/rewrite.load to /etc/httpd/conf.d/rewrite.load
INFO:__main__:Copying /var/lib/kolla/config_files/src/etc/httpd/conf.d/setenvif.conf to /etc/httpd/conf.d/setenvif.conf
INFO:__main__:Copying /var/lib/kolla/config_files/src/etc/httpd/conf.d/setenvif.load to /etc/httpd/conf.d/setenvif.load
INFO:__main__:Copying /var/lib/kolla/config_files/src/etc/httpd/conf.d/socache_shmcb.load to /etc/httpd/conf.d/socache_shmcb.load
INFO:__main__:Copying /var/lib/kolla/config_files/src/etc/httpd/conf.d/speling.load to /etc/httpd/conf.d/speling.load
INFO:__main__:Copying /var/lib/kolla/config_files/src/etc/httpd/conf.d/ssl.conf to /etc/httpd/conf.d/ssl.conf
INFO:__main__:Copying /var/lib/kolla/config_files/src/etc/httpd/conf.d/ssl.load to /etc/httpd/conf.d/ssl.load
INFO:__main__:Copying /var/lib/kolla/config_files/src/etc/httpd/conf.d/status.conf to /etc/httpd/conf.d/status.conf
INFO:__main__:Copying /var/lib/kolla/config_files/src/etc/httpd/conf.d/status.load to /etc/httpd/conf.d/status.load
INFO:__main__:Copying /var/lib/kolla/config_files/src/etc/httpd/conf.d/substitute.load to /etc/httpd/conf.d/substitute.load
INFO:__main__:Copying /var/lib/kolla/config_files/src/etc/httpd/conf.d/suexec.load to /etc/httpd/conf.d/suexec.load
INFO:__main__:Copying /var/lib/kolla/config_files/src/etc/httpd/conf.d/systemd.load to /etc/httpd/conf.d/systemd.load
INFO:__main__:Copying /var/lib/kolla/config_files/src/etc/httpd/conf.d/unixd.load to /etc/httpd/conf.d/unixd.load
INFO:__main__:Copying /var/lib/kolla/config_files/src/etc/httpd/conf.d/usertrack.load to /etc/httpd/conf.d/usertrack.load
INFO:__main__:Copying /var/lib/kolla/config_files/src/etc/httpd/conf.d/version.load to /etc/httpd/conf.d/version.load
INFO:__main__:Copying /var/lib/kolla/config_files/src/etc/httpd/conf.d/vhost_alias.load to /etc/httpd/conf.d/vhost_alias.load
INFO:__main__:Copying /var/lib/kolla/config_files/src/etc/httpd/conf.d/wsgi.conf to /etc/httpd/conf.d/wsgi.conf
INFO:__main__:Copying /var/lib/kolla/config_files/src/etc/httpd/conf.d/wsgi.load to /etc/httpd/conf.d/wsgi.load
INFO:__main__:Deleting /etc/httpd/conf.d/10-keystone_wsgi.conf
INFO:__main__:Copying /var/lib/kolla/config_files/src/etc/httpd/conf.d/10-keystone_wsgi.conf to /etc/httpd/conf.d/10-keystone_wsgi.conf
INFO:__main__:Deleting /etc/httpd/conf.d/access_compat.load
INFO:__main__:Copying /var/lib/kolla/config_files/src/etc/httpd/conf.d/access_compat.load to /etc/httpd/conf.d/access_compat.load
INFO:__main__:Deleting /etc/httpd/conf.d/actions.load
INFO:__main__:Copying /var/lib/kolla/config_files/src/etc/httpd/conf.d/actions.load to /etc/httpd/conf.d/actions.load
INFO:__main__:Deleting /etc/httpd/conf.d/alias.conf
INFO:__main__:Copying /var/lib/kolla/config_files/src/etc/httpd/conf.d/alias.conf to /etc/httpd/conf.d/alias.conf
INFO:__main__:Deleting /etc/httpd/conf.d/alias.load
INFO:__main__:Copying /var/lib/kolla/config_files/src/etc/httpd/conf.d/alias.load to /etc/httpd/conf.d/alias.load
INFO:__main__:Deleting /etc/httpd/conf.d/auth_basic.load
INFO:__main__:Copying /var/lib/kolla/config_files/src/etc/httpd/conf.d/auth_basic.load to /etc/httpd/conf.d/auth_basic.load
INFO:__main__:Deleting /etc/httpd/conf.d/auth_digest.load
INFO:__main__:Copying /var/lib/kolla/config_files/src/etc/httpd/conf.d/auth_digest.load to /etc/httpd/conf.d/auth_digest.load
INFO:__main__:Deleting /etc/httpd/conf.d/authn_anon.load
INFO:__main__:Copying /var/lib/kolla/config_files/src/etc/httpd/conf.d/authn_anon.load to /etc/httpd/conf.d/authn_anon.load
INFO:__main__:Deleting /etc/httpd/conf.d/authn_core.load
INFO:__main__:Copying /var/lib/kolla/config_files/src/etc/httpd/conf.d/authn_core.load to /etc/httpd/conf.d/authn_core.load
INFO:__main__:Deleting /etc/httpd/conf.d/authn_dbm.load
INFO:__main__:Copying /var/lib/kolla/config_files/src/etc/httpd/conf.d/authn_dbm.load to /etc/httpd/conf.d/authn_dbm.load
INFO:__main__:Deleting /etc/httpd/conf.d/authn_file.load
INFO:__main__:Copying /var/lib/kolla/config_files/src/etc/httpd/conf.d/authn_file.load to /etc/httpd/conf.d/authn_file.load
INFO:__main__:Deleting /etc/httpd/conf.d/authz_core.load
INFO:__main__:Copying /var/lib/kolla/config_files/src/etc/httpd/conf.d/authz_core.load to /etc/httpd/conf.d/authz_core.load
INFO:__main__:Deleting /etc/httpd/conf.d/authz_dbm.load
INFO:__main__:Copying /var/lib/kolla/config_files/src/etc/httpd/conf.d/authz_dbm.load to /etc/httpd/conf.d/authz_dbm.load
INFO:__main__:Deleting /etc/httpd/conf.d/authz_groupfile.load
INFO:__main__:Copying /var/lib/kolla/config_files/src/etc/httpd/conf.d/authz_groupfile.load to /etc/httpd/conf.d/authz_groupfile.load
INFO:__main__:Deleting /etc/httpd/conf.d/authz_host.load
INFO:__main__:Copying /var/lib/kolla/config_files/src/etc/httpd/conf.d/authz_host.load to /etc/httpd/conf.d/authz_host.load
INFO:__main__:Deleting /etc/httpd/conf.d/authz_owner.load
INFO:__main__:Copying /var/lib/kolla/config_files/src/etc/httpd/conf.d/authz_owner.load to /etc/httpd/conf.d/authz_owner.load
INFO:__main__:Deleting /etc/httpd/conf.d/authz_user.load
INFO:__main__:Copying /var/lib/kolla/config_files/src/etc/httpd/conf.d/authz_user.load to /etc/httpd/conf.d/authz_user.load
INFO:__main__:Deleting /etc/httpd/conf.d/autoindex.conf
INFO:__main__:Copying /var/lib/kolla/config_files/src/etc/httpd/conf.d/autoindex.conf to /etc/httpd/conf.d/autoindex.conf
INFO:__main__:Deleting /etc/httpd/conf.d/autoindex.load
INFO:__main__:Copying /var/lib/kolla/config_files/src/etc/httpd/conf.d/autoindex.load to /etc/httpd/conf.d/autoindex.load
INFO:__main__:Deleting /etc/httpd/conf.d/cache.load
INFO:__main__:Copying /var/lib/kolla/config_files/src/etc/httpd/conf.d/cache.load to /etc/httpd/conf.d/cache.load
INFO:__main__:Deleting /etc/httpd/conf.d/cgi.load
INFO:__main__:Copying /var/lib/kolla/config_files/src/etc/httpd/conf.d/cgi.load to /etc/httpd/conf.d/cgi.load
INFO:__main__:Deleting /etc/httpd/conf.d/dav.load
INFO:__main__:Copying /var/lib/kolla/config_files/src/etc/httpd/conf.d/dav.load to /etc/httpd/conf.d/dav.load
INFO:__main__:Deleting /etc/httpd/conf.d/dav_fs.conf
INFO:__main__:Copying /var/lib/kolla/config_files/src/etc/httpd/conf.d/dav_fs.conf to /etc/httpd/conf.d/dav_fs.conf
INFO:__main__:Deleting /etc/httpd/conf.d/dav_fs.load
INFO:__main__:Copying /var/lib/kolla/config_files/src/etc/httpd/conf.d/dav_fs.load to /etc/httpd/conf.d/dav_fs.load
INFO:__main__:Deleting /etc/httpd/conf.d/deflate.conf
INFO:__main__:Copying /var/lib/kolla/config_files/src/etc/httpd/conf.d/deflate.conf to /etc/httpd/conf.d/deflate.conf
INFO:__main__:Deleting /etc/httpd/conf.d/deflate.load
INFO:__main__:Copying /var/lib/kolla/config_files/src/etc/httpd/conf.d/deflate.load to /etc/httpd/conf.d/deflate.load
INFO:__main__:Deleting /etc/httpd/conf.d/dir.conf
INFO:__main__:Copying /var/lib/kolla/config_files/src/etc/httpd/conf.d/dir.conf to /etc/httpd/conf.d/dir.conf
INFO:__main__:Deleting /etc/httpd/conf.d/dir.load
INFO:__main__:Copying /var/lib/kolla/config_files/src/etc/httpd/conf.d/dir.load to /etc/httpd/conf.d/dir.load
INFO:__main__:Deleting /etc/httpd/conf.d/env.load
INFO:__main__:Copying /var/lib/kolla/config_files/src/etc/httpd/conf.d/env.load to /etc/httpd/conf.d/env.load
INFO:__main__:Deleting /etc/httpd/conf.d/expires.load
INFO:__main__:Copying /var/lib/kolla/config_files/src/etc/httpd/conf.d/expires.load to /etc/httpd/conf.d/expires.load
INFO:__main__:Deleting /etc/httpd/conf.d/ext_filter.load
INFO:__main__:Copying /var/lib/kolla/config_files/src/etc/httpd/conf.d/ext_filter.load to /etc/httpd/conf.d/ext_filter.load
INFO:__main__:Deleting /etc/httpd/conf.d/filter.load
INFO:__main__:Copying /var/lib/kolla/config_files/src/etc/httpd/conf.d/filter.load to /etc/httpd/conf.d/filter.load
INFO:__main__:Deleting /etc/httpd/conf.d/include.load
INFO:__main__:Copying /var/lib/kolla/config_files/src/etc/httpd/conf.d/include.load to /etc/httpd/conf.d/include.load
INFO:__main__:Deleting /etc/httpd/conf.d/log_config.load
INFO:__main__:Copying /var/lib/kolla/config_files/src/etc/httpd/conf.d/log_config.load to /etc/httpd/conf.d/log_config.load
INFO:__main__:Deleting /etc/httpd/conf.d/logio.load
INFO:__main__:Copying /var/lib/kolla/config_files/src/etc/httpd/conf.d/logio.load to /etc/httpd/conf.d/logio.load
INFO:__main__:Deleting /etc/httpd/conf.d/mime.conf
INFO:__main__:Copying /var/lib/kolla/config_files/src/etc/httpd/conf.d/mime.conf to /etc/httpd/conf.d/mime.conf
INFO:__main__:Deleting /etc/httpd/conf.d/mime.load
INFO:__main__:Copying /var/lib/kolla/config_files/src/etc/httpd/conf.d/mime.load to /etc/httpd/conf.d/mime.load
INFO:__main__:Deleting /etc/httpd/conf.d/mime_magic.conf
INFO:__main__:Copying /var/lib/kolla/config_files/src/etc/httpd/conf.d/mime_magic.conf to /etc/httpd/conf.d/mime_magic.conf
INFO:__main__:Deleting /etc/httpd/conf.d/mime_magic.load
INFO:__main__:Copying /var/lib/kolla/config_files/src/etc/httpd/conf.d/mime_magic.load to /etc/httpd/conf.d/mime_magic.load
INFO:__main__:Deleting /etc/httpd/conf.d/negotiation.conf
INFO:__main__:Copying /var/lib/kolla/config_files/src/etc/httpd/conf.d/negotiation.conf to /etc/httpd/conf.d/negotiation.conf
INFO:__main__:Deleting /etc/httpd/conf.d/negotiation.load
INFO:__main__:Copying /var/lib/kolla/config_files/src/etc/httpd/conf.d/negotiation.load to /etc/httpd/conf.d/negotiation.load
INFO:__main__:Deleting /etc/httpd/conf.d/prefork.conf
INFO:__main__:Copying /var/lib/kolla/config_files/src/etc/httpd/conf.d/prefork.conf to /etc/httpd/conf.d/prefork.conf
INFO:__main__:Deleting /etc/httpd/conf.d/prefork.load
INFO:__main__:Copying /var/lib/kolla/config_files/src/etc/httpd/conf.d/prefork.load to /etc/httpd/conf.d/prefork.load
INFO:__main__:Deleting /etc/httpd/conf.d/rewrite.load
INFO:__main__:Copying /var/lib/kolla/config_files/src/etc/httpd/conf.d/rewrite.load to /etc/httpd/conf.d/rewrite.load
INFO:__main__:Deleting /etc/httpd/conf.d/setenvif.conf
INFO:__main__:Copying /var/lib/kolla/config_files/src/etc/httpd/conf.d/setenvif.conf to /etc/httpd/conf.d/setenvif.conf
INFO:__main__:Deleting /etc/httpd/conf.d/setenvif.load
INFO:__main__:Copying /var/lib/kolla/config_files/src/etc/httpd/conf.d/setenvif.load to /etc/httpd/conf.d/setenvif.load
INFO:__main__:Deleting /etc/httpd/conf.d/socache_shmcb.load
INFO:__main__:Copying /var/lib/kolla/config_files/src/etc/httpd/conf.d/socache_shmcb.load to /etc/httpd/conf.d/socache_shmcb.load
INFO:__main__:Deleting /etc/httpd/conf.d/speling.load
INFO:__main__:Copying /var/lib/kolla/config_files/src/etc/httpd/conf.d/speling.load to /etc/httpd/conf.d/speling.load
INFO:__main__:Deleting /etc/httpd/conf.d/ssl.conf
INFO:__main__:Copying /var/lib/kolla/config_files/src/etc/httpd/conf.d/ssl.conf to /etc/httpd/conf.d/ssl.conf
INFO:__main__:Deleting /etc/httpd/conf.d/ssl.load
INFO:__main__:Copying /var/lib/kolla/config_files/src/etc/httpd/conf.d/ssl.load to /etc/httpd/conf.d/ssl.load
INFO:__main__:Deleting /etc/httpd/conf.d/status.conf
INFO:__main__:Copying /var/lib/kolla/config_files/src/etc/httpd/conf.d/status.conf to /etc/httpd/conf.d/status.conf
INFO:__main__:Deleting /etc/httpd/conf.d/status.load
INFO:__main__:Copying /var/lib/kolla/config_files/src/etc/httpd/conf.d/status.load to /etc/httpd/conf.d/status.load
INFO:__main__:Deleting /etc/httpd/conf.d/substitute.load
INFO:__main__:Copying /var/lib/kolla/config_files/src/etc/httpd/conf.d/substitute.load to /etc/httpd/conf.d/substitute.load
INFO:__main__:Deleting /etc/httpd/conf.d/suexec.load
INFO:__main__:Copying /var/lib/kolla/config_files/src/etc/httpd/conf.d/suexec.load to /etc/httpd/conf.d/suexec.load
INFO:__main__:Deleting /etc/httpd/conf.d/systemd.load
INFO:__main__:Copying /var/lib/kolla/config_files/src/etc/httpd/conf.d/systemd.load to /etc/httpd/conf.d/systemd.load
INFO:__main__:Deleting /etc/httpd/conf.d/unixd.load
INFO:__main__:Copying /var/lib/kolla/config_files/src/etc/httpd/conf.d/unixd.load to /etc/httpd/conf.d/unixd.load
INFO:__main__:Deleting /etc/httpd/conf.d/usertrack.load
INFO:__main__:Copying /var/lib/kolla/config_files/src/etc/httpd/conf.d/usertrack.load to /etc/httpd/conf.d/usertrack.load
INFO:__main__:Deleting /etc/httpd/conf.d/version.load
INFO:__main__:Copying /var/lib/kolla/config_files/src/etc/httpd/conf.d/version.load to /etc/httpd/conf.d/version.load
INFO:__main__:Deleting /etc/httpd/conf.d/vhost_alias.load
INFO:__main__:Copying /var/lib/kolla/config_files/src/etc/httpd/conf.d/vhost_alias.load to /etc/httpd/conf.d/vhost_alias.load
INFO:__main__:Deleting /etc/httpd/conf.d/wsgi.conf
INFO:__main__:Copying /var/lib/kolla/config_files/src/etc/httpd/conf.d/wsgi.conf to /etc/httpd/conf.d/wsgi.conf
INFO:__main__:Deleting /etc/httpd/conf.d/wsgi.load
INFO:__main__:Copying /var/lib/kolla/config_files/src/etc/httpd/conf.d/wsgi.load to /etc/httpd/conf.d/wsgi.load
INFO:__main__:Deleting /etc/httpd/conf/httpd.conf
INFO:__main__:Copying /var/lib/kolla/config_files/src/etc/httpd/conf/httpd.conf to /etc/httpd/conf/httpd.conf
INFO:__main__:Copying /var/lib/kolla/config_files/src/etc/httpd/conf/ports.conf to /etc/httpd/conf/ports.conf
INFO:__main__:Creating directory /etc/keystone/credential-keys
INFO:__main__:Copying /var/lib/kolla/config_files/src/etc/keystone/credential-keys/0 to /etc/keystone/credential-keys/0
INFO:__main__:Copying /var/lib/kolla/config_files/src/etc/keystone/credential-keys/1 to /etc/keystone/credential-keys/1
INFO:__main__:Deleting /etc/keystone/fernet-keys/0
INFO:__main__:Copying /var/lib/kolla/config_files/src/etc/keystone/fernet-keys/0 to /etc/keystone/fernet-keys/0
INFO:__main__:Deleting /etc/keystone/fernet-keys/1
INFO:__main__:Copying /var/lib/kolla/config_files/src/etc/keystone/fernet-keys/1 to /etc/keystone/fernet-keys/1
INFO:__main__:Deleting /etc/keystone/keystone.conf
INFO:__main__:Copying /var/lib/kolla/config_files/src/etc/keystone/keystone.conf to /etc/keystone/keystone.conf
INFO:__main__:Creating directory /etc/my.cnf.d
INFO:__main__:Copying /var/lib/kolla/config_files/src/etc/my.cnf.d/tripleo.cnf to /etc/my.cnf.d/tripleo.cnf
INFO:__main__:Copying /var/lib/kolla/config_files/src/var/www/cgi-bin/keystone/keystone to /var/www/cgi-bin/keystone/keystone
INFO:__main__:Writing out command to execute
++ cat /run_command
+ CMD=/usr/sbin/httpd
+ ARGS=
+ sudo kolla_copy_cacerts
+ [[ ! -n '' ]]
+ . kolla_extend_start
++ [[ rhel =~ debian|ubuntu ]]
++ rm -rf /var/run/httpd/htcacheclean /run/httpd/htcacheclean '/tmp/httpd*'
++ KEYSTONE_LOG_DIR=/var/log/kolla/keystone
++ [[ ! -d /var/log/kolla/keystone ]]
++ mkdir -p /var/log/kolla/keystone
+++ stat -c %U:%G /var/log/kolla/keystone
++ [[ root:kolla != \k\e\y\s\t\o\n\e\:\k\o\l\l\a ]]
++ chown keystone:kolla /var/log/kolla/keystone
++ '[' '!' -f /var/log/kolla/keystone/keystone.log ']'
++ touch /var/log/kolla/keystone/keystone.log
+++ stat -c %U:%G /var/log/kolla/keystone/keystone.log
++ [[ root:kolla != \k\e\y\s\t\o\n\e\:\k\e\y\s\t\o\n\e ]]
++ chown keystone:keystone /var/log/kolla/keystone/keystone.log
+++ stat -c %a /var/log/kolla/keystone
++ [[ 2755 != \7\5\5 ]]
++ chmod 755 /var/log/kolla/keystone
++ EXTRA_KEYSTONE_MANAGE_ARGS=
++ [[ -n '' ]]
++ [[ -n '' ]]
++ [[ -n '' ]]
++ ARGS=-DFOREGROUND
+ echo 'Running command: '\''/usr/sbin/httpd -DFOREGROUND'\'''
Running command: '/usr/sbin/httpd -DFOREGROUND'
+ exec /usr/sbin/httpd -DFOREGROUND
