+ podman top placement_init_log user pid ppid pcpu vsz tty state time etime args
Error: top can only be used on running containers
+ podman exec --user root placement_init_log top -bwn1
Error: cannot exec into container that is not running: container state improper
+ podman inspect placement_init_log
[
    {
        "Id": "8f2e8f1165fcd24ccac46c9e6d39a5f63a1fe29879758b1ef83b5bd73b88db3f",
        "Created": "2020-03-04T03:12:51.60186779Z",
        "Path": "dumb-init",
        "Args": [
            "--single-child",
            "--",
            "/bin/bash",
            "-c",
            "chown -R placement:placement /var/log/placement"
        ],
        "State": {
            "OciVersion": "1.0.1-dev",
            "Status": "exited",
            "Running": false,
            "Paused": false,
            "Restarting": false,
            "OOMKilled": false,
            "Dead": false,
            "Pid": 0,
            "ExitCode": 0,
            "Error": "",
            "StartedAt": "2020-03-04T03:12:51.909341803Z",
            "FinishedAt": "2020-03-04T03:12:51.941329397Z",
            "Healthcheck": {
                "Status": "",
                "FailingStreak": 0,
                "Log": null
            }
        },
        "Image": "e1cf4edb999656a2411540a508566824c0d7f242ef88e320486c492e15d22d2d",
        "ImageName": "undercloud-0.ctlplane.redhat.local:8787/rh-osbs/rhosp16-openstack-placement-api:20200226.1",
        "Rootfs": "",
        "Pod": "",
        "ResolvConfPath": "",
        "HostnamePath": "/var/run/containers/storage/overlay-containers/8f2e8f1165fcd24ccac46c9e6d39a5f63a1fe29879758b1ef83b5bd73b88db3f/userdata/hostname",
        "HostsPath": "",
        "StaticDir": "/var/lib/containers/storage/overlay-containers/8f2e8f1165fcd24ccac46c9e6d39a5f63a1fe29879758b1ef83b5bd73b88db3f/userdata",
        "OCIConfigPath": "/var/lib/containers/storage/overlay-containers/8f2e8f1165fcd24ccac46c9e6d39a5f63a1fe29879758b1ef83b5bd73b88db3f/userdata/config.json",
        "OCIRuntime": "runc",
        "LogPath": "/var/log/containers/stdouts/placement_init_log.log",
        "ConmonPidFile": "/var/run/placement_init_log.pid",
        "Name": "placement_init_log",
        "RestartCount": 0,
        "Driver": "overlay",
        "MountLabel": "system_u:object_r:container_file_t:s0:c9,c733",
        "ProcessLabel": "system_u:system_r:container_t:s0:c9,c733",
        "AppArmorProfile": "",
        "EffectiveCaps": [
            "CAP_CHOWN",
            "CAP_DAC_OVERRIDE",
            "CAP_FSETID",
            "CAP_FOWNER",
            "CAP_MKNOD",
            "CAP_NET_RAW",
            "CAP_SETGID",
            "CAP_SETUID",
            "CAP_SETFCAP",
            "CAP_SETPCAP",
            "CAP_NET_BIND_SERVICE",
            "CAP_SYS_CHROOT",
            "CAP_KILL",
            "CAP_AUDIT_WRITE"
        ],
        "BoundingCaps": [
            "CAP_CHOWN",
            "CAP_DAC_OVERRIDE",
            "CAP_FSETID",
            "CAP_FOWNER",
            "CAP_MKNOD",
            "CAP_NET_RAW",
            "CAP_SETGID",
            "CAP_SETUID",
            "CAP_SETFCAP",
            "CAP_SETPCAP",
            "CAP_NET_BIND_SERVICE",
            "CAP_SYS_CHROOT",
            "CAP_KILL",
            "CAP_AUDIT_WRITE"
        ],
        "ExecIDs": [],
        "GraphDriver": {
            "Name": "overlay",
            "Data": {
                "LowerDir": "/var/lib/containers/storage/overlay/14e0030dd85e9fe02d1be600b2ef1bc58f1ad7009e893adc8abe9c8bc87afc2a/diff:/var/lib/containers/storage/overlay/3d1048cffd16a139f416c33ecc7bfe8a80dd9ee31ffe14a2ee51c1489865944d/diff:/var/lib/containers/storage/overlay/9ffebe361fec105693dc398ba724d0faa201282b8a1e9a3e6383cac48256e775/diff:/var/lib/containers/storage/overlay/f659bfaf2e3b922dcc39bb7e9011ea80508c21349fabb8d1ce2ea20525be349b/diff:/var/lib/containers/storage/overlay/1295eae54c9d95bd8e2c7f83df2a90ac3923d89ec44231fd49f31e7a934f9656/diff",
                "UpperDir": "/var/lib/containers/storage/overlay/24414a65f0f87cbed66aacdd44f999c9ef7a3abfca3cfd0b0b23cff0fd7eb4cb/diff",
                "WorkDir": "/var/lib/containers/storage/overlay/24414a65f0f87cbed66aacdd44f999c9ef7a3abfca3cfd0b0b23cff0fd7eb4cb/work"
            }
        },
        "Mounts": [
            {
                "Type": "bind",
                "Name": "",
                "Source": "/var/log/containers/httpd/placement",
                "Destination": "/var/log/httpd",
                "Driver": "",
                "Mode": "",
                "Options": [
                    "rbind"
                ],
                "RW": true,
                "Propagation": "rprivate"
            },
            {
                "Type": "bind",
                "Name": "",
                "Source": "/var/log/containers/placement",
                "Destination": "/var/log/placement",
                "Driver": "",
                "Mode": "",
                "Options": [
                    "rbind"
                ],
                "RW": true,
                "Propagation": "rprivate"
            }
        ],
        "Dependencies": [],
        "NetworkSettings": {
            "Bridge": "",
            "SandboxID": "",
            "HairpinMode": false,
            "LinkLocalIPv6Address": "",
            "LinkLocalIPv6PrefixLen": 0,
            "Ports": [],
            "SandboxKey": "",
            "SecondaryIPAddresses": null,
            "SecondaryIPv6Addresses": null,
            "EndpointID": "",
            "Gateway": "",
            "GlobalIPv6Address": "",
            "GlobalIPv6PrefixLen": 0,
            "IPAddress": "",
            "IPPrefixLen": 0,
            "IPv6Gateway": "",
            "MacAddress": ""
        },
        "ExitCommand": [
            "/usr/bin/podman",
            "--root",
            "/var/lib/containers/storage",
            "--runroot",
            "/var/run/containers/storage",
            "--log-level",
            "error",
            "--cgroup-manager",
            "systemd",
            "--tmpdir",
            "/var/run/libpod",
            "--runtime",
            "runc",
            "--storage-driver",
            "overlay",
            "--events-backend",
            "journald",
            "container",
            "cleanup",
            "8f2e8f1165fcd24ccac46c9e6d39a5f63a1fe29879758b1ef83b5bd73b88db3f"
        ],
        "Namespace": "",
        "IsInfra": false,
        "Config": {
            "Hostname": "8f2e8f1165fc",
            "Domainname": "",
            "User": "root",
            "AttachStdin": false,
            "AttachStdout": false,
            "AttachStderr": false,
            "Tty": false,
            "OpenStdin": false,
            "StdinOnce": false,
            "Env": [
                "PATH=/usr/local/sbin:/usr/local/bin:/usr/sbin:/usr/bin:/sbin:/bin",
                "TERM=xterm",
                "HOSTNAME=8f2e8f1165fc",
                "container=oci",
                "LANG=en_US.UTF-8",
                "KOLLA_INSTALL_TYPE=binary",
                "KOLLA_INSTALL_METATYPE=rhos",
                "KOLLA_BASE_ARCH=x86_64",
                "PS1=$(tput bold)($(printenv KOLLA_SERVICE_NAME))$(tput sgr0)[$(id -un)@$(hostname -s) $(pwd)]$ ",
                "KOLLA_BASE_DISTRO=rhel",
                "KOLLA_DISTRO_PYTHON_VERSION=3.6",
                "HOME=/root"
            ],
            "Cmd": [
                "/bin/bash",
                "-c",
                "chown -R placement:placement /var/log/placement"
            ],
            "Image": "undercloud-0.ctlplane.redhat.local:8787/rh-osbs/rhosp16-openstack-placement-api:20200226.1",
            "Volumes": null,
            "WorkingDir": "/",
            "Entrypoint": "dumb-init --single-child --",
            "OnBuild": null,
            "Labels": {
                "architecture": "x86_64",
                "authoritative-source-url": "registry.access.redhat.com",
                "batch": "20200226.1",
                "build-date": "2020-02-26T17:35:54.479303",
                "com.redhat.build-host": "cpt-1005.osbs.prod.upshift.rdu2.redhat.com",
                "com.redhat.component": "openstack-placement-api-container",
                "com.redhat.license_terms": "https://www.redhat.com/en/about/red-hat-end-user-license-agreements",
                "config_data": "{\"command\": [\"/bin/bash\", \"-c\", \"chown -R placement:placement /var/log/placement\"], \"image\": \"undercloud-0.ctlplane.redhat.local:8787/rh-osbs/rhosp16-openstack-placement-api:20200226.1\", \"net\": \"none\", \"start_order\": 1, \"user\": \"root\", \"volumes\": [\"/var/log/containers/placement:/var/log/placement:z\", \"/var/log/containers/httpd/placement:/var/log/httpd:z\"]}",
                "config_id": "tripleo_step2",
                "container_name": "placement_init_log",
                "description": "Red Hat OpenStack Platform 16.0 placement-api",
                "distribution-scope": "public",
                "io.k8s.description": "Red Hat OpenStack Platform 16.0 placement-api",
                "io.k8s.display-name": "Red Hat OpenStack Platform 16.0 placement-api",
                "io.openshift.expose-services": "",
                "io.openshift.tags": "rhosp osp openstack osp-16.0",
                "maintainer": "Red Hat, Inc.",
                "managed_by": "tripleo-Undercloud",
                "name": "rhosp16/openstack-placement-api",
                "release": "82",
                "summary": "Red Hat OpenStack Platform 16.0 placement-api",
                "url": "https://access.redhat.com/containers/#/registry.access.redhat.com/rhosp16/openstack-placement-api/images/16.0-82",
                "vcs-ref": "3279f640d627f2539db27c8efbf71b236c8b3af6",
                "vcs-type": "git",
                "vendor": "Red Hat, Inc.",
                "version": "16.0"
            },
            "Annotations": {
                "io.container.manager": "libpod",
                "io.kubernetes.cri-o.ContainerType": "sandbox",
                "io.kubernetes.cri-o.Created": "2020-03-04T03:12:51.60186779Z",
                "io.kubernetes.cri-o.TTY": "false",
                "io.podman.annotations.autoremove": "FALSE",
                "io.podman.annotations.init": "FALSE",
                "io.podman.annotations.privileged": "FALSE",
                "io.podman.annotations.publish-all": "FALSE",
                "org.opencontainers.image.stopSignal": "15"
            },
            "StopSignal": 15
        },
        "HostConfig": {
            "Binds": [
                "/var/log/containers/httpd/placement:/var/log/httpd:rw,rprivate,rbind",
                "/var/log/containers/placement:/var/log/placement:rw,rprivate,rbind"
            ],
            "ContainerIDFile": "",
            "LogConfig": {
                "Type": "k8s-file",
                "Config": null
            },
            "NetworkMode": "none",
            "PortBindings": {},
            "RestartPolicy": {
                "Name": "",
                "MaximumRetryCount": 0
            },
            "AutoRemove": false,
            "VolumeDriver": "",
            "VolumesFrom": null,
            "CapAdd": [],
            "CapDrop": [],
            "Dns": [],
            "DnsOptions": [],
            "DnsSearch": [],
            "ExtraHosts": [],
            "GroupAdd": [],
            "IpcMode": "",
            "Cgroup": "",
            "Cgroups": "default",
            "Links": null,
            "OomScoreAdj": 0,
            "PidMode": "",
            "Privileged": false,
            "PublishAllPorts": false,
            "ReadonlyRootfs": false,
            "SecurityOpt": [],
            "Tmpfs": {},
            "UTSMode": "",
            "UsernsMode": "",
            "ShmSize": 65536000,
            "Runtime": "oci",
            "ConsoleSize": [
                0,
                0
            ],
            "Isolation": "",
            "CpuShares": 0,
            "Memory": 0,
            "NanoCpus": 0,
            "CgroupParent": "",
            "BlkioWeight": 0,
            "BlkioWeightDevice": null,
            "BlkioDeviceReadBps": null,
            "BlkioDeviceWriteBps": null,
            "BlkioDeviceReadIOps": null,
            "BlkioDeviceWriteIOps": null,
            "CpuPeriod": 0,
            "CpuQuota": 0,
            "CpuRealtimePeriod": 0,
            "CpuRealtimeRuntime": 0,
            "CpusetCpus": "0,1,2,3,4,5,6,7",
            "CpusetMems": "",
            "Devices": [],
            "DiskQuota": 0,
            "KernelMemory": 0,
            "MemoryReservation": 0,
            "MemorySwap": 0,
            "MemorySwappiness": -1,
            "OomKillDisable": false,
            "PidsLimit": 4096,
            "Ulimits": [
                {
                    "Name": "RLIMIT_NOFILE",
                    "Soft": 1048576,
                    "Hard": 1048576
                },
                {
                    "Name": "RLIMIT_NPROC",
                    "Soft": 1048576,
                    "Hard": 1048576
                }
            ],
            "CpuCount": 0,
            "CpuPercent": 0,
            "IOMaximumIOps": 0,
            "IOMaximumBandwidth": 0
        }
    }
]
+ podman exec -it --user root placement_init_log /usr/bin/rpm -qa
Error: cannot exec into container that is not running: container state improper
