2020-03-03 21:46:31,136 INFO     tuned.daemon.application: dynamic tuning is globally disabled
2020-03-03 21:46:31,146 INFO     tuned.daemon.daemon: using sleep interval of 1 second(s)
2020-03-03 21:46:31,149 INFO     tuned.profiles.loader: loading profile: virtual-guest
2020-03-03 21:46:31,157 INFO     tuned.daemon.controller: starting controller
2020-03-03 21:46:31,157 INFO     tuned.daemon.daemon: starting tuning
2020-03-03 21:46:31,165 INFO     tuned.plugins.base: instance cpu: assigning devices cpu1, cpu5, cpu3, cpu2, cpu6, cpu7, cpu4, cpu0
2020-03-03 21:46:31,166 INFO     tuned.plugins.plugin_cpu: We are running on an x86 GenuineIntel platform
2020-03-03 21:46:31,252 ERROR    tuned.utils.commands: Executing x86_energy_perf_policy error: x86_energy_perf_policy: /dev/cpu/6/msr offset 0x1ad read failed: Input/output error
2020-03-03 21:46:31,253 WARNING  tuned.plugins.plugin_cpu: your CPU doesn't support MSR_IA32_ENERGY_PERF_BIAS, ignoring CPU energy performance bias
2020-03-03 21:46:31,254 INFO     tuned.plugins.base: instance disk: assigning devices vda
2020-03-03 21:46:31,273 INFO     tuned.plugins.plugin_sysctl: reapplying system sysctl
2020-03-03 21:46:31,274 INFO     tuned.daemon.daemon: static tuning from profile 'virtual-guest' applied
2020-03-03 21:55:55,807 INFO     tuned.daemon.controller: terminating controller
2020-03-03 21:55:55,807 INFO     tuned.daemon.daemon: stopping tuning
2020-03-03 21:55:55,827 INFO     tuned.daemon.daemon: terminating Tuned, rolling back all changes
2020-03-03 21:55:56,002 INFO     tuned.daemon.application: dynamic tuning is globally disabled
2020-03-03 21:55:56,006 INFO     tuned.daemon.daemon: using sleep interval of 1 second(s)
2020-03-03 21:55:56,006 INFO     tuned.profiles.loader: loading profile: virtual-guest
2020-03-03 21:55:56,009 INFO     tuned.daemon.controller: starting controller
2020-03-03 21:55:56,010 INFO     tuned.daemon.daemon: starting tuning
2020-03-03 21:55:56,014 INFO     tuned.plugins.base: instance cpu: assigning devices cpu1, cpu3, cpu4, cpu2, cpu7, cpu5, cpu6, cpu0
2020-03-03 21:55:56,015 INFO     tuned.plugins.plugin_cpu: We are running on an x86 GenuineIntel platform
2020-03-03 21:55:56,018 ERROR    tuned.utils.commands: Executing x86_energy_perf_policy error: x86_energy_perf_policy: /dev/cpu/1/msr offset 0x1ad read failed: Input/output error
2020-03-03 21:55:56,018 WARNING  tuned.plugins.plugin_cpu: your CPU doesn't support MSR_IA32_ENERGY_PERF_BIAS, ignoring CPU energy performance bias
2020-03-03 21:55:56,020 INFO     tuned.plugins.base: instance disk: assigning devices vda
2020-03-03 21:55:56,024 INFO     tuned.plugins.plugin_sysctl: reapplying system sysctl
2020-03-03 21:55:56,025 INFO     tuned.daemon.daemon: static tuning from profile 'virtual-guest' applied
2020-03-03 21:56:35,518 INFO     tuned.daemon.controller: terminating controller
2020-03-03 21:56:35,518 INFO     tuned.daemon.daemon: stopping tuning
2020-03-03 21:56:35,615 INFO     tuned.daemon.daemon: terminating Tuned due to system shutdown / reboot
2020-03-03 21:56:44,740 INFO     tuned.daemon.application: dynamic tuning is globally disabled
2020-03-03 21:56:44,771 INFO     tuned.daemon.daemon: using sleep interval of 1 second(s)
2020-03-03 21:56:44,775 INFO     tuned.profiles.loader: loading profile: virtual-guest
2020-03-03 21:56:44,788 INFO     tuned.daemon.controller: starting controller
2020-03-03 21:56:44,788 INFO     tuned.daemon.daemon: starting tuning
2020-03-03 21:56:44,806 INFO     tuned.plugins.base: instance cpu: assigning devices cpu5, cpu7, cpu3, cpu2, cpu1, cpu0, cpu4, cpu6
2020-03-03 21:56:44,811 INFO     tuned.plugins.plugin_cpu: We are running on an x86 GenuineIntel platform
2020-03-03 21:56:44,816 ERROR    tuned.utils.commands: Executing x86_energy_perf_policy error: x86_energy_perf_policy: /dev/cpu/6/msr offset 0x1ad read failed: Input/output error
2020-03-03 21:56:44,816 WARNING  tuned.plugins.plugin_cpu: your CPU doesn't support MSR_IA32_ENERGY_PERF_BIAS, ignoring CPU energy performance bias
2020-03-03 21:56:44,817 INFO     tuned.plugins.base: instance disk: assigning devices vda
2020-03-03 21:56:44,831 INFO     tuned.plugins.plugin_sysctl: reapplying system sysctl
2020-03-03 21:56:44,832 INFO     tuned.daemon.daemon: static tuning from profile 'virtual-guest' applied
2020-03-03 22:05:51,780 INFO     tuned.daemon.daemon: stopping tuning
2020-03-03 22:05:51,783 INFO     tuned.profiles.loader: loading profile: throughput-performance
2020-03-03 22:05:51,783 INFO     tuned.daemon.daemon: starting tuning
2020-03-03 22:05:51,786 INFO     tuned.plugins.base: instance cpu: assigning devices cpu5, cpu7, cpu3, cpu2, cpu1, cpu0, cpu4, cpu6
2020-03-03 22:05:51,787 INFO     tuned.plugins.plugin_cpu: We are running on an x86 GenuineIntel platform
2020-03-03 22:05:51,790 ERROR    tuned.utils.commands: Executing x86_energy_perf_policy error: x86_energy_perf_policy: /dev/cpu/5/msr offset 0x1ad read failed: Input/output error
2020-03-03 22:05:51,790 WARNING  tuned.plugins.plugin_cpu: your CPU doesn't support MSR_IA32_ENERGY_PERF_BIAS, ignoring CPU energy performance bias
2020-03-03 22:05:51,792 INFO     tuned.plugins.base: instance disk: assigning devices vda
2020-03-03 22:05:51,795 INFO     tuned.plugins.plugin_sysctl: reapplying system sysctl
2020-03-03 22:05:51,797 INFO     tuned.daemon.daemon: static tuning from profile 'throughput-performance' applied
