+ podman top swift_rsync_fix user pid ppid pcpu vsz tty state time etime args
Error: top can only be used on running containers
+ podman exec --user root swift_rsync_fix top -bwn1
Error: cannot exec into container that is not running: container state improper
+ podman inspect swift_rsync_fix
[
    {
        "Id": "dd1d909c9c9f5f36570efe7ab91fd3cc33309023a1e61da0d8bd2a1b35502070",
        "Created": "2020-03-04T03:14:49.083044949Z",
        "Path": "dumb-init",
        "Args": [
            "--single-child",
            "--",
            "/bin/bash",
            "-c",
            "sed -i \"/pid file/d\" /var/lib/kolla/config_files/src/etc/rsyncd.conf"
        ],
        "State": {
            "OciVersion": "1.0.1-dev",
            "Status": "exited",
            "Running": false,
            "Paused": false,
            "Restarting": false,
            "OOMKilled": false,
            "Dead": false,
            "Pid": 0,
            "ExitCode": 0,
            "Error": "",
            "StartedAt": "2020-03-04T03:14:49.433233373Z",
            "FinishedAt": "2020-03-04T03:14:49.452740412Z",
            "Healthcheck": {
                "Status": "",
                "FailingStreak": 0,
                "Log": null
            }
        },
        "Image": "f2cf30a04b406af25366e349bdef11bf633732fb637be44534b6e6485a85d4bc",
        "ImageName": "undercloud-0.ctlplane.redhat.local:8787/rh-osbs/rhosp16-openstack-swift-object:20200226.1",
        "Rootfs": "",
        "Pod": "",
        "ResolvConfPath": "/var/run/containers/storage/overlay-containers/dd1d909c9c9f5f36570efe7ab91fd3cc33309023a1e61da0d8bd2a1b35502070/userdata/resolv.conf",
        "HostnamePath": "/var/run/containers/storage/overlay-containers/dd1d909c9c9f5f36570efe7ab91fd3cc33309023a1e61da0d8bd2a1b35502070/userdata/hostname",
        "HostsPath": "/var/run/containers/storage/overlay-containers/dd1d909c9c9f5f36570efe7ab91fd3cc33309023a1e61da0d8bd2a1b35502070/userdata/hosts",
        "StaticDir": "/var/lib/containers/storage/overlay-containers/dd1d909c9c9f5f36570efe7ab91fd3cc33309023a1e61da0d8bd2a1b35502070/userdata",
        "OCIConfigPath": "/var/lib/containers/storage/overlay-containers/dd1d909c9c9f5f36570efe7ab91fd3cc33309023a1e61da0d8bd2a1b35502070/userdata/config.json",
        "OCIRuntime": "runc",
        "LogPath": "/var/log/containers/stdouts/swift_rsync_fix.log",
        "ConmonPidFile": "/var/run/swift_rsync_fix.pid",
        "Name": "swift_rsync_fix",
        "RestartCount": 0,
        "Driver": "overlay",
        "MountLabel": "system_u:object_r:container_file_t:s0:c546,c767",
        "ProcessLabel": "system_u:system_r:container_t:s0:c546,c767",
        "AppArmorProfile": "",
        "EffectiveCaps": [
            "CAP_CHOWN",
            "CAP_DAC_OVERRIDE",
            "CAP_FSETID",
            "CAP_FOWNER",
            "CAP_MKNOD",
            "CAP_NET_RAW",
            "CAP_SETGID",
            "CAP_SETUID",
            "CAP_SETFCAP",
            "CAP_SETPCAP",
            "CAP_NET_BIND_SERVICE",
            "CAP_SYS_CHROOT",
            "CAP_KILL",
            "CAP_AUDIT_WRITE"
        ],
        "BoundingCaps": [
            "CAP_CHOWN",
            "CAP_DAC_OVERRIDE",
            "CAP_FSETID",
            "CAP_FOWNER",
            "CAP_MKNOD",
            "CAP_NET_RAW",
            "CAP_SETGID",
            "CAP_SETUID",
            "CAP_SETFCAP",
            "CAP_SETPCAP",
            "CAP_NET_BIND_SERVICE",
            "CAP_SYS_CHROOT",
            "CAP_KILL",
            "CAP_AUDIT_WRITE"
        ],
        "ExecIDs": [],
        "GraphDriver": {
            "Name": "overlay",
            "Data": {
                "LowerDir": "/var/lib/containers/storage/overlay/54018721ca7c71b21283e3281e5e649675588c37e9f88a1111b0306564bbd4f3/diff:/var/lib/containers/storage/overlay/f303adafbd91cbd440389588cb2a9b35de8fb7b195299fec3e0026aa22a38df0/diff:/var/lib/containers/storage/overlay/39231f0c35ac6b5018875a08df285edbceeeb29ab1a6185f125c5bd1d90be658/diff:/var/lib/containers/storage/overlay/9ffebe361fec105693dc398ba724d0faa201282b8a1e9a3e6383cac48256e775/diff:/var/lib/containers/storage/overlay/f659bfaf2e3b922dcc39bb7e9011ea80508c21349fabb8d1ce2ea20525be349b/diff:/var/lib/containers/storage/overlay/1295eae54c9d95bd8e2c7f83df2a90ac3923d89ec44231fd49f31e7a934f9656/diff",
                "UpperDir": "/var/lib/containers/storage/overlay/c9cd05f4da9b6370adf96c3bf68ec67ff79cb5f3f5f73d984626dc64fab68a24/diff",
                "WorkDir": "/var/lib/containers/storage/overlay/c9cd05f4da9b6370adf96c3bf68ec67ff79cb5f3f5f73d984626dc64fab68a24/work"
            }
        },
        "Mounts": [
            {
                "Type": "bind",
                "Name": "",
                "Source": "/var/lib/config-data/puppet-generated/swift",
                "Destination": "/var/lib/kolla/config_files/src",
                "Driver": "",
                "Mode": "",
                "Options": [
                    "rbind"
                ],
                "RW": true,
                "Propagation": "rprivate"
            }
        ],
        "Dependencies": [],
        "NetworkSettings": {
            "Bridge": "",
            "SandboxID": "",
            "HairpinMode": false,
            "LinkLocalIPv6Address": "",
            "LinkLocalIPv6PrefixLen": 0,
            "Ports": [],
            "SandboxKey": "",
            "SecondaryIPAddresses": null,
            "SecondaryIPv6Addresses": null,
            "EndpointID": "",
            "Gateway": "",
            "GlobalIPv6Address": "",
            "GlobalIPv6PrefixLen": 0,
            "IPAddress": "",
            "IPPrefixLen": 0,
            "IPv6Gateway": "",
            "MacAddress": ""
        },
        "ExitCommand": [
            "/usr/bin/podman",
            "--root",
            "/var/lib/containers/storage",
            "--runroot",
            "/var/run/containers/storage",
            "--log-level",
            "error",
            "--cgroup-manager",
            "systemd",
            "--tmpdir",
            "/var/run/libpod",
            "--runtime",
            "runc",
            "--storage-driver",
            "overlay",
            "--events-backend",
            "journald",
            "container",
            "cleanup",
            "dd1d909c9c9f5f36570efe7ab91fd3cc33309023a1e61da0d8bd2a1b35502070"
        ],
        "Namespace": "",
        "IsInfra": false,
        "Config": {
            "Hostname": "undercloud-0.redhat.local",
            "Domainname": "",
            "User": "root",
            "AttachStdin": false,
            "AttachStdout": false,
            "AttachStderr": false,
            "Tty": false,
            "OpenStdin": false,
            "StdinOnce": false,
            "Env": [
                "PATH=/usr/local/sbin:/usr/local/bin:/usr/sbin:/usr/bin:/sbin:/bin",
                "TERM=xterm",
                "HOSTNAME=undercloud-0.redhat.local",
                "container=oci",
                "KOLLA_BASE_DISTRO=rhel",
                "PS1=$(tput bold)($(printenv KOLLA_SERVICE_NAME))$(tput sgr0)[$(id -un)@$(hostname -s) $(pwd)]$ ",
                "LANG=en_US.UTF-8",
                "KOLLA_INSTALL_TYPE=binary",
                "KOLLA_INSTALL_METATYPE=rhos",
                "KOLLA_DISTRO_PYTHON_VERSION=3.6",
                "KOLLA_BASE_ARCH=x86_64",
                "TRIPLEO_CONFIG_HASH=daa4db188b481106b74c8b1adccfe494",
                "HOME=/root"
            ],
            "Cmd": [
                "/bin/bash",
                "-c",
                "sed -i \"/pid file/d\" /var/lib/kolla/config_files/src/etc/rsyncd.conf"
            ],
            "Image": "undercloud-0.ctlplane.redhat.local:8787/rh-osbs/rhosp16-openstack-swift-object:20200226.1",
            "Volumes": null,
            "WorkingDir": "/",
            "Entrypoint": "dumb-init --single-child --",
            "OnBuild": null,
            "Labels": {
                "architecture": "x86_64",
                "authoritative-source-url": "registry.access.redhat.com",
                "batch": "20200226.1",
                "build-date": "2020-02-26T18:44:02.866203",
                "com.redhat.build-host": "cpt-1004.osbs.prod.upshift.rdu2.redhat.com",
                "com.redhat.component": "openstack-swift-object-container",
                "com.redhat.license_terms": "https://www.redhat.com/en/about/red-hat-end-user-license-agreements",
                "config_data": "{\"command\": [\"/bin/bash\", \"-c\", \"sed -i \\\"/pid file/d\\\" /var/lib/kolla/config_files/src/etc/rsyncd.conf\"], \"detach\": false, \"image\": \"undercloud-0.ctlplane.redhat.local:8787/rh-osbs/rhosp16-openstack-swift-object:20200226.1\", \"net\": \"host\", \"user\": \"root\", \"volumes\": [\"/var/lib/config-data/puppet-generated/swift/:/var/lib/kolla/config_files/src:rw,z\"], \"environment\": {\"TRIPLEO_CONFIG_HASH\": \"daa4db188b481106b74c8b1adccfe494\"}}",
                "config_id": "tripleo_step3",
                "container_name": "swift_rsync_fix",
                "description": "Red Hat OpenStack Platform 16.0 swift-object",
                "distribution-scope": "public",
                "io.k8s.description": "Red Hat OpenStack Platform 16.0 swift-object",
                "io.k8s.display-name": "Red Hat OpenStack Platform 16.0 swift-object",
                "io.openshift.expose-services": "",
                "io.openshift.tags": "rhosp osp openstack osp-16.0",
                "maintainer": "Red Hat, Inc.",
                "managed_by": "tripleo-Undercloud",
                "name": "rhosp16/openstack-swift-object",
                "release": "82",
                "summary": "Red Hat OpenStack Platform 16.0 swift-object",
                "url": "https://access.redhat.com/containers/#/registry.access.redhat.com/rhosp16/openstack-swift-object/images/16.0-82",
                "vcs-ref": "1f7e7745ed7fd0eae9a0b7d85359ba285c99a43a",
                "vcs-type": "git",
                "vendor": "Red Hat, Inc.",
                "version": "16.0"
            },
            "Annotations": {
                "io.container.manager": "libpod",
                "io.kubernetes.cri-o.ContainerType": "sandbox",
                "io.kubernetes.cri-o.Created": "2020-03-04T03:14:49.083044949Z",
                "io.kubernetes.cri-o.TTY": "false",
                "io.podman.annotations.autoremove": "FALSE",
                "io.podman.annotations.init": "FALSE",
                "io.podman.annotations.privileged": "FALSE",
                "io.podman.annotations.publish-all": "FALSE",
                "org.opencontainers.image.stopSignal": "15"
            },
            "StopSignal": 15
        },
        "HostConfig": {
            "Binds": [
                "/var/lib/config-data/puppet-generated/swift:/var/lib/kolla/config_files/src:rw,rprivate,rbind"
            ],
            "ContainerIDFile": "",
            "LogConfig": {
                "Type": "k8s-file",
                "Config": null
            },
            "NetworkMode": "host",
            "PortBindings": {},
            "RestartPolicy": {
                "Name": "",
                "MaximumRetryCount": 0
            },
            "AutoRemove": false,
            "VolumeDriver": "",
            "VolumesFrom": null,
            "CapAdd": [],
            "CapDrop": [],
            "Dns": [],
            "DnsOptions": [],
            "DnsSearch": [],
            "ExtraHosts": [],
            "GroupAdd": [],
            "IpcMode": "",
            "Cgroup": "",
            "Cgroups": "default",
            "Links": null,
            "OomScoreAdj": 0,
            "PidMode": "",
            "Privileged": false,
            "PublishAllPorts": false,
            "ReadonlyRootfs": false,
            "SecurityOpt": [],
            "Tmpfs": {},
            "UTSMode": "",
            "UsernsMode": "",
            "ShmSize": 65536000,
            "Runtime": "oci",
            "ConsoleSize": [
                0,
                0
            ],
            "Isolation": "",
            "CpuShares": 0,
            "Memory": 0,
            "NanoCpus": 0,
            "CgroupParent": "",
            "BlkioWeight": 0,
            "BlkioWeightDevice": null,
            "BlkioDeviceReadBps": null,
            "BlkioDeviceWriteBps": null,
            "BlkioDeviceReadIOps": null,
            "BlkioDeviceWriteIOps": null,
            "CpuPeriod": 0,
            "CpuQuota": 0,
            "CpuRealtimePeriod": 0,
            "CpuRealtimeRuntime": 0,
            "CpusetCpus": "0,1,2,3,4,5,6,7",
            "CpusetMems": "",
            "Devices": [],
            "DiskQuota": 0,
            "KernelMemory": 0,
            "MemoryReservation": 0,
            "MemorySwap": 0,
            "MemorySwappiness": -1,
            "OomKillDisable": false,
            "PidsLimit": 4096,
            "Ulimits": [
                {
                    "Name": "RLIMIT_NOFILE",
                    "Soft": 1048576,
                    "Hard": 1048576
                },
                {
                    "Name": "RLIMIT_NPROC",
                    "Soft": 1048576,
                    "Hard": 1048576
                }
            ],
            "CpuCount": 0,
            "CpuPercent": 0,
            "IOMaximumIOps": 0,
            "IOMaximumBandwidth": 0
        }
    }
]
+ podman exec -it --user root swift_rsync_fix /usr/bin/rpm -qa
Error: cannot exec into container that is not running: container state improper
