INFO  [alembic.runtime.migration] Context impl MySQLImpl.
INFO  [alembic.runtime.migration] Will assume non-transactional DDL.
INFO  [alembic.runtime.migration] Running upgrade  -> 001, Kilo release
INFO  [alembic.runtime.migration] Running upgrade 001 -> 002, Kilo
INFO  [alembic.runtime.migration] Running upgrade 002 -> 003, cron_trigger_constraints
INFO  [alembic.runtime.migration] Running upgrade 003 -> 004, add description for execution
INFO  [alembic.runtime.migration] Running upgrade 004 -> 005, Increase executions_v2 column size from JsonDictType to JsonLongDictType
INFO  [alembic.runtime.migration] Running upgrade 005 -> 006, add a Boolean column 'processed' to the table  delayed_calls_v2
INFO  [alembic.runtime.migration] Running upgrade 006 -> 007, Move system flag to base definition
INFO  [alembic.runtime.migration] Running upgrade 007 -> 008, Increase size of state_info column from String to Text
INFO  [alembic.runtime.migration] Running upgrade 008 -> 009, Add database indices
INFO  [alembic.runtime.migration] Running upgrade 009 -> 010, add_resource_members_v2_table
INFO  [alembic.runtime.migration] Running upgrade 010 -> 011, add workflow id for execution
INFO  [alembic.runtime.migration] Running upgrade 011 -> 012, add event triggers table
INFO  [alembic.runtime.migration] Running upgrade 012 -> 013, split_execution_table_increase_names
INFO  [alembic.runtime.migration] Running upgrade 013 -> 014, fix_past_scripts_discrepancies
INFO  [alembic.runtime.migration] Running upgrade 014 -> 015, add_unique_keys_for_non_locking_model
INFO  [alembic.runtime.migration] Running upgrade 015 -> 016, Increase size of task_executions_v2.unique_key
INFO  [alembic.runtime.migration] Running upgrade 016 -> 017, Add named lock table
INFO  [alembic.runtime.migration] Running upgrade 017 -> 018, increate_task_execution_unique_key_size
INFO  [alembic.runtime.migration] Running upgrade 018 -> 019, Change scheduler schema.
INFO  [alembic.runtime.migration] Running upgrade 019 -> 020, add type to task execution
INFO  [alembic.runtime.migration] Running upgrade 020 -> 021, Increase environments_v2 column size from JsonDictType to JsonLongDictType
INFO  [alembic.runtime.migration] Running upgrade 021 -> 022, namespace_support
INFO  [alembic.runtime.migration] Running upgrade 022 -> 023, Add the root execution ID to the workflow execution model
INFO  [alembic.runtime.migration] Running upgrade 023 -> 024, Add database indices
INFO  [alembic.runtime.migration] Running upgrade 024 -> 025, Fix length task name
INFO  [alembic.runtime.migration] Running upgrade 025 -> 026, Optimize task expression function
INFO  [alembic.runtime.migration] Running upgrade 026 -> 027, Add last_heartbeat to action execution
INFO  [alembic.runtime.migration] Running upgrade 027 -> 028, add namespace column to workbooks
INFO  [alembic.runtime.migration] Running upgrade 028 -> 029, workbook_empty_namespace
INFO  [alembic.runtime.migration] Running upgrade 029 -> 030, Increase delayed_calls_v2.auth_context column size from JsonDictType to
JsonMediumDictType
INFO  [alembic.runtime.migration] Running upgrade 030 -> 031, Add started_at and finished_at to task execution
INFO  [alembic.runtime.migration] Running upgrade 031 -> 032, Add has_next_tasks and error_handled to task execution.
INFO  [alembic.runtime.migration] Running upgrade 032 -> 033, Add next_tasks to task execution.
INFO  [alembic.runtime.migration] Running upgrade 033 -> 034, Create scheduled jobs table.
