+ podman top glance_api_db_sync user pid ppid pcpu vsz tty state time etime args
Error: top can only be used on running containers
+ podman exec --user root glance_api_db_sync top -bwn1
Error: cannot exec into container that is not running: container state improper
+ podman inspect glance_api_db_sync
[
    {
        "Id": "9fa553bc7ae64751d9836c772f99fd8a056467a959a7b92f427310f7ca665a77",
        "Created": "2020-03-04T03:13:57.090381453Z",
        "Path": "dumb-init",
        "Args": [
            "--single-child",
            "--",
            "/usr/bin/bootstrap_host_exec",
            "glance_api",
            "su",
            "glance",
            "-s",
            "/bin/bash",
            "-c",
            "'/usr/local/bin/kolla_start'"
        ],
        "State": {
            "OciVersion": "1.0.1-dev",
            "Status": "exited",
            "Running": false,
            "Paused": false,
            "Restarting": false,
            "OOMKilled": false,
            "Dead": false,
            "Pid": 0,
            "ExitCode": 0,
            "Error": "",
            "StartedAt": "2020-03-04T03:13:57.442907718Z",
            "FinishedAt": "2020-03-04T03:14:02.789932476Z",
            "Healthcheck": {
                "Status": "",
                "FailingStreak": 0,
                "Log": null
            }
        },
        "Image": "5a43edc85fec436b93f3a61e2d4e3afea8609c16992fb9d78c1f761127cc9075",
        "ImageName": "undercloud-0.ctlplane.redhat.local:8787/rh-osbs/rhosp16-openstack-glance-api:20200226.1",
        "Rootfs": "",
        "Pod": "",
        "ResolvConfPath": "/var/run/containers/storage/overlay-containers/9fa553bc7ae64751d9836c772f99fd8a056467a959a7b92f427310f7ca665a77/userdata/resolv.conf",
        "HostnamePath": "/var/run/containers/storage/overlay-containers/9fa553bc7ae64751d9836c772f99fd8a056467a959a7b92f427310f7ca665a77/userdata/hostname",
        "HostsPath": "/var/run/containers/storage/overlay-containers/9fa553bc7ae64751d9836c772f99fd8a056467a959a7b92f427310f7ca665a77/userdata/hosts",
        "StaticDir": "/var/lib/containers/storage/overlay-containers/9fa553bc7ae64751d9836c772f99fd8a056467a959a7b92f427310f7ca665a77/userdata",
        "OCIConfigPath": "/var/lib/containers/storage/overlay-containers/9fa553bc7ae64751d9836c772f99fd8a056467a959a7b92f427310f7ca665a77/userdata/config.json",
        "OCIRuntime": "runc",
        "LogPath": "/var/log/containers/stdouts/glance_api_db_sync.log",
        "ConmonPidFile": "/var/run/glance_api_db_sync.pid",
        "Name": "glance_api_db_sync",
        "RestartCount": 0,
        "Driver": "overlay",
        "MountLabel": "system_u:object_r:container_file_t:s0:c157,c301",
        "ProcessLabel": "system_u:system_r:container_t:s0:c157,c301",
        "AppArmorProfile": "",
        "EffectiveCaps": [
            "CAP_CHOWN",
            "CAP_DAC_OVERRIDE",
            "CAP_FSETID",
            "CAP_FOWNER",
            "CAP_MKNOD",
            "CAP_NET_RAW",
            "CAP_SETGID",
            "CAP_SETUID",
            "CAP_SETFCAP",
            "CAP_SETPCAP",
            "CAP_NET_BIND_SERVICE",
            "CAP_SYS_CHROOT",
            "CAP_KILL",
            "CAP_AUDIT_WRITE"
        ],
        "BoundingCaps": [
            "CAP_CHOWN",
            "CAP_DAC_OVERRIDE",
            "CAP_FSETID",
            "CAP_FOWNER",
            "CAP_MKNOD",
            "CAP_NET_RAW",
            "CAP_SETGID",
            "CAP_SETUID",
            "CAP_SETFCAP",
            "CAP_SETPCAP",
            "CAP_NET_BIND_SERVICE",
            "CAP_SYS_CHROOT",
            "CAP_KILL",
            "CAP_AUDIT_WRITE"
        ],
        "ExecIDs": [],
        "GraphDriver": {
            "Name": "overlay",
            "Data": {
                "LowerDir": "/var/lib/containers/storage/overlay/0ce23e566eb51028fe290e1ed0e5abb09118d9d027e7d6945074e18da23ac3b4/diff:/var/lib/containers/storage/overlay/4a152b3fdfef546c8aaf58cfa91a009b9049fa566b4ea1b5bd3944fef715a30e/diff:/var/lib/containers/storage/overlay/39231f0c35ac6b5018875a08df285edbceeeb29ab1a6185f125c5bd1d90be658/diff:/var/lib/containers/storage/overlay/9ffebe361fec105693dc398ba724d0faa201282b8a1e9a3e6383cac48256e775/diff:/var/lib/containers/storage/overlay/f659bfaf2e3b922dcc39bb7e9011ea80508c21349fabb8d1ce2ea20525be349b/diff:/var/lib/containers/storage/overlay/1295eae54c9d95bd8e2c7f83df2a90ac3923d89ec44231fd49f31e7a934f9656/diff",
                "UpperDir": "/var/lib/containers/storage/overlay/9bb3d8f9f06b5f63a4ef9a69d8c54ddce02a4a22bb9f6f1f72e9e49fd211017a/diff",
                "WorkDir": "/var/lib/containers/storage/overlay/9bb3d8f9f06b5f63a4ef9a69d8c54ddce02a4a22bb9f6f1f72e9e49fd211017a/work"
            }
        },
        "Mounts": [
            {
                "Type": "bind",
                "Name": "",
                "Source": "/var/lib/config-data/puppet-generated/glance_api",
                "Destination": "/var/lib/kolla/config_files/src",
                "Driver": "",
                "Mode": "",
                "Options": [
                    "rbind"
                ],
                "RW": false,
                "Propagation": "rprivate"
            },
            {
                "Type": "bind",
                "Name": "",
                "Source": "/var/lib/glance",
                "Destination": "/var/lib/glance",
                "Driver": "",
                "Mode": "",
                "Options": [
                    "rbind"
                ],
                "RW": true,
                "Propagation": "slave"
            },
            {
                "Type": "bind",
                "Name": "",
                "Source": "/etc/puppet",
                "Destination": "/etc/puppet",
                "Driver": "",
                "Mode": "",
                "Options": [
                    "rbind"
                ],
                "RW": false,
                "Propagation": "rprivate"
            },
            {
                "Type": "bind",
                "Name": "",
                "Source": "/etc/pki/tls/certs/ca-bundle.trust.crt",
                "Destination": "/etc/pki/tls/certs/ca-bundle.trust.crt",
                "Driver": "",
                "Mode": "",
                "Options": [
                    "rbind"
                ],
                "RW": false,
                "Propagation": "rprivate"
            },
            {
                "Type": "bind",
                "Name": "",
                "Source": "/etc/pki/tls/cert.pem",
                "Destination": "/etc/pki/tls/cert.pem",
                "Driver": "",
                "Mode": "",
                "Options": [
                    "rbind"
                ],
                "RW": false,
                "Propagation": "rprivate"
            },
            {
                "Type": "bind",
                "Name": "",
                "Source": "/var/log/containers/httpd/glance",
                "Destination": "/var/log/httpd",
                "Driver": "",
                "Mode": "",
                "Options": [
                    "rbind"
                ],
                "RW": true,
                "Propagation": "rprivate"
            },
            {
                "Type": "bind",
                "Name": "",
                "Source": "/var/lib/kolla/config_files/glance_api.json",
                "Destination": "/var/lib/kolla/config_files/config.json",
                "Driver": "",
                "Mode": "",
                "Options": [
                    "rbind"
                ],
                "RW": true,
                "Propagation": "rprivate"
            },
            {
                "Type": "bind",
                "Name": "",
                "Source": "/etc/pki/ca-trust/extracted",
                "Destination": "/etc/pki/ca-trust/extracted",
                "Driver": "",
                "Mode": "",
                "Options": [
                    "rbind"
                ],
                "RW": false,
                "Propagation": "rprivate"
            },
            {
                "Type": "bind",
                "Name": "",
                "Source": "/etc/localtime",
                "Destination": "/etc/localtime",
                "Driver": "",
                "Mode": "",
                "Options": [
                    "rbind"
                ],
                "RW": false,
                "Propagation": "rprivate"
            },
            {
                "Type": "bind",
                "Name": "",
                "Source": "/etc/pki/ca-trust/source/anchors",
                "Destination": "/etc/pki/ca-trust/source/anchors",
                "Driver": "",
                "Mode": "",
                "Options": [
                    "rbind"
                ],
                "RW": false,
                "Propagation": "rprivate"
            },
            {
                "Type": "bind",
                "Name": "",
                "Source": "/dev/log",
                "Destination": "/dev/log",
                "Driver": "",
                "Mode": "",
                "Options": [
                    "nosuid",
                    "rbind"
                ],
                "RW": true,
                "Propagation": "rprivate"
            },
            {
                "Type": "bind",
                "Name": "",
                "Source": "/etc/ssh/ssh_known_hosts",
                "Destination": "/etc/ssh/ssh_known_hosts",
                "Driver": "",
                "Mode": "",
                "Options": [
                    "rbind"
                ],
                "RW": false,
                "Propagation": "rprivate"
            },
            {
                "Type": "bind",
                "Name": "",
                "Source": "/var/log/containers/glance",
                "Destination": "/var/log/glance",
                "Driver": "",
                "Mode": "",
                "Options": [
                    "rbind"
                ],
                "RW": true,
                "Propagation": "rprivate"
            },
            {
                "Type": "bind",
                "Name": "",
                "Source": "/etc/ceph",
                "Destination": "/var/lib/kolla/config_files/src-ceph",
                "Driver": "",
                "Mode": "",
                "Options": [
                    "rbind"
                ],
                "RW": false,
                "Propagation": "rprivate"
            },
            {
                "Type": "bind",
                "Name": "",
                "Source": "/etc/hosts",
                "Destination": "/etc/hosts",
                "Driver": "",
                "Mode": "",
                "Options": [
                    "rbind"
                ],
                "RW": false,
                "Propagation": "rprivate"
            },
            {
                "Type": "bind",
                "Name": "",
                "Source": "/etc/pki/tls/certs/ca-bundle.crt",
                "Destination": "/etc/pki/tls/certs/ca-bundle.crt",
                "Driver": "",
                "Mode": "",
                "Options": [
                    "rbind"
                ],
                "RW": false,
                "Propagation": "rprivate"
            }
        ],
        "Dependencies": [],
        "NetworkSettings": {
            "Bridge": "",
            "SandboxID": "",
            "HairpinMode": false,
            "LinkLocalIPv6Address": "",
            "LinkLocalIPv6PrefixLen": 0,
            "Ports": [],
            "SandboxKey": "",
            "SecondaryIPAddresses": null,
            "SecondaryIPv6Addresses": null,
            "EndpointID": "",
            "Gateway": "",
            "GlobalIPv6Address": "",
            "GlobalIPv6PrefixLen": 0,
            "IPAddress": "",
            "IPPrefixLen": 0,
            "IPv6Gateway": "",
            "MacAddress": ""
        },
        "ExitCommand": [
            "/usr/bin/podman",
            "--root",
            "/var/lib/containers/storage",
            "--runroot",
            "/var/run/containers/storage",
            "--log-level",
            "error",
            "--cgroup-manager",
            "systemd",
            "--tmpdir",
            "/var/run/libpod",
            "--runtime",
            "runc",
            "--storage-driver",
            "overlay",
            "--events-backend",
            "journald",
            "container",
            "cleanup",
            "9fa553bc7ae64751d9836c772f99fd8a056467a959a7b92f427310f7ca665a77"
        ],
        "Namespace": "",
        "IsInfra": false,
        "Config": {
            "Hostname": "undercloud-0.redhat.local",
            "Domainname": "",
            "User": "root",
            "AttachStdin": false,
            "AttachStdout": false,
            "AttachStderr": false,
            "Tty": false,
            "OpenStdin": false,
            "StdinOnce": false,
            "Env": [
                "PATH=/usr/local/sbin:/usr/local/bin:/usr/sbin:/usr/bin:/sbin:/bin",
                "TERM=xterm",
                "HOSTNAME=undercloud-0.redhat.local",
                "container=oci",
                "KOLLA_INSTALL_METATYPE=rhos",
                "KOLLA_BOOTSTRAP=True",
                "TRIPLEO_DEPLOY_IDENTIFIER=1583290741",
                "LANG=en_US.UTF-8",
                "KOLLA_BASE_DISTRO=rhel",
                "PS1=$(tput bold)($(printenv KOLLA_SERVICE_NAME))$(tput sgr0)[$(id -un)@$(hostname -s) $(pwd)]$ ",
                "KOLLA_CONFIG_STRATEGY=COPY_ALWAYS",
                "KOLLA_INSTALL_TYPE=binary",
                "KOLLA_DISTRO_PYTHON_VERSION=3.6",
                "KOLLA_BASE_ARCH=x86_64",
                "TRIPLEO_CONFIG_HASH=e7aecf4982f392f7413450534c05350c",
                "HOME=/root"
            ],
            "Cmd": [
                "/usr/bin/bootstrap_host_exec",
                "glance_api",
                "su",
                "glance",
                "-s",
                "/bin/bash",
                "-c",
                "'/usr/local/bin/kolla_start'"
            ],
            "Image": "undercloud-0.ctlplane.redhat.local:8787/rh-osbs/rhosp16-openstack-glance-api:20200226.1",
            "Volumes": null,
            "WorkingDir": "/",
            "Entrypoint": "dumb-init --single-child --",
            "OnBuild": null,
            "Labels": {
                "architecture": "x86_64",
                "authoritative-source-url": "registry.access.redhat.com",
                "batch": "20200226.1",
                "build-date": "2020-02-26T18:28:43.065203",
                "com.redhat.build-host": "cpt-1005.osbs.prod.upshift.rdu2.redhat.com",
                "com.redhat.component": "openstack-glance-api-container",
                "com.redhat.license_terms": "https://www.redhat.com/en/about/red-hat-end-user-license-agreements",
                "config_data": "{\"command\": \"/usr/bin/bootstrap_host_exec glance_api su glance -s /bin/bash -c '/usr/local/bin/kolla_start'\", \"detach\": false, \"environment\": {\"KOLLA_BOOTSTRAP\": true, \"KOLLA_CONFIG_STRATEGY\": \"COPY_ALWAYS\", \"TRIPLEO_DEPLOY_IDENTIFIER\": \"1583290741\", \"TRIPLEO_CONFIG_HASH\": \"e7aecf4982f392f7413450534c05350c\"}, \"image\": \"undercloud-0.ctlplane.redhat.local:8787/rh-osbs/rhosp16-openstack-glance-api:20200226.1\", \"net\": \"host\", \"privileged\": false, \"user\": \"root\", \"volumes\": [\"/etc/hosts:/etc/hosts:ro\", \"/etc/localtime:/etc/localtime:ro\", \"/etc/pki/ca-trust/extracted:/etc/pki/ca-trust/extracted:ro\", \"/etc/pki/ca-trust/source/anchors:/etc/pki/ca-trust/source/anchors:ro\", \"/etc/pki/tls/certs/ca-bundle.crt:/etc/pki/tls/certs/ca-bundle.crt:ro\", \"/etc/pki/tls/certs/ca-bundle.trust.crt:/etc/pki/tls/certs/ca-bundle.trust.crt:ro\", \"/etc/pki/tls/cert.pem:/etc/pki/tls/cert.pem:ro\", \"/dev/log:/dev/log\", \"/etc/ssh/ssh_known_hosts:/etc/ssh/ssh_known_hosts:ro\", \"/etc/puppet:/etc/puppet:ro\", \"/var/log/containers/glance:/var/log/glance:z\", \"/var/log/containers/httpd/glance:/var/log/httpd:z\", \"/var/lib/kolla/config_files/glance_api.json:/var/lib/kolla/config_files/config.json\", \"/var/lib/config-data/puppet-generated/glance_api/:/var/lib/kolla/config_files/src:ro\", \"/etc/ceph:/var/lib/kolla/config_files/src-ceph:ro\", \"/var/lib/glance:/var/lib/glance:slave\"]}",
                "config_id": "tripleo_step3",
                "container_name": "glance_api_db_sync",
                "description": "Red Hat OpenStack Platform 16.0 glance-api",
                "distribution-scope": "public",
                "io.k8s.description": "Red Hat OpenStack Platform 16.0 glance-api",
                "io.k8s.display-name": "Red Hat OpenStack Platform 16.0 glance-api",
                "io.openshift.expose-services": "",
                "io.openshift.tags": "rhosp osp openstack osp-16.0",
                "maintainer": "Red Hat, Inc.",
                "managed_by": "tripleo-Undercloud",
                "name": "rhosp16/openstack-glance-api",
                "release": "80",
                "summary": "Red Hat OpenStack Platform 16.0 glance-api",
                "url": "https://access.redhat.com/containers/#/registry.access.redhat.com/rhosp16/openstack-glance-api/images/16.0-80",
                "vcs-ref": "9bb01d792eabe923bbbf6fde96237ffa56162abf",
                "vcs-type": "git",
                "vendor": "Red Hat, Inc.",
                "version": "16.0"
            },
            "Annotations": {
                "io.container.manager": "libpod",
                "io.kubernetes.cri-o.ContainerType": "sandbox",
                "io.kubernetes.cri-o.Created": "2020-03-04T03:13:57.090381453Z",
                "io.kubernetes.cri-o.TTY": "false",
                "io.podman.annotations.autoremove": "FALSE",
                "io.podman.annotations.init": "FALSE",
                "io.podman.annotations.privileged": "FALSE",
                "io.podman.annotations.publish-all": "FALSE",
                "org.opencontainers.image.stopSignal": "15"
            },
            "StopSignal": 15
        },
        "HostConfig": {
            "Binds": [
                "/var/lib/config-data/puppet-generated/glance_api:/var/lib/kolla/config_files/src:ro,rprivate,rbind",
                "/var/lib/glance:/var/lib/glance:slave,rw,rbind",
                "/etc/puppet:/etc/puppet:ro,rprivate,rbind",
                "/etc/pki/tls/certs/ca-bundle.trust.crt:/etc/pki/tls/certs/ca-bundle.trust.crt:ro,rprivate,rbind",
                "/etc/pki/tls/cert.pem:/etc/pki/tls/cert.pem:ro,rprivate,rbind",
                "/var/log/containers/httpd/glance:/var/log/httpd:rw,rprivate,rbind",
                "/var/lib/kolla/config_files/glance_api.json:/var/lib/kolla/config_files/config.json:rw,rprivate,rbind",
                "/etc/pki/ca-trust/extracted:/etc/pki/ca-trust/extracted:ro,rprivate,rbind",
                "/etc/localtime:/etc/localtime:ro,rprivate,rbind",
                "/etc/pki/ca-trust/source/anchors:/etc/pki/ca-trust/source/anchors:ro,rprivate,rbind",
                "/dev/log:/dev/log:rw,rprivate,nosuid,rbind",
                "/etc/ssh/ssh_known_hosts:/etc/ssh/ssh_known_hosts:ro,rprivate,rbind",
                "/var/log/containers/glance:/var/log/glance:rw,rprivate,rbind",
                "/etc/ceph:/var/lib/kolla/config_files/src-ceph:ro,rprivate,rbind",
                "/etc/hosts:/etc/hosts:ro,rprivate,rbind",
                "/etc/pki/tls/certs/ca-bundle.crt:/etc/pki/tls/certs/ca-bundle.crt:ro,rprivate,rbind"
            ],
            "ContainerIDFile": "",
            "LogConfig": {
                "Type": "k8s-file",
                "Config": null
            },
            "NetworkMode": "host",
            "PortBindings": {},
            "RestartPolicy": {
                "Name": "",
                "MaximumRetryCount": 0
            },
            "AutoRemove": false,
            "VolumeDriver": "",
            "VolumesFrom": null,
            "CapAdd": [],
            "CapDrop": [],
            "Dns": [],
            "DnsOptions": [],
            "DnsSearch": [],
            "ExtraHosts": [],
            "GroupAdd": [],
            "IpcMode": "",
            "Cgroup": "",
            "Cgroups": "default",
            "Links": null,
            "OomScoreAdj": 0,
            "PidMode": "",
            "Privileged": false,
            "PublishAllPorts": false,
            "ReadonlyRootfs": false,
            "SecurityOpt": [],
            "Tmpfs": {},
            "UTSMode": "",
            "UsernsMode": "",
            "ShmSize": 65536000,
            "Runtime": "oci",
            "ConsoleSize": [
                0,
                0
            ],
            "Isolation": "",
            "CpuShares": 0,
            "Memory": 0,
            "NanoCpus": 0,
            "CgroupParent": "",
            "BlkioWeight": 0,
            "BlkioWeightDevice": null,
            "BlkioDeviceReadBps": null,
            "BlkioDeviceWriteBps": null,
            "BlkioDeviceReadIOps": null,
            "BlkioDeviceWriteIOps": null,
            "CpuPeriod": 0,
            "CpuQuota": 0,
            "CpuRealtimePeriod": 0,
            "CpuRealtimeRuntime": 0,
            "CpusetCpus": "0,1,2,3,4,5,6,7",
            "CpusetMems": "",
            "Devices": [],
            "DiskQuota": 0,
            "KernelMemory": 0,
            "MemoryReservation": 0,
            "MemorySwap": 0,
            "MemorySwappiness": -1,
            "OomKillDisable": false,
            "PidsLimit": 4096,
            "Ulimits": [
                {
                    "Name": "RLIMIT_NOFILE",
                    "Soft": 1048576,
                    "Hard": 1048576
                },
                {
                    "Name": "RLIMIT_NPROC",
                    "Soft": 1048576,
                    "Hard": 1048576
                }
            ],
            "CpuCount": 0,
            "CpuPercent": 0,
            "IOMaximumIOps": 0,
            "IOMaximumBandwidth": 0
        }
    }
]
+ podman exec -it --user root glance_api_db_sync /usr/bin/rpm -qa
Error: cannot exec into container that is not running: container state improper
