2019-10-29T16:33:37Z INFO --- logging initialized ---
2019-10-29T16:33:38Z SUBDEBUG Erase: linux-firmware-20190516-94.git711d3297.el8.noarch
2019-10-29T16:33:39Z SUBDEBUG Erase: linux-firmware-20190516-94.git711d3297.el8.noarch
2019-10-29T16:33:40Z INFO --- logging initialized ---
2019-10-29T16:33:41Z SUBDEBUG Erase: firewalld-0.7.0-5.el8.noarch
2019-10-29T16:33:41Z SUBDEBUG Erase: firewalld-0.7.0-5.el8.noarch
2019-10-29T16:33:41Z INFO Running in chroot, ignoring request: daemon-reload

2019-10-29T16:33:42Z SUBDEBUG Erase: iptables-ebtables-1.8.2-16.el8.x86_64
2019-10-29T16:33:42Z SUBDEBUG Erase: iptables-ebtables-1.8.2-16.el8.x86_64
2019-10-29T16:33:42Z SUBDEBUG Erase: firewalld-filesystem-0.7.0-5.el8.noarch
2019-10-29T16:33:42Z SUBDEBUG Erase: firewalld-filesystem-0.7.0-5.el8.noarch
2019-10-29T16:33:42Z SUBDEBUG Erase: python3-firewall-0.7.0-5.el8.noarch
2019-10-29T16:33:42Z SUBDEBUG Erase: python3-firewall-0.7.0-5.el8.noarch
2019-10-29T16:33:42Z SUBDEBUG Erase: iptables-1.8.2-16.el8.x86_64
2019-10-29T16:33:42Z SUBDEBUG Erase: iptables-1.8.2-16.el8.x86_64
2019-10-29T16:33:42Z SUBDEBUG Erase: ipset-7.1-1.el8.x86_64
2019-10-29T16:33:42Z SUBDEBUG Erase: ipset-7.1-1.el8.x86_64
2019-10-29T16:33:43Z SUBDEBUG Erase: nftables-1:0.9.0-14.el8.x86_64
2019-10-29T16:33:43Z SUBDEBUG Erase: nftables-1:0.9.0-14.el8.x86_64
2019-10-29T16:33:43Z SUBDEBUG Erase: libnetfilter_conntrack-1.0.6-5.el8.x86_64
2019-10-29T16:33:43Z SUBDEBUG Erase: libnetfilter_conntrack-1.0.6-5.el8.x86_64
2019-10-29T16:33:43Z SUBDEBUG Erase: libnfnetlink-1.0.1-13.el8.x86_64
2019-10-29T16:33:43Z SUBDEBUG Erase: libnfnetlink-1.0.1-13.el8.x86_64
2019-10-29T16:33:43Z SUBDEBUG Erase: libnftnl-1.1.1-4.el8.x86_64
2019-10-29T16:33:43Z SUBDEBUG Erase: libnftnl-1.1.1-4.el8.x86_64
2019-10-29T16:33:43Z SUBDEBUG Erase: ipset-libs-7.1-1.el8.x86_64
2019-10-29T16:33:43Z SUBDEBUG Erase: ipset-libs-7.1-1.el8.x86_64
2019-10-29T16:33:45Z INFO --- logging initialized ---
2020-03-04T02:45:11Z INFO --- logging initialized ---
2020-03-04T02:45:13Z SUBDEBUG Erase: cloud-init-18.5-7.el8.noarch
2020-03-04T02:45:13Z SUBDEBUG Erase: cloud-init-18.5-7.el8.noarch
2020-03-04T02:45:13Z INFO warning: file /run/cloud-init: remove failed: No such file or directory

2020-03-04T02:45:13Z SUBDEBUG Erase: python3-jinja2-2.10.1-2.el8_0.noarch
2020-03-04T02:45:13Z SUBDEBUG Erase: python3-jinja2-2.10.1-2.el8_0.noarch
2020-03-04T02:45:13Z SUBDEBUG Erase: python3-babel-2.5.1-5.el8.noarch
2020-03-04T02:45:13Z SUBDEBUG Erase: python3-babel-2.5.1-5.el8.noarch
2020-03-04T02:45:13Z SUBDEBUG Erase: python3-jsonpatch-1.21-2.el8.noarch
2020-03-04T02:45:13Z SUBDEBUG Erase: python3-jsonpatch-1.21-2.el8.noarch
2020-03-04T02:45:13Z SUBDEBUG Erase: python3-oauthlib-2.1.0-1.el8.noarch
2020-03-04T02:45:13Z SUBDEBUG Erase: python3-oauthlib-2.1.0-1.el8.noarch
2020-03-04T02:45:13Z SUBDEBUG Erase: python3-jwt-1.6.1-2.el8.noarch
2020-03-04T02:45:13Z SUBDEBUG Erase: python3-jwt-1.6.1-2.el8.noarch
2020-03-04T02:45:13Z SUBDEBUG Erase: python3-jsonpointer-1.10-11.el8.noarch
2020-03-04T02:45:13Z SUBDEBUG Erase: python3-jsonpointer-1.10-11.el8.noarch
2020-03-04T02:45:13Z SUBDEBUG Erase: python3-pytz-2017.2-9.el8.noarch
2020-03-04T02:45:13Z SUBDEBUG Erase: python3-pytz-2017.2-9.el8.noarch
2020-03-04T02:45:13Z SUBDEBUG Erase: python3-prettytable-0.7.2-14.el8.noarch
2020-03-04T02:45:13Z SUBDEBUG Erase: python3-prettytable-0.7.2-14.el8.noarch
2020-03-04T02:45:13Z SUBDEBUG Erase: python3-pyserial-3.1.1-8.el8.noarch
2020-03-04T02:45:13Z SUBDEBUG Erase: python3-pyserial-3.1.1-8.el8.noarch
2020-03-04T02:45:13Z SUBDEBUG Erase: python3-markupsafe-0.23-19.el8.x86_64
2020-03-04T02:45:13Z SUBDEBUG Erase: python3-markupsafe-0.23-19.el8.x86_64
2020-03-04T02:45:13Z SUBDEBUG Erase: net-tools-2.0-0.51.20160912git.el8.x86_64
2020-03-04T02:45:13Z SUBDEBUG Erase: net-tools-2.0-0.51.20160912git.el8.x86_64
2020-03-04T02:48:20Z INFO --- logging initialized ---
2020-03-04T02:48:23Z INFO --- logging initialized ---
2020-03-04T02:49:09Z INFO --- logging initialized ---
2020-03-04T02:49:11Z INFO --- logging initialized ---
2020-03-04T02:49:21Z INFO --- logging initialized ---
2020-03-04T02:50:58Z INFO --- logging initialized ---
2020-03-04T02:56:31Z INFO --- logging initialized ---
2020-03-04T03:06:47Z INFO --- logging initialized ---
2020-03-04T03:09:01Z INFO --- logging initialized ---
2020-03-04T03:09:04Z SUBDEBUG Installed: xmlrpc-c-1.51.0-5.el8.x86_64
2020-03-04T03:09:04Z SUBDEBUG Installed: xmlrpc-c-1.51.0-5.el8.x86_64
2020-03-04T03:09:04Z SUBDEBUG Installed: xmlrpc-c-client-1.51.0-5.el8.x86_64
2020-03-04T03:09:04Z SUBDEBUG Installed: xmlrpc-c-client-1.51.0-5.el8.x86_64
2020-03-04T03:09:04Z SUBDEBUG Installed: certmonger-0.79.7-3.el8.x86_64
2020-03-04T03:09:04Z SUBDEBUG Installed: certmonger-0.79.7-3.el8.x86_64
2020-03-04T03:09:07Z INFO --- logging initialized ---
2020-03-04T03:09:09Z SUBDEBUG Installed: python3-ujson-2.0-0.1.20170206git2f1d487.el8ost.7.x86_64
2020-03-04T03:09:09Z SUBDEBUG Installed: python3-ujson-2.0-0.1.20170206git2f1d487.el8ost.7.x86_64
2020-03-04T03:09:09Z SUBDEBUG Installed: python3-gnocchiclient-7.0.4-0.20190919175421.64814b9.el8ost.noarch
2020-03-04T03:09:09Z SUBDEBUG Installed: python3-gnocchiclient-7.0.4-0.20190919175421.64814b9.el8ost.noarch
2020-03-04T03:09:10Z INFO --- logging initialized ---
2020-03-04T03:09:12Z SUBDEBUG Installed: python3-pankoclient-0.5.0-0.20191010210258.572aee9.el8ost.noarch
2020-03-04T03:09:12Z SUBDEBUG Installed: python3-pankoclient-0.5.0-0.20191010210258.572aee9.el8ost.noarch
2020-03-04T03:26:20Z INFO --- logging initialized ---
2020-03-04T03:26:24Z INFO --- logging initialized ---
2020-03-04T03:26:32Z INFO --- logging initialized ---
2020-03-04T03:27:03Z INFO --- logging initialized ---
2020-03-04T03:51:47Z INFO --- logging initialized ---
