INFO Oct-29 12:33:38 === Started libdnf-0.35.1 ===
INFO Oct-29 12:33:39 === Started libdnf-0.35.1 ===
INFO Oct-29 12:33:39 === Started libdnf-0.35.1 ===
INFO Oct-29 12:33:39 === Started libdnf-0.35.1 ===
INFO Oct-29 12:33:41 === Started libdnf-0.35.1 ===
INFO Oct-29 12:33:44 === Started libdnf-0.35.1 ===
INFO Oct-29 12:33:44 === Started libdnf-0.35.1 ===
INFO Oct-29 12:33:44 === Started libdnf-0.35.1 ===
INFO Mar-03 21:45:12 === Started libdnf-0.35.1 ===
INFO Mar-03 21:45:13 === Started libdnf-0.35.1 ===
INFO Mar-03 21:45:14 === Started libdnf-0.35.1 ===
INFO Mar-03 21:48:17 === Started libdnf-0.35.1 ===
INFO Mar-03 21:48:17 === Started libdnf-0.35.1 ===
INFO Mar-03 21:48:17 === Started libdnf-0.35.1 ===
INFO Mar-03 21:48:20 === Started libdnf-0.35.1 ===
INFO Mar-03 21:48:24 === Started libdnf-0.35.1 ===
INFO Mar-03 21:49:09 === Started libdnf-0.35.1 ===
INFO Mar-03 21:49:09 === Started libdnf-0.35.1 ===
INFO Mar-03 21:49:11 === Started libdnf-0.35.1 ===
INFO Mar-03 21:49:11 === Started libdnf-0.35.1 ===
INFO Mar-03 21:49:22 === Started libdnf-0.35.1 ===
INFO Mar-03 21:49:43 === Started libdnf-0.35.1 ===
INFO Mar-03 21:50:57 === Started libdnf-0.35.1 ===
INFO Mar-03 21:50:57 === Started libdnf-0.35.1 ===
INFO Mar-03 21:50:58 === Started libdnf-0.35.1 ===
DEBUG Mar-03 21:50:58 fetching rpmdb
DEBUG Mar-03 21:50:58 deleting file /tmp/tmpdir.adqGRm/repodata/repomd.xml
DEBUG Mar-03 21:50:58 deleting directory /tmp/tmpdir.adqGRm/repodata
DEBUG Mar-03 21:50:58 deleting directory /tmp/tmpdir.adqGRm
DEBUG Mar-03 21:50:58 using cached rhelosp-16.0 (0xb7130863611e97065c8bee85ccf5ea98694f6ebb0ae2693270abab4cc20919f5)
DEBUG Mar-03 21:50:58 load_ext: using cache file: /var/cache/dnf/rhelosp-16.0-filenames.solvx
DEBUG Mar-03 21:50:58 no presto metadata available for RHOS-16.0-trunk
DEBUG Mar-03 21:50:58 no updateinfo available for RHOS-16.0-trunk
DEBUG Mar-03 21:50:59 deleting file /tmp/tmpdir.OHqVR3/repodata/repomd.xml
DEBUG Mar-03 21:50:59 deleting directory /tmp/tmpdir.OHqVR3/repodata
DEBUG Mar-03 21:50:59 deleting directory /tmp/tmpdir.OHqVR3
DEBUG Mar-03 21:50:59 using cached rhelosp-16.0-image-build-override (0xe5ed4b92220ae21705480cd9f3f3a4fb7216681ba2c8fd63a48ff6a21d05e8d6)
DEBUG Mar-03 21:50:59 load_ext: using cache file: /var/cache/dnf/rhelosp-16.0-image-build-override-filenames.solvx
DEBUG Mar-03 21:50:59 no presto metadata available for RHOS 16.0-trunk Override
DEBUG Mar-03 21:50:59 no updateinfo available for RHOS 16.0-trunk Override
DEBUG Mar-03 21:50:59 deleting file /tmp/tmpdir.4X2VQL/repodata/repomd.xml
DEBUG Mar-03 21:50:59 deleting directory /tmp/tmpdir.4X2VQL/repodata
DEBUG Mar-03 21:50:59 deleting directory /tmp/tmpdir.4X2VQL
DEBUG Mar-03 21:50:59 using cached rhelosp-ceph-4-mon (0xada1080c54f0e112b307d0322066a2be845616fb2beb1bf0aa119f534808010e)
DEBUG Mar-03 21:50:59 load_ext: using cache file: /var/cache/dnf/rhelosp-ceph-4-mon-filenames.solvx
DEBUG Mar-03 21:50:59 no presto metadata available for Ceph 4 MON
DEBUG Mar-03 21:50:59 no updateinfo available for Ceph 4 MON
DEBUG Mar-03 21:50:59 deleting file /tmp/tmpdir.aV91Iu/repodata/repomd.xml
DEBUG Mar-03 21:50:59 deleting directory /tmp/tmpdir.aV91Iu/repodata
DEBUG Mar-03 21:50:59 deleting directory /tmp/tmpdir.aV91Iu
DEBUG Mar-03 21:50:59 using cached rhelosp-ceph-4-tools (0x766cf7e27b5a59c670664ff16049dd78d342e5b57ca42bea16ed8f52694b9fca)
DEBUG Mar-03 21:50:59 load_ext: using cache file: /var/cache/dnf/rhelosp-ceph-4-tools-filenames.solvx
DEBUG Mar-03 21:50:59 no presto metadata available for Ceph 4 Tools
DEBUG Mar-03 21:50:59 no updateinfo available for Ceph 4 Tools
DEBUG Mar-03 21:51:00 deleting file /tmp/tmpdir.OOPgue/repodata/repomd.xml
DEBUG Mar-03 21:51:00 deleting directory /tmp/tmpdir.OOPgue/repodata
DEBUG Mar-03 21:51:00 deleting directory /tmp/tmpdir.OOPgue
DEBUG Mar-03 21:51:00 using cached rhelosp-ceph-4.0-mon-pending (0x30d47ad1b2d67171e28ca8e199951ce2c8678be70822cd7bf0de2cbbc5a538cd)
DEBUG Mar-03 21:51:00 load_ext: using cache file: /var/cache/dnf/rhelosp-ceph-4.0-mon-pending-filenames.solvx
DEBUG Mar-03 21:51:00 no presto metadata available for Ceph 4.0 MON Pending
DEBUG Mar-03 21:51:00 no updateinfo available for Ceph 4.0 MON Pending
DEBUG Mar-03 21:51:00 deleting file /tmp/tmpdir.CyAI8Y/repodata/repomd.xml
DEBUG Mar-03 21:51:00 deleting directory /tmp/tmpdir.CyAI8Y/repodata
DEBUG Mar-03 21:51:00 deleting directory /tmp/tmpdir.CyAI8Y
DEBUG Mar-03 21:51:00 using cached rhelosp-ceph-4.0-tools-pending (0xbc3dc48f541cb5b476166939abd56211a7f4b6252a285c9f4e0db53fdc154fce)
DEBUG Mar-03 21:51:00 load_ext: using cache file: /var/cache/dnf/rhelosp-ceph-4.0-tools-pending-filenames.solvx
DEBUG Mar-03 21:51:00 no presto metadata available for Ceph 4.0 Tools Pending
DEBUG Mar-03 21:51:00 no updateinfo available for Ceph 4.0 Tools Pending
DEBUG Mar-03 21:51:01 deleting file /tmp/tmpdir.6xnyGK/repodata/repomd.xml
DEBUG Mar-03 21:51:01 deleting directory /tmp/tmpdir.6xnyGK/repodata
DEBUG Mar-03 21:51:01 deleting directory /tmp/tmpdir.6xnyGK
DEBUG Mar-03 21:51:01 using cached rhelosp-ceph-4-osd (0x10a663b22ccae643435147d3d8168935e30c4c51a5ecef97bd948e03bdd8aa72)
DEBUG Mar-03 21:51:01 load_ext: using cache file: /var/cache/dnf/rhelosp-ceph-4-osd-filenames.solvx
DEBUG Mar-03 21:51:01 no presto metadata available for Ceph 4 OSD
DEBUG Mar-03 21:51:01 no updateinfo available for Ceph 4 OSD
DEBUG Mar-03 21:51:01 deleting file /tmp/tmpdir.Sj7t7w/repodata/repomd.xml
DEBUG Mar-03 21:51:01 deleting directory /tmp/tmpdir.Sj7t7w/repodata
DEBUG Mar-03 21:51:01 deleting directory /tmp/tmpdir.Sj7t7w
DEBUG Mar-03 21:51:01 using cached rhelosp-ceph-4.0-osd-pending (0xc16341abff03a9dbc94ae231980c9c8c067fd19a246021621848eb7b92b04903)
DEBUG Mar-03 21:51:01 load_ext: using cache file: /var/cache/dnf/rhelosp-ceph-4.0-osd-pending-filenames.solvx
DEBUG Mar-03 21:51:01 no presto metadata available for Ceph 4.0 OSD Pending
DEBUG Mar-03 21:51:01 no updateinfo available for Ceph 4.0 OSD Pending
DEBUG Mar-03 21:51:01 deleting file /tmp/tmpdir.kW5Brk/repodata/repomd.xml
DEBUG Mar-03 21:51:01 deleting directory /tmp/tmpdir.kW5Brk/repodata
DEBUG Mar-03 21:51:01 deleting directory /tmp/tmpdir.kW5Brk
DEBUG Mar-03 21:51:01 using cached rhosp-rhel-8.1-baseos (0xc1638197ef093edd66363aef77958d00f29b63cccdcc9313c1067278c26010a6)
DEBUG Mar-03 21:51:01 load_ext: using cache file: /var/cache/dnf/rhosp-rhel-8.1-baseos-filenames.solvx
DEBUG Mar-03 21:51:01 no presto metadata available for rhel8 baseos
DEBUG Mar-03 21:51:01 load_ext: using cache file: /var/cache/dnf/rhosp-rhel-8.1-baseos-updateinfo.solvx
DEBUG Mar-03 21:51:02 deleting file /tmp/tmpdir.kkFBN8/repodata/repomd.xml
DEBUG Mar-03 21:51:02 deleting directory /tmp/tmpdir.kkFBN8/repodata
DEBUG Mar-03 21:51:02 deleting directory /tmp/tmpdir.kkFBN8
DEBUG Mar-03 21:51:02 using cached rhosp-rhel-8.1-appstream (0x68d7753a7a1f340ae5aa709cc6bd18397a73c40c6364e53d5eda853f0efc2e4a)
DEBUG Mar-03 21:51:02 load_ext: using cache file: /var/cache/dnf/rhosp-rhel-8.1-appstream-filenames.solvx
DEBUG Mar-03 21:51:02 no presto metadata available for rhel8 appstream
DEBUG Mar-03 21:51:02 load_ext: using cache file: /var/cache/dnf/rhosp-rhel-8.1-appstream-updateinfo.solvx
DEBUG Mar-03 21:51:02 deleting file /tmp/tmpdir.023mdY/repodata/repomd.xml
DEBUG Mar-03 21:51:02 deleting directory /tmp/tmpdir.023mdY/repodata
DEBUG Mar-03 21:51:02 deleting directory /tmp/tmpdir.023mdY
DEBUG Mar-03 21:51:02 using cached rhosp-rhel-8.1-ha (0xd19cc229a40104b5da5ec7cab6ba6b652192f10738c6729166efbefb3a034fad)
DEBUG Mar-03 21:51:02 load_ext: using cache file: /var/cache/dnf/rhosp-rhel-8.1-ha-filenames.solvx
DEBUG Mar-03 21:51:02 no presto metadata available for Red Hat Enterprise Linux 8 - x86_64 - HA
DEBUG Mar-03 21:51:02 load_ext: using cache file: /var/cache/dnf/rhosp-rhel-8.1-ha-updateinfo.solvx
DEBUG Mar-03 21:51:03 deleting file /tmp/tmpdir.Jxi2zO/repodata/repomd.xml
DEBUG Mar-03 21:51:03 deleting directory /tmp/tmpdir.Jxi2zO/repodata
DEBUG Mar-03 21:51:03 deleting directory /tmp/tmpdir.Jxi2zO
DEBUG Mar-03 21:51:03 using cached rhosp-rhel-8.1-av (0xbca00be0d5e1109fba68f78a80aee903f3cba0293126808e484376cf4be8089b)
DEBUG Mar-03 21:51:03 load_ext: using cache file: /var/cache/dnf/rhosp-rhel-8.1-av-filenames.solvx
DEBUG Mar-03 21:51:03 no presto metadata available for Red Hat Enterprise Linux Advanced Virtualization 8 - x86_64
DEBUG Mar-03 21:51:03 load_ext: using cache file: /var/cache/dnf/rhosp-rhel-8.1-av-updateinfo.solvx
DEBUG Mar-03 21:51:03 deleting file /tmp/tmpdir.lo7sUF/repodata/repomd.xml
DEBUG Mar-03 21:51:03 deleting directory /tmp/tmpdir.lo7sUF/repodata
DEBUG Mar-03 21:51:03 deleting directory /tmp/tmpdir.lo7sUF
DEBUG Mar-03 21:51:03 using cached rhosp-rhel-8.1-ansible (0xa9b6b2ed9d195c488c14c555f05ddebe7ac435b8243e71e13d2f50d150ddcb35)
DEBUG Mar-03 21:51:03 load_ext: using cache file: /var/cache/dnf/rhosp-rhel-8.1-ansible-filenames.solvx
DEBUG Mar-03 21:51:03 no presto metadata available for Red Hat Enterprise Linux Ansible 8 - x86_64
DEBUG Mar-03 21:51:03 load_ext: using cache file: /var/cache/dnf/rhosp-rhel-8.1-ansible-updateinfo.solvx
DEBUG Mar-03 21:51:03 deleting file /tmp/tmpdir.tarNcy/repodata/repomd.xml
DEBUG Mar-03 21:51:03 deleting directory /tmp/tmpdir.tarNcy/repodata
DEBUG Mar-03 21:51:03 deleting directory /tmp/tmpdir.tarNcy
DEBUG Mar-03 21:51:03 using cached rhosp-rhel-8.1-fdp (0x76fcf4c6bb6f784749fd6069499ab2d9ae935b61ae15ddc6d060f7a43da93c54)
DEBUG Mar-03 21:51:03 load_ext: using cache file: /var/cache/dnf/rhosp-rhel-8.1-fdp-filenames.solvx
DEBUG Mar-03 21:51:03 no presto metadata available for Red Hat Enterprise Linux Fast Datapath 8 - x86_64
DEBUG Mar-03 21:51:03 load_ext: using cache file: /var/cache/dnf/rhosp-rhel-8.1-fdp-updateinfo.solvx
DEBUG Mar-03 21:51:04 deleting file /tmp/tmpdir.ncPvrr/repodata/repomd.xml
DEBUG Mar-03 21:51:04 deleting directory /tmp/tmpdir.ncPvrr/repodata
DEBUG Mar-03 21:51:04 deleting directory /tmp/tmpdir.ncPvrr
DEBUG Mar-03 21:51:04 using cached rhosp-rhel-8.1-image-build-override (0xd42dc4b621608b726502405145cfd384581a3b9f03064c3fbc97737d04990154)
DEBUG Mar-03 21:51:04 load_ext: using cache file: /var/cache/dnf/rhosp-rhel-8.1-image-build-override-filenames.solvx
DEBUG Mar-03 21:51:04 no presto metadata available for RHEL 8.1 Override
DEBUG Mar-03 21:51:04 no updateinfo available for RHEL 8.1 Override
DEBUG Mar-03 21:51:04 deleting file /tmp/tmpdir.1cXhFl/repodata/repomd.xml
DEBUG Mar-03 21:51:04 deleting directory /tmp/tmpdir.1cXhFl/repodata
DEBUG Mar-03 21:51:04 deleting directory /tmp/tmpdir.1cXhFl
DEBUG Mar-03 21:51:04 using cached rhos-release (0x48af430e21c419eeb448e04946d9f12680a770d3d24bb27cef8400053e5af247)
DEBUG Mar-03 21:51:04 load_ext: using cache file: /var/cache/dnf/rhos-release-filenames.solvx
DEBUG Mar-03 21:51:04 no presto metadata available for RHOS Release
DEBUG Mar-03 21:51:04 no updateinfo available for RHOS Release
DEBUG Mar-03 21:51:05 deleting file /tmp/tmpdir.RQj2Rg/repodata/repomd.xml
DEBUG Mar-03 21:51:05 deleting directory /tmp/tmpdir.RQj2Rg/repodata
DEBUG Mar-03 21:51:05 deleting directory /tmp/tmpdir.RQj2Rg
DEBUG Mar-03 21:51:05 using cached rhos-release-extras (0xc0c3a11e7c6a78ae795b347cba6bfaa6de18b8d4658aa623561fd5d3c67d3035)
DEBUG Mar-03 21:51:05 load_ext: using cache file: /var/cache/dnf/rhos-release-extras-filenames.solvx
DEBUG Mar-03 21:51:05 no presto metadata available for RHOS Release Extras
DEBUG Mar-03 21:51:05 no updateinfo available for RHOS Release Extras
DEBUG Mar-03 21:51:05 Architecture is: x86_64
DEBUG Mar-03 21:51:05 running_kernel(): running kernel not matched to a package.
INFO Mar-03 21:51:07 === Started libdnf-0.35.1 ===
INFO Mar-03 21:51:28 === Started libdnf-0.35.1 ===
INFO Mar-03 21:51:28 === Started libdnf-0.35.1 ===
INFO Mar-03 21:51:32 === Started libdnf-0.35.1 ===
INFO Mar-03 21:55:27 === Started libdnf-0.35.1 ===
INFO Mar-03 21:55:27 === Started libdnf-0.35.1 ===
INFO Mar-03 21:55:29 === Started libdnf-0.35.1 ===
INFO Mar-03 21:56:32 === Started libdnf-0.35.1 ===
INFO Mar-03 21:56:32 === Started libdnf-0.35.1 ===
INFO Mar-03 21:56:32 === Started libdnf-0.35.1 ===
INFO Mar-03 21:57:09 === Started libdnf-0.35.1 ===
INFO Mar-03 21:57:20 === Started libdnf-0.35.1 ===
INFO Mar-03 21:57:20 === Started libdnf-0.35.1 ===
INFO Mar-03 21:58:24 === Started libdnf-0.35.1 ===
INFO Mar-03 22:03:37 === Started libdnf-0.35.1 ===
INFO Mar-03 22:03:40 === Started libdnf-0.35.1 ===
INFO Mar-03 22:03:40 === Started libdnf-0.35.1 ===
INFO Mar-03 22:03:42 === Started libdnf-0.35.1 ===
INFO Mar-03 22:03:52 === Started libdnf-0.35.1 ===
INFO Mar-03 22:04:21 === Started libdnf-0.35.1 ===
INFO Mar-03 22:04:25 === Started libdnf-0.35.1 ===
INFO Mar-03 22:04:25 === Started libdnf-0.35.1 ===
INFO Mar-03 22:04:51 === Started libdnf-0.35.1 ===
INFO Mar-03 22:04:52 === Started libdnf-0.35.1 ===
INFO Mar-03 22:04:52 === Started libdnf-0.35.1 ===
INFO Mar-03 22:05:18 === Started libdnf-0.35.1 ===
INFO Mar-03 22:05:22 === Started libdnf-0.35.1 ===
INFO Mar-03 22:05:30 === Started libdnf-0.35.1 ===
INFO Mar-04 03:05:48 === Started libdnf-0.35.1 ===
INFO Mar-04 03:06:48 === Started libdnf-0.35.1 ===
INFO Mar-04 03:07:32 === Started libdnf-0.35.1 ===
INFO Mar-04 03:09:02 === Started libdnf-0.35.1 ===
INFO Mar-04 03:09:04 === Started libdnf-0.35.1 ===
INFO Mar-04 03:09:04 === Started libdnf-0.35.1 ===
INFO Mar-04 03:09:07 === Started libdnf-0.35.1 ===
INFO Mar-04 03:09:09 === Started libdnf-0.35.1 ===
INFO Mar-04 03:09:09 === Started libdnf-0.35.1 ===
INFO Mar-04 03:09:10 === Started libdnf-0.35.1 ===
INFO Mar-04 03:09:12 === Started libdnf-0.35.1 ===
INFO Mar-04 03:09:12 === Started libdnf-0.35.1 ===
INFO Mar-04 03:24:14 === Started libdnf-0.35.1 ===
INFO Mar-04 03:24:22 === Started libdnf-0.35.1 ===
INFO Mar-04 03:24:22 === Started libdnf-0.35.1 ===
INFO Mar-04 03:25:43 === Started libdnf-0.35.1 ===
INFO Mar-04 03:25:46 === Started libdnf-0.35.1 ===
INFO Mar-04 03:26:16 === Started libdnf-0.35.1 ===
INFO Mar-04 03:26:21 === Started libdnf-0.35.1 ===
INFO Mar-04 03:26:25 === Started libdnf-0.35.1 ===
INFO Mar-04 03:26:34 === Started libdnf-0.35.1 ===
INFO Mar-04 03:27:01 === Started libdnf-0.35.1 ===
INFO Mar-04 03:27:03 === Started libdnf-0.35.1 ===
DEBUG Mar-04 03:27:03 fetching rpmdb
DEBUG Mar-04 03:27:04 deleting file /tmp/tmpdir.XEhDzz/repodata/repomd.xml
DEBUG Mar-04 03:27:04 deleting directory /tmp/tmpdir.XEhDzz/repodata
DEBUG Mar-04 03:27:04 deleting directory /tmp/tmpdir.XEhDzz
DEBUG Mar-04 03:27:04 using cached rhelosp-16.0 (0xb7130863611e97065c8bee85ccf5ea98694f6ebb0ae2693270abab4cc20919f5)
DEBUG Mar-04 03:27:04 load_ext: using cache file: /var/cache/dnf/rhelosp-16.0-filenames.solvx
DEBUG Mar-04 03:27:04 no presto metadata available for RHOS-16.0-trunk
DEBUG Mar-04 03:27:04 no updateinfo available for RHOS-16.0-trunk
DEBUG Mar-04 03:27:04 deleting file /tmp/tmpdir.7sJgl8/repodata/repomd.xml
DEBUG Mar-04 03:27:04 deleting directory /tmp/tmpdir.7sJgl8/repodata
DEBUG Mar-04 03:27:04 deleting directory /tmp/tmpdir.7sJgl8
DEBUG Mar-04 03:27:04 using cached rhelosp-16.0-image-build-override (0xe5ed4b92220ae21705480cd9f3f3a4fb7216681ba2c8fd63a48ff6a21d05e8d6)
DEBUG Mar-04 03:27:04 load_ext: using cache file: /var/cache/dnf/rhelosp-16.0-image-build-override-filenames.solvx
DEBUG Mar-04 03:27:04 no presto metadata available for RHOS 16.0-trunk Override
DEBUG Mar-04 03:27:04 no updateinfo available for RHOS 16.0-trunk Override
DEBUG Mar-04 03:27:04 deleting file /tmp/tmpdir.5fW05H/repodata/repomd.xml
DEBUG Mar-04 03:27:04 deleting directory /tmp/tmpdir.5fW05H/repodata
DEBUG Mar-04 03:27:04 deleting directory /tmp/tmpdir.5fW05H
DEBUG Mar-04 03:27:04 using cached rhelosp-ceph-4-mon (0xada1080c54f0e112b307d0322066a2be845616fb2beb1bf0aa119f534808010e)
DEBUG Mar-04 03:27:04 load_ext: using cache file: /var/cache/dnf/rhelosp-ceph-4-mon-filenames.solvx
DEBUG Mar-04 03:27:04 no presto metadata available for Ceph 4 MON
DEBUG Mar-04 03:27:04 no updateinfo available for Ceph 4 MON
DEBUG Mar-04 03:27:05 deleting file /tmp/tmpdir.NpScKi/repodata/repomd.xml
DEBUG Mar-04 03:27:05 deleting directory /tmp/tmpdir.NpScKi/repodata
DEBUG Mar-04 03:27:05 deleting directory /tmp/tmpdir.NpScKi
DEBUG Mar-04 03:27:05 using cached rhelosp-ceph-4-tools (0x766cf7e27b5a59c670664ff16049dd78d342e5b57ca42bea16ed8f52694b9fca)
DEBUG Mar-04 03:27:05 load_ext: using cache file: /var/cache/dnf/rhelosp-ceph-4-tools-filenames.solvx
DEBUG Mar-04 03:27:05 no presto metadata available for Ceph 4 Tools
DEBUG Mar-04 03:27:05 no updateinfo available for Ceph 4 Tools
DEBUG Mar-04 03:27:05 deleting file /tmp/tmpdir.rJQ6hU/repodata/repomd.xml
DEBUG Mar-04 03:27:05 deleting directory /tmp/tmpdir.rJQ6hU/repodata
DEBUG Mar-04 03:27:05 deleting directory /tmp/tmpdir.rJQ6hU
DEBUG Mar-04 03:27:05 using cached rhelosp-ceph-4.0-mon-pending (0x30d47ad1b2d67171e28ca8e199951ce2c8678be70822cd7bf0de2cbbc5a538cd)
DEBUG Mar-04 03:27:05 load_ext: using cache file: /var/cache/dnf/rhelosp-ceph-4.0-mon-pending-filenames.solvx
DEBUG Mar-04 03:27:05 no presto metadata available for Ceph 4.0 MON Pending
DEBUG Mar-04 03:27:05 no updateinfo available for Ceph 4.0 MON Pending
DEBUG Mar-04 03:27:06 deleting file /tmp/tmpdir.Ja9TJw/repodata/repomd.xml
DEBUG Mar-04 03:27:06 deleting directory /tmp/tmpdir.Ja9TJw/repodata
DEBUG Mar-04 03:27:06 deleting directory /tmp/tmpdir.Ja9TJw
DEBUG Mar-04 03:27:06 using cached rhelosp-ceph-4.0-tools-pending (0xbc3dc48f541cb5b476166939abd56211a7f4b6252a285c9f4e0db53fdc154fce)
DEBUG Mar-04 03:27:06 load_ext: using cache file: /var/cache/dnf/rhelosp-ceph-4.0-tools-pending-filenames.solvx
DEBUG Mar-04 03:27:06 no presto metadata available for Ceph 4.0 Tools Pending
DEBUG Mar-04 03:27:06 no updateinfo available for Ceph 4.0 Tools Pending
DEBUG Mar-04 03:27:06 deleting file /tmp/tmpdir.rGx149/repodata/repomd.xml
DEBUG Mar-04 03:27:06 deleting directory /tmp/tmpdir.rGx149/repodata
DEBUG Mar-04 03:27:06 deleting directory /tmp/tmpdir.rGx149
DEBUG Mar-04 03:27:06 using cached rhelosp-ceph-4-osd (0x10a663b22ccae643435147d3d8168935e30c4c51a5ecef97bd948e03bdd8aa72)
DEBUG Mar-04 03:27:06 load_ext: using cache file: /var/cache/dnf/rhelosp-ceph-4-osd-filenames.solvx
DEBUG Mar-04 03:27:06 no presto metadata available for Ceph 4 OSD
DEBUG Mar-04 03:27:06 no updateinfo available for Ceph 4 OSD
DEBUG Mar-04 03:27:06 deleting file /tmp/tmpdir.IydojO/repodata/repomd.xml
DEBUG Mar-04 03:27:06 deleting directory /tmp/tmpdir.IydojO/repodata
DEBUG Mar-04 03:27:06 deleting directory /tmp/tmpdir.IydojO
DEBUG Mar-04 03:27:06 using cached rhelosp-ceph-4.0-osd-pending (0xc16341abff03a9dbc94ae231980c9c8c067fd19a246021621848eb7b92b04903)
DEBUG Mar-04 03:27:06 load_ext: using cache file: /var/cache/dnf/rhelosp-ceph-4.0-osd-pending-filenames.solvx
DEBUG Mar-04 03:27:06 no presto metadata available for Ceph 4.0 OSD Pending
DEBUG Mar-04 03:27:06 no updateinfo available for Ceph 4.0 OSD Pending
DEBUG Mar-04 03:27:07 deleting file /tmp/tmpdir.aFh5qt/repodata/repomd.xml
DEBUG Mar-04 03:27:07 deleting directory /tmp/tmpdir.aFh5qt/repodata
DEBUG Mar-04 03:27:07 deleting directory /tmp/tmpdir.aFh5qt
DEBUG Mar-04 03:27:07 using cached rhosp-rhel-8.1-baseos (0xc1638197ef093edd66363aef77958d00f29b63cccdcc9313c1067278c26010a6)
DEBUG Mar-04 03:27:07 load_ext: using cache file: /var/cache/dnf/rhosp-rhel-8.1-baseos-filenames.solvx
DEBUG Mar-04 03:27:07 no presto metadata available for rhel8 baseos
DEBUG Mar-04 03:27:07 load_ext: using cache file: /var/cache/dnf/rhosp-rhel-8.1-baseos-updateinfo.solvx
DEBUG Mar-04 03:27:07 deleting file /tmp/tmpdir.IYTEB9/repodata/repomd.xml
DEBUG Mar-04 03:27:07 deleting directory /tmp/tmpdir.IYTEB9/repodata
DEBUG Mar-04 03:27:07 deleting directory /tmp/tmpdir.IYTEB9
DEBUG Mar-04 03:27:07 using cached rhosp-rhel-8.1-appstream (0x68d7753a7a1f340ae5aa709cc6bd18397a73c40c6364e53d5eda853f0efc2e4a)
DEBUG Mar-04 03:27:07 load_ext: using cache file: /var/cache/dnf/rhosp-rhel-8.1-appstream-filenames.solvx
DEBUG Mar-04 03:27:07 no presto metadata available for rhel8 appstream
DEBUG Mar-04 03:27:07 load_ext: using cache file: /var/cache/dnf/rhosp-rhel-8.1-appstream-updateinfo.solvx
DEBUG Mar-04 03:27:08 deleting file /tmp/tmpdir.YBCNSQ/repodata/repomd.xml
DEBUG Mar-04 03:27:08 deleting directory /tmp/tmpdir.YBCNSQ/repodata
DEBUG Mar-04 03:27:08 deleting directory /tmp/tmpdir.YBCNSQ
DEBUG Mar-04 03:27:08 using cached rhosp-rhel-8.1-ha (0xd19cc229a40104b5da5ec7cab6ba6b652192f10738c6729166efbefb3a034fad)
DEBUG Mar-04 03:27:08 load_ext: using cache file: /var/cache/dnf/rhosp-rhel-8.1-ha-filenames.solvx
DEBUG Mar-04 03:27:08 no presto metadata available for Red Hat Enterprise Linux 8 - x86_64 - HA
DEBUG Mar-04 03:27:08 load_ext: using cache file: /var/cache/dnf/rhosp-rhel-8.1-ha-updateinfo.solvx
DEBUG Mar-04 03:27:08 deleting file /tmp/tmpdir.ZGv97y/repodata/repomd.xml
DEBUG Mar-04 03:27:08 deleting directory /tmp/tmpdir.ZGv97y/repodata
DEBUG Mar-04 03:27:08 deleting directory /tmp/tmpdir.ZGv97y
DEBUG Mar-04 03:27:08 using cached rhosp-rhel-8.1-av (0xbca00be0d5e1109fba68f78a80aee903f3cba0293126808e484376cf4be8089b)
DEBUG Mar-04 03:27:08 load_ext: using cache file: /var/cache/dnf/rhosp-rhel-8.1-av-filenames.solvx
DEBUG Mar-04 03:27:08 no presto metadata available for Red Hat Enterprise Linux Advanced Virtualization 8 - x86_64
DEBUG Mar-04 03:27:08 load_ext: using cache file: /var/cache/dnf/rhosp-rhel-8.1-av-updateinfo.solvx
DEBUG Mar-04 03:27:08 deleting file /tmp/tmpdir.GKSili/repodata/repomd.xml
DEBUG Mar-04 03:27:08 deleting directory /tmp/tmpdir.GKSili/repodata
DEBUG Mar-04 03:27:08 deleting directory /tmp/tmpdir.GKSili
DEBUG Mar-04 03:27:08 using cached rhosp-rhel-8.1-ansible (0xa9b6b2ed9d195c488c14c555f05ddebe7ac435b8243e71e13d2f50d150ddcb35)
DEBUG Mar-04 03:27:08 load_ext: using cache file: /var/cache/dnf/rhosp-rhel-8.1-ansible-filenames.solvx
DEBUG Mar-04 03:27:08 no presto metadata available for Red Hat Enterprise Linux Ansible 8 - x86_64
DEBUG Mar-04 03:27:08 load_ext: using cache file: /var/cache/dnf/rhosp-rhel-8.1-ansible-updateinfo.solvx
DEBUG Mar-04 03:27:09 deleting file /tmp/tmpdir.64DHv2/repodata/repomd.xml
DEBUG Mar-04 03:27:09 deleting directory /tmp/tmpdir.64DHv2/repodata
DEBUG Mar-04 03:27:09 deleting directory /tmp/tmpdir.64DHv2
DEBUG Mar-04 03:27:09 using cached rhosp-rhel-8.1-fdp (0x76fcf4c6bb6f784749fd6069499ab2d9ae935b61ae15ddc6d060f7a43da93c54)
DEBUG Mar-04 03:27:09 load_ext: using cache file: /var/cache/dnf/rhosp-rhel-8.1-fdp-filenames.solvx
DEBUG Mar-04 03:27:09 no presto metadata available for Red Hat Enterprise Linux Fast Datapath 8 - x86_64
DEBUG Mar-04 03:27:09 load_ext: using cache file: /var/cache/dnf/rhosp-rhel-8.1-fdp-updateinfo.solvx
DEBUG Mar-04 03:27:09 deleting file /tmp/tmpdir.pY4RCN/repodata/repomd.xml
DEBUG Mar-04 03:27:09 deleting directory /tmp/tmpdir.pY4RCN/repodata
DEBUG Mar-04 03:27:09 deleting directory /tmp/tmpdir.pY4RCN
DEBUG Mar-04 03:27:09 using cached rhosp-rhel-8.1-image-build-override (0xd42dc4b621608b726502405145cfd384581a3b9f03064c3fbc97737d04990154)
DEBUG Mar-04 03:27:09 load_ext: using cache file: /var/cache/dnf/rhosp-rhel-8.1-image-build-override-filenames.solvx
DEBUG Mar-04 03:27:09 no presto metadata available for RHEL 8.1 Override
DEBUG Mar-04 03:27:09 no updateinfo available for RHEL 8.1 Override
DEBUG Mar-04 03:27:10 deleting file /tmp/tmpdir.uaR1Iz/repodata/repomd.xml
DEBUG Mar-04 03:27:10 deleting directory /tmp/tmpdir.uaR1Iz/repodata
DEBUG Mar-04 03:27:10 deleting directory /tmp/tmpdir.uaR1Iz
DEBUG Mar-04 03:27:10 using cached rhos-release (0x48af430e21c419eeb448e04946d9f12680a770d3d24bb27cef8400053e5af247)
DEBUG Mar-04 03:27:10 load_ext: using cache file: /var/cache/dnf/rhos-release-filenames.solvx
DEBUG Mar-04 03:27:10 no presto metadata available for RHOS Release
DEBUG Mar-04 03:27:10 no updateinfo available for RHOS Release
DEBUG Mar-04 03:27:10 deleting file /tmp/tmpdir.DhY8Nm/repodata/repomd.xml
DEBUG Mar-04 03:27:10 deleting directory /tmp/tmpdir.DhY8Nm/repodata
DEBUG Mar-04 03:27:10 deleting directory /tmp/tmpdir.DhY8Nm
DEBUG Mar-04 03:27:10 using cached rhos-release-extras (0xc0c3a11e7c6a78ae795b347cba6bfaa6de18b8d4658aa623561fd5d3c67d3035)
DEBUG Mar-04 03:27:10 load_ext: using cache file: /var/cache/dnf/rhos-release-extras-filenames.solvx
DEBUG Mar-04 03:27:10 no presto metadata available for RHOS Release Extras
DEBUG Mar-04 03:27:10 no updateinfo available for RHOS Release Extras
DEBUG Mar-04 03:27:10 Architecture is: x86_64
DEBUG Mar-04 03:27:10 running_kernel(): running kernel not matched to a package.
INFO Mar-04 03:27:13 === Started libdnf-0.35.1 ===
INFO Mar-04 03:29:57 === Started libdnf-0.35.1 ===
INFO Mar-04 03:29:58 === Started libdnf-0.35.1 ===
INFO Mar-04 03:30:04 === Started libdnf-0.35.1 ===
INFO Mar-04 03:30:10 === Started libdnf-0.35.1 ===
INFO Mar-04 03:30:10 === Started libdnf-0.35.1 ===
INFO Mar-04 03:30:11 === Started libdnf-0.35.1 ===
INFO Mar-04 03:30:48 === Started libdnf-0.35.1 ===
INFO Mar-04 03:30:48 === Started libdnf-0.35.1 ===
INFO Mar-04 03:51:36 === Started libdnf-0.35.1 ===
INFO Mar-04 03:51:39 === Started libdnf-0.35.1 ===
INFO Mar-04 03:51:39 === Started libdnf-0.35.1 ===
INFO Mar-04 03:51:47 === Started libdnf-0.35.1 ===
