2020-03-04 03:11:13.954 32402 WARNING paunch [  ] Did not find container with "['podman', 'ps', '-a', '--filter', 'label=container_name=keepalived', '--filter', 'label=config_id=tripleo_step1', '--format', '{{.Names}}']" - retrying without config_id
2020-03-04 03:11:14.028 32402 WARNING paunch [  ] Did not find container with "['podman', 'ps', '-a', '--filter', 'label=container_name=keepalived', '--format', '{{.Names}}']"
2020-03-04 03:11:14.713 32402 WARNING paunch [  ] Did not find container with "['podman', 'ps', '-a', '--filter', 'label=container_name=memcached', '--filter', 'label=config_id=tripleo_step1', '--format', '{{.Names}}']" - retrying without config_id
2020-03-04 03:11:14.789 32402 WARNING paunch [  ] Did not find container with "['podman', 'ps', '-a', '--filter', 'label=container_name=memcached', '--format', '{{.Names}}']"
2020-03-04 03:11:15.935 32402 WARNING paunch [  ] Did not find container with "['podman', 'ps', '-a', '--filter', 'label=container_name=mysql_init_logs', '--filter', 'label=config_id=tripleo_step1', '--format', '{{.Names}}']" - retrying without config_id
2020-03-04 03:11:16.011 32402 WARNING paunch [  ] Did not find container with "['podman', 'ps', '-a', '--filter', 'label=container_name=mysql_init_logs', '--format', '{{.Names}}']"
2020-03-04 03:11:16.592 32402 WARNING paunch [  ] Did not find container with "['podman', 'ps', '-a', '--filter', 'label=container_name=rabbitmq_init_logs', '--filter', 'label=config_id=tripleo_step1', '--format', '{{.Names}}']" - retrying without config_id
2020-03-04 03:11:16.674 32402 WARNING paunch [  ] Did not find container with "['podman', 'ps', '-a', '--filter', 'label=container_name=rabbitmq_init_logs', '--format', '{{.Names}}']"
2020-03-04 03:11:17.297 32402 WARNING paunch [  ] Did not find container with "['podman', 'ps', '-a', '--filter', 'label=container_name=haproxy', '--filter', 'label=config_id=tripleo_step1', '--format', '{{.Names}}']" - retrying without config_id
2020-03-04 03:11:17.369 32402 WARNING paunch [  ] Did not find container with "['podman', 'ps', '-a', '--filter', 'label=container_name=haproxy', '--format', '{{.Names}}']"
2020-03-04 03:11:18.235 32402 WARNING paunch [  ] Did not find container with "['podman', 'ps', '-a', '--filter', 'label=container_name=rabbitmq_bootstrap', '--filter', 'label=config_id=tripleo_step1', '--format', '{{.Names}}']" - retrying without config_id
2020-03-04 03:11:18.306 32402 WARNING paunch [  ] Did not find container with "['podman', 'ps', '-a', '--filter', 'label=container_name=rabbitmq_bootstrap', '--format', '{{.Names}}']"
2020-03-04 03:11:19.069 32402 WARNING paunch [  ] Did not find container with "['podman', 'ps', '-a', '--filter', 'label=container_name=rabbitmq', '--filter', 'label=config_id=tripleo_step1', '--format', '{{.Names}}']" - retrying without config_id
2020-03-04 03:11:19.143 32402 WARNING paunch [  ] Did not find container with "['podman', 'ps', '-a', '--filter', 'label=container_name=rabbitmq', '--format', '{{.Names}}']"
2020-03-04 03:12:03.522 34474 WARNING paunch [  ] Did not find container with "['podman', 'ps', '-a', '--filter', 'label=container_name=glance_init_logs', '--filter', 'label=config_id=tripleo_step2', '--format', '{{.Names}}']" - retrying without config_id
2020-03-04 03:12:03.598 34474 WARNING paunch [  ] Did not find container with "['podman', 'ps', '-a', '--filter', 'label=container_name=glance_init_logs', '--format', '{{.Names}}']"
2020-03-04 03:12:04.230 34474 WARNING paunch [  ] Did not find container with "['podman', 'ps', '-a', '--filter', 'label=container_name=heat_init_log', '--filter', 'label=config_id=tripleo_step2', '--format', '{{.Names}}']" - retrying without config_id
2020-03-04 03:12:04.315 34474 WARNING paunch [  ] Did not find container with "['podman', 'ps', '-a', '--filter', 'label=container_name=heat_init_log', '--format', '{{.Names}}']"
2020-03-04 03:12:05.230 34474 WARNING paunch [  ] Did not find container with "['podman', 'ps', '-a', '--filter', 'label=container_name=ironic_init_logs', '--filter', 'label=config_id=tripleo_step2', '--format', '{{.Names}}']" - retrying without config_id
2020-03-04 03:12:05.308 34474 WARNING paunch [  ] Did not find container with "['podman', 'ps', '-a', '--filter', 'label=container_name=ironic_init_logs', '--format', '{{.Names}}']"
2020-03-04 03:12:05.941 34474 WARNING paunch [  ] Did not find container with "['podman', 'ps', '-a', '--filter', 'label=container_name=mistral_init_logs', '--filter', 'label=config_id=tripleo_step2', '--format', '{{.Names}}']" - retrying without config_id
2020-03-04 03:12:06.019 34474 WARNING paunch [  ] Did not find container with "['podman', 'ps', '-a', '--filter', 'label=container_name=mistral_init_logs', '--format', '{{.Names}}']"
2020-03-04 03:12:06.580 34474 WARNING paunch [  ] Did not find container with "['podman', 'ps', '-a', '--filter', 'label=container_name=neutron_init_logs', '--filter', 'label=config_id=tripleo_step2', '--format', '{{.Names}}']" - retrying without config_id
2020-03-04 03:12:06.658 34474 WARNING paunch [  ] Did not find container with "['podman', 'ps', '-a', '--filter', 'label=container_name=neutron_init_logs', '--format', '{{.Names}}']"
2020-03-04 03:12:07.212 34474 WARNING paunch [  ] Did not find container with "['podman', 'ps', '-a', '--filter', 'label=container_name=nova_api_init_logs', '--filter', 'label=config_id=tripleo_step2', '--format', '{{.Names}}']" - retrying without config_id
2020-03-04 03:12:07.292 34474 WARNING paunch [  ] Did not find container with "['podman', 'ps', '-a', '--filter', 'label=container_name=nova_api_init_logs', '--format', '{{.Names}}']"
2020-03-04 03:12:07.892 34474 WARNING paunch [  ] Did not find container with "['podman', 'ps', '-a', '--filter', 'label=container_name=nova_conductor_init_log', '--filter', 'label=config_id=tripleo_step2', '--format', '{{.Names}}']" - retrying without config_id
2020-03-04 03:12:07.969 34474 WARNING paunch [  ] Did not find container with "['podman', 'ps', '-a', '--filter', 'label=container_name=nova_conductor_init_log', '--format', '{{.Names}}']"
2020-03-04 03:12:08.529 34474 WARNING paunch [  ] Did not find container with "['podman', 'ps', '-a', '--filter', 'label=container_name=tempest_init_logs', '--filter', 'label=config_id=tripleo_step2', '--format', '{{.Names}}']" - retrying without config_id
2020-03-04 03:12:08.610 34474 WARNING paunch [  ] Did not find container with "['podman', 'ps', '-a', '--filter', 'label=container_name=tempest_init_logs', '--format', '{{.Names}}']"
2020-03-04 03:12:09.224 34474 WARNING paunch [  ] Did not find container with "['podman', 'ps', '-a', '--filter', 'label=container_name=zaqar_init_log', '--filter', 'label=config_id=tripleo_step2', '--format', '{{.Names}}']" - retrying without config_id
2020-03-04 03:12:09.301 34474 WARNING paunch [  ] Did not find container with "['podman', 'ps', '-a', '--filter', 'label=container_name=zaqar_init_log', '--format', '{{.Names}}']"
2020-03-04 03:12:09.847 34474 WARNING paunch [  ] Did not find container with "['podman', 'ps', '-a', '--filter', 'label=container_name=create_dnsmasq_wrapper', '--filter', 'label=config_id=tripleo_step2', '--format', '{{.Names}}']" - retrying without config_id
2020-03-04 03:12:09.930 34474 WARNING paunch [  ] Did not find container with "['podman', 'ps', '-a', '--filter', 'label=container_name=create_dnsmasq_wrapper', '--format', '{{.Names}}']"
2020-03-04 03:12:26.403 34474 WARNING paunch [  ] Did not find container with "['podman', 'ps', '-a', '--filter', 'label=container_name=create_keepalived_wrapper', '--filter', 'label=config_id=tripleo_step2', '--format', '{{.Names}}']" - retrying without config_id
2020-03-04 03:12:26.497 34474 WARNING paunch [  ] Did not find container with "['podman', 'ps', '-a', '--filter', 'label=container_name=create_keepalived_wrapper', '--format', '{{.Names}}']"
2020-03-04 03:12:42.849 34474 WARNING paunch [  ] Did not find container with "['podman', 'ps', '-a', '--filter', 'label=container_name=keystone_init_log', '--filter', 'label=config_id=tripleo_step2', '--format', '{{.Names}}']" - retrying without config_id
2020-03-04 03:12:42.931 34474 WARNING paunch [  ] Did not find container with "['podman', 'ps', '-a', '--filter', 'label=container_name=keystone_init_log', '--format', '{{.Names}}']"
2020-03-04 03:12:43.505 34474 WARNING paunch [  ] Did not find container with "['podman', 'ps', '-a', '--filter', 'label=container_name=mysql_bootstrap', '--filter', 'label=config_id=tripleo_step2', '--format', '{{.Names}}']" - retrying without config_id
2020-03-04 03:12:43.586 34474 WARNING paunch [  ] Did not find container with "['podman', 'ps', '-a', '--filter', 'label=container_name=mysql_bootstrap', '--format', '{{.Names}}']"
2020-03-04 03:12:51.438 34474 WARNING paunch [  ] Did not find container with "['podman', 'ps', '-a', '--filter', 'label=container_name=placement_init_log', '--filter', 'label=config_id=tripleo_step2', '--format', '{{.Names}}']" - retrying without config_id
2020-03-04 03:12:51.522 34474 WARNING paunch [  ] Did not find container with "['podman', 'ps', '-a', '--filter', 'label=container_name=placement_init_log', '--format', '{{.Names}}']"
2020-03-04 03:12:52.105 34474 WARNING paunch [  ] Did not find container with "['podman', 'ps', '-a', '--filter', 'label=container_name=mysql', '--filter', 'label=config_id=tripleo_step2', '--format', '{{.Names}}']" - retrying without config_id
2020-03-04 03:12:52.190 34474 WARNING paunch [  ] Did not find container with "['podman', 'ps', '-a', '--filter', 'label=container_name=mysql', '--format', '{{.Names}}']"
2020-03-04 03:13:56.922 39463 WARNING paunch [  ] Did not find container with "['podman', 'ps', '-a', '--filter', 'label=container_name=glance_api_db_sync', '--filter', 'label=config_id=tripleo_step3', '--format', '{{.Names}}']" - retrying without config_id
2020-03-04 03:13:57.003 39463 WARNING paunch [  ] Did not find container with "['podman', 'ps', '-a', '--filter', 'label=container_name=glance_api_db_sync', '--format', '{{.Names}}']"
2020-03-04 03:14:02.994 39463 WARNING paunch [  ] Did not find container with "['podman', 'ps', '-a', '--filter', 'label=container_name=heat_engine_db_sync', '--filter', 'label=config_id=tripleo_step3', '--format', '{{.Names}}']" - retrying without config_id
2020-03-04 03:14:03.096 39463 WARNING paunch [  ] Did not find container with "['podman', 'ps', '-a', '--filter', 'label=container_name=heat_engine_db_sync', '--format', '{{.Names}}']"
2020-03-04 03:14:06.372 39463 WARNING paunch [  ] Did not find container with "['podman', 'ps', '-a', '--filter', 'label=container_name=ironic_inspector_init_log', '--filter', 'label=config_id=tripleo_step3', '--format', '{{.Names}}']" - retrying without config_id
2020-03-04 03:14:06.456 39463 WARNING paunch [  ] Did not find container with "['podman', 'ps', '-a', '--filter', 'label=container_name=ironic_inspector_init_log', '--format', '{{.Names}}']"
2020-03-04 03:14:06.995 39463 WARNING paunch [  ] Did not find container with "['podman', 'ps', '-a', '--filter', 'label=container_name=keystone_db_sync', '--filter', 'label=config_id=tripleo_step3', '--format', '{{.Names}}']" - retrying without config_id
2020-03-04 03:14:07.084 39463 WARNING paunch [  ] Did not find container with "['podman', 'ps', '-a', '--filter', 'label=container_name=keystone_db_sync', '--format', '{{.Names}}']"
2020-03-04 03:14:12.760 39463 WARNING paunch [  ] Did not find container with "['podman', 'ps', '-a', '--filter', 'label=container_name=mistral_db_sync', '--filter', 'label=config_id=tripleo_step3', '--format', '{{.Names}}']" - retrying without config_id
2020-03-04 03:14:12.838 39463 WARNING paunch [  ] Did not find container with "['podman', 'ps', '-a', '--filter', 'label=container_name=mistral_db_sync', '--format', '{{.Names}}']"
2020-03-04 03:14:16.670 39463 WARNING paunch [  ] Did not find container with "['podman', 'ps', '-a', '--filter', 'label=container_name=neutron_db_sync', '--filter', 'label=config_id=tripleo_step3', '--format', '{{.Names}}']" - retrying without config_id
2020-03-04 03:14:16.750 39463 WARNING paunch [  ] Did not find container with "['podman', 'ps', '-a', '--filter', 'label=container_name=neutron_db_sync', '--format', '{{.Names}}']"
2020-03-04 03:14:23.927 39463 WARNING paunch [  ] Did not find container with "['podman', 'ps', '-a', '--filter', 'label=container_name=neutron_ovs_bridge', '--filter', 'label=config_id=tripleo_step3', '--format', '{{.Names}}']" - retrying without config_id
2020-03-04 03:14:24.015 39463 WARNING paunch [  ] Did not find container with "['podman', 'ps', '-a', '--filter', 'label=container_name=neutron_ovs_bridge', '--format', '{{.Names}}']"
2020-03-04 03:14:39.033 39463 WARNING paunch [  ] Did not find container with "['podman', 'ps', '-a', '--filter', 'label=container_name=nova_api_db_sync', '--filter', 'label=config_id=tripleo_step3', '--format', '{{.Names}}']" - retrying without config_id
2020-03-04 03:14:39.118 39463 WARNING paunch [  ] Did not find container with "['podman', 'ps', '-a', '--filter', 'label=container_name=nova_api_db_sync', '--format', '{{.Names}}']"
2020-03-04 03:14:44.268 39463 WARNING paunch [  ] Did not find container with "['podman', 'ps', '-a', '--filter', 'label=container_name=nova_statedir_owner', '--filter', 'label=config_id=tripleo_step3', '--format', '{{.Names}}']" - retrying without config_id
2020-03-04 03:14:44.357 39463 WARNING paunch [  ] Did not find container with "['podman', 'ps', '-a', '--filter', 'label=container_name=nova_statedir_owner', '--format', '{{.Names}}']"
2020-03-04 03:14:45.025 39463 WARNING paunch [  ] Did not find container with "['podman', 'ps', '-a', '--filter', 'label=container_name=placement_api_db_extract_data_from_nova_api', '--filter', 'label=config_id=tripleo_step3', '--format', '{{.Names}}']" - retrying without config_id
2020-03-04 03:14:45.107 39463 WARNING paunch [  ] Did not find container with "['podman', 'ps', '-a', '--filter', 'label=container_name=placement_api_db_extract_data_from_nova_api', '--format', '{{.Names}}']"
2020-03-04 03:14:48.123 39463 WARNING paunch [  ] Did not find container with "['podman', 'ps', '-a', '--filter', 'label=container_name=swift_copy_rings', '--filter', 'label=config_id=tripleo_step3', '--format', '{{.Names}}']" - retrying without config_id
2020-03-04 03:14:48.210 39463 WARNING paunch [  ] Did not find container with "['podman', 'ps', '-a', '--filter', 'label=container_name=swift_copy_rings', '--format', '{{.Names}}']"
2020-03-04 03:14:48.917 39463 WARNING paunch [  ] Did not find container with "['podman', 'ps', '-a', '--filter', 'label=container_name=swift_rsync_fix', '--filter', 'label=config_id=tripleo_step3', '--format', '{{.Names}}']" - retrying without config_id
2020-03-04 03:14:49.002 39463 WARNING paunch [  ] Did not find container with "['podman', 'ps', '-a', '--filter', 'label=container_name=swift_rsync_fix', '--format', '{{.Names}}']"
2020-03-04 03:14:49.665 39463 WARNING paunch [  ] Did not find container with "['podman', 'ps', '-a', '--filter', 'label=container_name=swift_setup_srv', '--filter', 'label=config_id=tripleo_step3', '--format', '{{.Names}}']" - retrying without config_id
2020-03-04 03:14:49.752 39463 WARNING paunch [  ] Did not find container with "['podman', 'ps', '-a', '--filter', 'label=container_name=swift_setup_srv', '--format', '{{.Names}}']"
2020-03-04 03:14:50.355 39463 WARNING paunch [  ] Did not find container with "['podman', 'ps', '-a', '--filter', 'label=container_name=zaqar_db_sync', '--filter', 'label=config_id=tripleo_step3', '--format', '{{.Names}}']" - retrying without config_id
2020-03-04 03:14:50.447 39463 WARNING paunch [  ] Did not find container with "['podman', 'ps', '-a', '--filter', 'label=container_name=zaqar_db_sync', '--format', '{{.Names}}']"
2020-03-04 03:14:52.563 39463 WARNING paunch [  ] Did not find container with "['podman', 'ps', '-a', '--filter', 'label=container_name=ironic_db_sync', '--filter', 'label=config_id=tripleo_step3', '--format', '{{.Names}}']" - retrying without config_id
2020-03-04 03:14:52.653 39463 WARNING paunch [  ] Did not find container with "['podman', 'ps', '-a', '--filter', 'label=container_name=ironic_db_sync', '--format', '{{.Names}}']"
2020-03-04 03:14:55.517 39463 WARNING paunch [  ] Did not find container with "['podman', 'ps', '-a', '--filter', 'label=container_name=ironic_inspector_init_dnsmasq_dhcp_hostsdir', '--filter', 'label=config_id=tripleo_step3', '--format', '{{.Names}}']" - retrying without config_id
2020-03-04 03:14:55.605 39463 WARNING paunch [  ] Did not find container with "['podman', 'ps', '-a', '--filter', 'label=container_name=ironic_inspector_init_dnsmasq_dhcp_hostsdir', '--format', '{{.Names}}']"
2020-03-04 03:14:56.256 39463 WARNING paunch [  ] Did not find container with "['podman', 'ps', '-a', '--filter', 'label=container_name=mysql', '--filter', 'label=config_id=tripleo_step3', '--format', '{{.Names}}']" - retrying without config_id
2020-03-04 03:14:56.870 39463 WARNING paunch [  ] Did not find container with "['podman', 'ps', '-a', '--filter', 'label=container_name=nova_api_map_cell0', '--filter', 'label=config_id=tripleo_step3', '--format', '{{.Names}}']" - retrying without config_id
2020-03-04 03:14:56.963 39463 WARNING paunch [  ] Did not find container with "['podman', 'ps', '-a', '--filter', 'label=container_name=nova_api_map_cell0', '--format', '{{.Names}}']"
2020-03-04 03:15:00.789 39463 WARNING paunch [  ] Did not find container with "['podman', 'ps', '-a', '--filter', 'label=container_name=placement_api_db_sync', '--filter', 'label=config_id=tripleo_step3', '--format', '{{.Names}}']" - retrying without config_id
2020-03-04 03:15:00.878 39463 WARNING paunch [  ] Did not find container with "['podman', 'ps', '-a', '--filter', 'label=container_name=placement_api_db_sync', '--format', '{{.Names}}']"
2020-03-04 03:15:03.010 39463 WARNING paunch [  ] Did not find container with "['podman', 'ps', '-a', '--filter', 'label=container_name=ironic_inspector_db_sync', '--filter', 'label=config_id=tripleo_step3', '--format', '{{.Names}}']" - retrying without config_id
2020-03-04 03:15:03.100 39463 WARNING paunch [  ] Did not find container with "['podman', 'ps', '-a', '--filter', 'label=container_name=ironic_inspector_db_sync', '--format', '{{.Names}}']"
2020-03-04 03:15:04.954 39463 WARNING paunch [  ] Did not find container with "['podman', 'ps', '-a', '--filter', 'label=container_name=ironic_inspector_get_ipa', '--filter', 'label=config_id=tripleo_step3', '--format', '{{.Names}}']" - retrying without config_id
2020-03-04 03:15:05.039 39463 WARNING paunch [  ] Did not find container with "['podman', 'ps', '-a', '--filter', 'label=container_name=ironic_inspector_get_ipa', '--format', '{{.Names}}']"
2020-03-04 03:15:05.690 39463 WARNING paunch [  ] Did not find container with "['podman', 'ps', '-a', '--filter', 'label=container_name=iscsid', '--filter', 'label=config_id=tripleo_step3', '--format', '{{.Names}}']" - retrying without config_id
2020-03-04 03:15:05.777 39463 WARNING paunch [  ] Did not find container with "['podman', 'ps', '-a', '--filter', 'label=container_name=iscsid', '--format', '{{.Names}}']"
2020-03-04 03:15:06.758 39463 WARNING paunch [  ] Did not find container with "['podman', 'ps', '-a', '--filter', 'label=container_name=keystone', '--filter', 'label=config_id=tripleo_step3', '--format', '{{.Names}}']" - retrying without config_id
2020-03-04 03:15:06.847 39463 WARNING paunch [  ] Did not find container with "['podman', 'ps', '-a', '--filter', 'label=container_name=keystone', '--format', '{{.Names}}']"
2020-03-04 03:15:08.139 39463 WARNING paunch [  ] Did not find container with "['podman', 'ps', '-a', '--filter', 'label=container_name=nova_api_ensure_default_cell', '--filter', 'label=config_id=tripleo_step3', '--format', '{{.Names}}']" - retrying without config_id
2020-03-04 03:15:08.232 39463 WARNING paunch [  ] Did not find container with "['podman', 'ps', '-a', '--filter', 'label=container_name=nova_api_ensure_default_cell', '--format', '{{.Names}}']"
2020-03-04 03:15:19.268 39463 WARNING paunch [  ] Did not find container with "['podman', 'ps', '-a', '--filter', 'label=container_name=nova_db_sync', '--filter', 'label=config_id=tripleo_step3', '--format', '{{.Names}}']" - retrying without config_id
2020-03-04 03:15:19.360 39463 WARNING paunch [  ] Did not find container with "['podman', 'ps', '-a', '--filter', 'label=container_name=nova_db_sync', '--format', '{{.Names}}']"
2020-03-04 03:20:00.379 47437 WARNING paunch [  ] Did not find container with "['podman', 'ps', '-a', '--filter', 'label=container_name=heat_api', '--filter', 'label=config_id=tripleo_step4', '--format', '{{.Names}}']" - retrying without config_id
2020-03-04 03:20:00.473 47437 WARNING paunch [  ] Did not find container with "['podman', 'ps', '-a', '--filter', 'label=container_name=heat_api', '--format', '{{.Names}}']"
2020-03-04 03:20:01.763 47437 WARNING paunch [  ] Did not find container with "['podman', 'ps', '-a', '--filter', 'label=container_name=heat_api_cron', '--filter', 'label=config_id=tripleo_step4', '--format', '{{.Names}}']" - retrying without config_id
2020-03-04 03:20:01.857 47437 WARNING paunch [  ] Did not find container with "['podman', 'ps', '-a', '--filter', 'label=container_name=heat_api_cron', '--format', '{{.Names}}']"
2020-03-04 03:20:03.184 47437 WARNING paunch [  ] Did not find container with "['podman', 'ps', '-a', '--filter', 'label=container_name=heat_engine', '--filter', 'label=config_id=tripleo_step4', '--format', '{{.Names}}']" - retrying without config_id
2020-03-04 03:20:03.275 47437 WARNING paunch [  ] Did not find container with "['podman', 'ps', '-a', '--filter', 'label=container_name=heat_engine', '--format', '{{.Names}}']"
2020-03-04 03:20:04.598 47437 WARNING paunch [  ] Did not find container with "['podman', 'ps', '-a', '--filter', 'label=container_name=logrotate_crond', '--filter', 'label=config_id=tripleo_step4', '--format', '{{.Names}}']" - retrying without config_id
2020-03-04 03:20:04.683 47437 WARNING paunch [  ] Did not find container with "['podman', 'ps', '-a', '--filter', 'label=container_name=logrotate_crond', '--format', '{{.Names}}']"
2020-03-04 03:20:05.783 47437 WARNING paunch [  ] Did not find container with "['podman', 'ps', '-a', '--filter', 'label=container_name=mistral_engine', '--filter', 'label=config_id=tripleo_step4', '--format', '{{.Names}}']" - retrying without config_id
2020-03-04 03:20:05.868 47437 WARNING paunch [  ] Did not find container with "['podman', 'ps', '-a', '--filter', 'label=container_name=mistral_engine', '--format', '{{.Names}}']"
2020-03-04 03:20:07.277 47437 WARNING paunch [  ] Did not find container with "['podman', 'ps', '-a', '--filter', 'label=container_name=mistral_event_engine', '--filter', 'label=config_id=tripleo_step4', '--format', '{{.Names}}']" - retrying without config_id
2020-03-04 03:20:07.370 47437 WARNING paunch [  ] Did not find container with "['podman', 'ps', '-a', '--filter', 'label=container_name=mistral_event_engine', '--format', '{{.Names}}']"
2020-03-04 03:20:08.725 47437 WARNING paunch [  ] Did not find container with "['podman', 'ps', '-a', '--filter', 'label=container_name=mistral_executor', '--filter', 'label=config_id=tripleo_step4', '--format', '{{.Names}}']" - retrying without config_id
2020-03-04 03:20:08.813 47437 WARNING paunch [  ] Did not find container with "['podman', 'ps', '-a', '--filter', 'label=container_name=mistral_executor', '--format', '{{.Names}}']"
2020-03-04 03:20:10.136 47437 WARNING paunch [  ] Did not find container with "['podman', 'ps', '-a', '--filter', 'label=container_name=neutron_api', '--filter', 'label=config_id=tripleo_step4', '--format', '{{.Names}}']" - retrying without config_id
2020-03-04 03:20:10.227 47437 WARNING paunch [  ] Did not find container with "['podman', 'ps', '-a', '--filter', 'label=container_name=neutron_api', '--format', '{{.Names}}']"
2020-03-04 03:20:11.643 47437 WARNING paunch [  ] Did not find container with "['podman', 'ps', '-a', '--filter', 'label=container_name=nova_conductor', '--filter', 'label=config_id=tripleo_step4', '--format', '{{.Names}}']" - retrying without config_id
2020-03-04 03:20:11.733 47437 WARNING paunch [  ] Did not find container with "['podman', 'ps', '-a', '--filter', 'label=container_name=nova_conductor', '--format', '{{.Names}}']"
2020-03-04 03:20:13.105 47437 WARNING paunch [  ] Did not find container with "['podman', 'ps', '-a', '--filter', 'label=container_name=nova_scheduler', '--filter', 'label=config_id=tripleo_step4', '--format', '{{.Names}}']" - retrying without config_id
2020-03-04 03:20:13.200 47437 WARNING paunch [  ] Did not find container with "['podman', 'ps', '-a', '--filter', 'label=container_name=nova_scheduler', '--format', '{{.Names}}']"
2020-03-04 03:20:14.617 47437 WARNING paunch [  ] Did not find container with "['podman', 'ps', '-a', '--filter', 'label=container_name=swift_account_reaper', '--filter', 'label=config_id=tripleo_step4', '--format', '{{.Names}}']" - retrying without config_id
2020-03-04 03:20:14.711 47437 WARNING paunch [  ] Did not find container with "['podman', 'ps', '-a', '--filter', 'label=container_name=swift_account_reaper', '--format', '{{.Names}}']"
2020-03-04 03:20:15.781 47437 WARNING paunch [  ] Did not find container with "['podman', 'ps', '-a', '--filter', 'label=container_name=swift_account_server', '--filter', 'label=config_id=tripleo_step4', '--format', '{{.Names}}']" - retrying without config_id
2020-03-04 03:20:15.874 47437 WARNING paunch [  ] Did not find container with "['podman', 'ps', '-a', '--filter', 'label=container_name=swift_account_server', '--format', '{{.Names}}']"
2020-03-04 03:20:17.376 47437 WARNING paunch [  ] Did not find container with "['podman', 'ps', '-a', '--filter', 'label=container_name=swift_container_server', '--filter', 'label=config_id=tripleo_step4', '--format', '{{.Names}}']" - retrying without config_id
2020-03-04 03:20:17.481 47437 WARNING paunch [  ] Did not find container with "['podman', 'ps', '-a', '--filter', 'label=container_name=swift_container_server', '--format', '{{.Names}}']"
2020-03-04 03:20:19.000 47437 WARNING paunch [  ] Did not find container with "['podman', 'ps', '-a', '--filter', 'label=container_name=swift_container_updater', '--filter', 'label=config_id=tripleo_step4', '--format', '{{.Names}}']" - retrying without config_id
2020-03-04 03:20:19.092 47437 WARNING paunch [  ] Did not find container with "['podman', 'ps', '-a', '--filter', 'label=container_name=swift_container_updater', '--format', '{{.Names}}']"
2020-03-04 03:20:20.056 47437 WARNING paunch [  ] Did not find container with "['podman', 'ps', '-a', '--filter', 'label=container_name=swift_object_expirer', '--filter', 'label=config_id=tripleo_step4', '--format', '{{.Names}}']" - retrying without config_id
2020-03-04 03:20:20.149 47437 WARNING paunch [  ] Did not find container with "['podman', 'ps', '-a', '--filter', 'label=container_name=swift_object_expirer', '--format', '{{.Names}}']"
2020-03-04 03:20:21.136 47437 WARNING paunch [  ] Did not find container with "['podman', 'ps', '-a', '--filter', 'label=container_name=swift_object_server', '--filter', 'label=config_id=tripleo_step4', '--format', '{{.Names}}']" - retrying without config_id
2020-03-04 03:20:21.232 47437 WARNING paunch [  ] Did not find container with "['podman', 'ps', '-a', '--filter', 'label=container_name=swift_object_server', '--format', '{{.Names}}']"
2020-03-04 03:20:22.701 47437 WARNING paunch [  ] Did not find container with "['podman', 'ps', '-a', '--filter', 'label=container_name=swift_object_updater', '--filter', 'label=config_id=tripleo_step4', '--format', '{{.Names}}']" - retrying without config_id
2020-03-04 03:20:22.803 47437 WARNING paunch [  ] Did not find container with "['podman', 'ps', '-a', '--filter', 'label=container_name=swift_object_updater', '--format', '{{.Names}}']"
2020-03-04 03:20:23.761 47437 WARNING paunch [  ] Did not find container with "['podman', 'ps', '-a', '--filter', 'label=container_name=swift_rsync', '--filter', 'label=config_id=tripleo_step4', '--format', '{{.Names}}']" - retrying without config_id
2020-03-04 03:20:23.858 47437 WARNING paunch [  ] Did not find container with "['podman', 'ps', '-a', '--filter', 'label=container_name=swift_rsync', '--format', '{{.Names}}']"
2020-03-04 03:20:25.177 47437 WARNING paunch [  ] Did not find container with "['podman', 'ps', '-a', '--filter', 'label=container_name=zaqar', '--filter', 'label=config_id=tripleo_step4', '--format', '{{.Names}}']" - retrying without config_id
2020-03-04 03:20:25.280 47437 WARNING paunch [  ] Did not find container with "['podman', 'ps', '-a', '--filter', 'label=container_name=zaqar', '--format', '{{.Names}}']"
2020-03-04 03:20:26.751 47437 WARNING paunch [  ] Did not find container with "['podman', 'ps', '-a', '--filter', 'label=container_name=zaqar_websocket', '--filter', 'label=config_id=tripleo_step4', '--format', '{{.Names}}']" - retrying without config_id
2020-03-04 03:20:26.851 47437 WARNING paunch [  ] Did not find container with "['podman', 'ps', '-a', '--filter', 'label=container_name=zaqar_websocket', '--format', '{{.Names}}']"
2020-03-04 03:20:28.391 47437 WARNING paunch [  ] Did not find container with "['podman', 'ps', '-a', '--filter', 'label=container_name=keystone', '--filter', 'label=config_id=tripleo_step4', '--format', '{{.Names}}']" - retrying without config_id
2020-03-04 03:20:29.057 47437 WARNING paunch [  ] Did not find container with "['podman', 'ps', '-a', '--filter', 'label=container_name=placement_api', '--filter', 'label=config_id=tripleo_step4', '--format', '{{.Names}}']" - retrying without config_id
2020-03-04 03:20:29.162 47437 WARNING paunch [  ] Did not find container with "['podman', 'ps', '-a', '--filter', 'label=container_name=placement_api', '--format', '{{.Names}}']"
2020-03-04 03:20:30.879 47437 WARNING paunch [  ] Did not find container with "['podman', 'ps', '-a', '--filter', 'label=container_name=glance_api', '--filter', 'label=config_id=tripleo_step4', '--format', '{{.Names}}']" - retrying without config_id
2020-03-04 03:20:30.973 47437 WARNING paunch [  ] Did not find container with "['podman', 'ps', '-a', '--filter', 'label=container_name=glance_api', '--format', '{{.Names}}']"
2020-03-04 03:20:32.550 47437 WARNING paunch [  ] Did not find container with "['podman', 'ps', '-a', '--filter', 'label=container_name=nova_api', '--filter', 'label=config_id=tripleo_step4', '--format', '{{.Names}}']" - retrying without config_id
2020-03-04 03:20:32.648 47437 WARNING paunch [  ] Did not find container with "['podman', 'ps', '-a', '--filter', 'label=container_name=nova_api', '--format', '{{.Names}}']"
2020-03-04 03:20:34.310 47437 WARNING paunch [  ] Did not find container with "['podman', 'ps', '-a', '--filter', 'label=container_name=placement_wait_for_service', '--filter', 'label=config_id=tripleo_step4', '--format', '{{.Names}}']" - retrying without config_id
2020-03-04 03:20:34.406 47437 WARNING paunch [  ] Did not find container with "['podman', 'ps', '-a', '--filter', 'label=container_name=placement_wait_for_service', '--format', '{{.Names}}']"
2020-03-04 03:20:39.719 47437 WARNING paunch [  ] Did not find container with "['podman', 'ps', '-a', '--filter', 'label=container_name=swift_proxy', '--filter', 'label=config_id=tripleo_step4', '--format', '{{.Names}}']" - retrying without config_id
2020-03-04 03:20:39.818 47437 WARNING paunch [  ] Did not find container with "['podman', 'ps', '-a', '--filter', 'label=container_name=swift_proxy', '--format', '{{.Names}}']"
2020-03-04 03:20:41.483 47437 WARNING paunch [  ] Did not find container with "['podman', 'ps', '-a', '--filter', 'label=container_name=nova_wait_for_api_service', '--filter', 'label=config_id=tripleo_step4', '--format', '{{.Names}}']" - retrying without config_id
2020-03-04 03:20:41.579 47437 WARNING paunch [  ] Did not find container with "['podman', 'ps', '-a', '--filter', 'label=container_name=nova_wait_for_api_service', '--format', '{{.Names}}']"
2020-03-04 03:20:53.922 47437 WARNING paunch [  ] Did not find container with "['podman', 'ps', '-a', '--filter', 'label=container_name=nova_api_cron', '--filter', 'label=config_id=tripleo_step4', '--format', '{{.Names}}']" - retrying without config_id
2020-03-04 03:20:54.021 47437 WARNING paunch [  ] Did not find container with "['podman', 'ps', '-a', '--filter', 'label=container_name=nova_api_cron', '--format', '{{.Names}}']"
2020-03-04 03:20:55.585 47437 WARNING paunch [  ] Did not find container with "['podman', 'ps', '-a', '--filter', 'label=container_name=ironic_api', '--filter', 'label=config_id=tripleo_step4', '--format', '{{.Names}}']" - retrying without config_id
2020-03-04 03:20:55.685 47437 WARNING paunch [  ] Did not find container with "['podman', 'ps', '-a', '--filter', 'label=container_name=ironic_api', '--format', '{{.Names}}']"
2020-03-04 03:20:57.424 47437 WARNING paunch [  ] Did not find container with "['podman', 'ps', '-a', '--filter', 'label=container_name=neutron_dhcp', '--filter', 'label=config_id=tripleo_step4', '--format', '{{.Names}}']" - retrying without config_id
2020-03-04 03:20:57.532 47437 WARNING paunch [  ] Did not find container with "['podman', 'ps', '-a', '--filter', 'label=container_name=neutron_dhcp', '--format', '{{.Names}}']"
2020-03-04 03:20:59.315 47437 WARNING paunch [  ] Did not find container with "['podman', 'ps', '-a', '--filter', 'label=container_name=neutron_l3_agent', '--filter', 'label=config_id=tripleo_step4', '--format', '{{.Names}}']" - retrying without config_id
2020-03-04 03:20:59.417 47437 WARNING paunch [  ] Did not find container with "['podman', 'ps', '-a', '--filter', 'label=container_name=neutron_l3_agent', '--format', '{{.Names}}']"
2020-03-04 03:21:01.178 47437 WARNING paunch [  ] Did not find container with "['podman', 'ps', '-a', '--filter', 'label=container_name=neutron_ovs_agent', '--filter', 'label=config_id=tripleo_step4', '--format', '{{.Names}}']" - retrying without config_id
2020-03-04 03:21:01.280 47437 WARNING paunch [  ] Did not find container with "['podman', 'ps', '-a', '--filter', 'label=container_name=neutron_ovs_agent', '--format', '{{.Names}}']"
2020-03-04 03:21:03.051 47437 WARNING paunch [  ] Did not find container with "['podman', 'ps', '-a', '--filter', 'label=container_name=mistral_api', '--filter', 'label=config_id=tripleo_step4', '--format', '{{.Names}}']" - retrying without config_id
2020-03-04 03:21:03.150 47437 WARNING paunch [  ] Did not find container with "['podman', 'ps', '-a', '--filter', 'label=container_name=mistral_api', '--format', '{{.Names}}']"
2020-03-04 03:21:04.952 47437 WARNING paunch [  ] Did not find container with "['podman', 'ps', '-a', '--filter', 'label=container_name=create_swift_temp_url_key', '--filter', 'label=config_id=tripleo_step4', '--format', '{{.Names}}']" - retrying without config_id
2020-03-04 03:21:05.061 47437 WARNING paunch [  ] Did not find container with "['podman', 'ps', '-a', '--filter', 'label=container_name=create_swift_temp_url_key', '--format', '{{.Names}}']"
2020-03-04 03:21:42.303 47437 WARNING paunch [  ] Did not find container with "['podman', 'ps', '-a', '--filter', 'label=container_name=ironic_conductor', '--filter', 'label=config_id=tripleo_step4', '--format', '{{.Names}}']" - retrying without config_id
2020-03-04 03:21:42.391 47437 WARNING paunch [  ] Did not find container with "['podman', 'ps', '-a', '--filter', 'label=container_name=ironic_conductor', '--format', '{{.Names}}']"
2020-03-04 03:21:43.861 47437 WARNING paunch [  ] Did not find container with "['podman', 'ps', '-a', '--filter', 'label=container_name=ironic_neutron_agent', '--filter', 'label=config_id=tripleo_step4', '--format', '{{.Names}}']" - retrying without config_id
2020-03-04 03:21:43.951 47437 WARNING paunch [  ] Did not find container with "['podman', 'ps', '-a', '--filter', 'label=container_name=ironic_neutron_agent', '--format', '{{.Names}}']"
2020-03-04 03:21:45.518 47437 WARNING paunch [  ] Did not find container with "['podman', 'ps', '-a', '--filter', 'label=container_name=ironic_pxe_tftp', '--filter', 'label=config_id=tripleo_step4', '--format', '{{.Names}}']" - retrying without config_id
2020-03-04 03:21:45.621 47437 WARNING paunch [  ] Did not find container with "['podman', 'ps', '-a', '--filter', 'label=container_name=ironic_pxe_tftp', '--format', '{{.Names}}']"
2020-03-04 03:21:47.380 47437 WARNING paunch [  ] Did not find container with "['podman', 'ps', '-a', '--filter', 'label=container_name=ironic_pxe_http', '--filter', 'label=config_id=tripleo_step4', '--format', '{{.Names}}']" - retrying without config_id
2020-03-04 03:21:47.479 47437 WARNING paunch [  ] Did not find container with "['podman', 'ps', '-a', '--filter', 'label=container_name=ironic_pxe_http', '--format', '{{.Names}}']"
2020-03-04 03:21:49.172 47437 WARNING paunch [  ] Did not find container with "['podman', 'ps', '-a', '--filter', 'label=container_name=ironic_inspector', '--filter', 'label=config_id=tripleo_step4', '--format', '{{.Names}}']" - retrying without config_id
2020-03-04 03:21:49.274 47437 WARNING paunch [  ] Did not find container with "['podman', 'ps', '-a', '--filter', 'label=container_name=ironic_inspector', '--format', '{{.Names}}']"
2020-03-04 03:21:50.758 47437 WARNING paunch [  ] Did not find container with "['podman', 'ps', '-a', '--filter', 'label=container_name=ironic_inspector_dnsmasq', '--filter', 'label=config_id=tripleo_step4', '--format', '{{.Names}}']" - retrying without config_id
2020-03-04 03:21:50.865 47437 WARNING paunch [  ] Did not find container with "['podman', 'ps', '-a', '--filter', 'label=container_name=ironic_inspector_dnsmasq', '--format', '{{.Names}}']"
2020-03-04 03:22:28.440 59703 WARNING paunch [  ] Did not find container with "['podman', 'ps', '-a', '--filter', 'label=container_name=mistral_db_populate', '--filter', 'label=config_id=tripleo_step5', '--format', '{{.Names}}']" - retrying without config_id
2020-03-04 03:22:28.549 59703 WARNING paunch [  ] Did not find container with "['podman', 'ps', '-a', '--filter', 'label=container_name=mistral_db_populate', '--format', '{{.Names}}']"
2020-03-04 03:22:38.909 59703 WARNING paunch [  ] Did not find container with "['podman', 'ps', '-a', '--filter', 'label=container_name=nova_compute', '--filter', 'label=config_id=tripleo_step5', '--format', '{{.Names}}']" - retrying without config_id
2020-03-04 03:22:39.013 59703 WARNING paunch [  ] Did not find container with "['podman', 'ps', '-a', '--filter', 'label=container_name=nova_compute', '--format', '{{.Names}}']"
2020-03-04 03:22:40.538 59703 WARNING paunch [  ] Did not find container with "['podman', 'ps', '-a', '--filter', 'label=container_name=nova_wait_for_compute_service', '--filter', 'label=config_id=tripleo_step5', '--format', '{{.Names}}']" - retrying without config_id
2020-03-04 03:22:40.645 59703 WARNING paunch [  ] Did not find container with "['podman', 'ps', '-a', '--filter', 'label=container_name=nova_wait_for_compute_service', '--format', '{{.Names}}']"
